-------------------------------------------------------------------------------
Test set: org.apache.catalina.valves.TestSSLValve
-------------------------------------------------------------------------------
Tests run: 19, Failures: 0, Errors: 19, Skipped: 0, Time elapsed: 0.004 sec <<< FAILURE!
testSslClientCertShorter(org.apache.catalina.valves.TestSSLValve)  Time elapsed: 0 sec  <<< ERROR!
java.lang.NoClassDefFoundError: Could not initialize class org.easymock.internal.ClassProxyFactory$2
	at org.easymock.internal.ClassProxyFactory.createEnhancer(ClassProxyFactory.java:235)
	at org.easymock.internal.ClassProxyFactory.createProxy(ClassProxyFactory.java:163)
	at org.easymock.internal.MocksControl.createMock(MocksControl.java:116)
	at org.easymock.internal.MocksControl.createMock(MocksControl.java:95)
	at org.easymock.EasyMock.mock(EasyMock.java:69)
	at org.easymock.EasyMock.createMock(EasyMock.java:311)
	at org.apache.catalina.valves.TestSSLValve$MockRequest.<init>(TestSSLValve.java:40)
	at org.apache.catalina.valves.TestSSLValve.<init>(TestSSLValve.java:95)
	at java.base/jdk.internal.reflect.DirectConstructorHandleAccessor.newInstance(DirectConstructorHandleAccessor.java:62)
	at java.base/java.lang.reflect.Constructor.newInstanceWithCaller(Constructor.java:502)
	at java.base/java.lang.reflect.Constructor.newInstance(Constructor.java:486)
	at org.junit.runners.BlockJUnit4ClassRunner.createTest(BlockJUnit4ClassRunner.java:217)
	at org.junit.runners.BlockJUnit4ClassRunner$1.runReflectiveCall(BlockJUnit4ClassRunner.java:266)
	at org.junit.internal.runners.model.ReflectiveCallable.run(ReflectiveCallable.java:12)
	at org.junit.runners.BlockJUnit4ClassRunner.methodBlock(BlockJUnit4ClassRunner.java:263)
	at org.junit.runners.BlockJUnit4ClassRunner.runChild(BlockJUnit4ClassRunner.java:78)
	at org.junit.runners.BlockJUnit4ClassRunner.runChild(BlockJUnit4ClassRunner.java:57)
	at org.junit.runners.ParentRunner$3.run(ParentRunner.java:290)
	at org.junit.runners.ParentRunner$1.schedule(ParentRunner.java:71)
	at org.junit.runners.ParentRunner.runChildren(ParentRunner.java:288)
	at org.junit.runners.ParentRunner.access$000(ParentRunner.java:58)
	at org.junit.runners.ParentRunner$2.evaluate(ParentRunner.java:268)
	at org.junit.runners.ParentRunner.run(ParentRunner.java:363)
	at org.apache.maven.surefire.junit4.JUnit4Provider.execute(JUnit4Provider.java:252)
	at org.apache.maven.surefire.junit4.JUnit4Provider.executeTestSet(JUnit4Provider.java:141)
	at org.apache.maven.surefire.junit4.JUnit4Provider.invoke(JUnit4Provider.java:112)
	at java.base/jdk.internal.reflect.DirectMethodHandleAccessor.invoke(DirectMethodHandleAccessor.java:103)
	at java.base/java.lang.reflect.Method.invoke(Method.java:580)
	at org.apache.maven.surefire.util.ReflectionUtils.invokeMethodWithArray(ReflectionUtils.java:189)
	at org.apache.maven.surefire.booter.ProviderFactory$ProviderProxy.invoke(ProviderFactory.java:165)
	at org.apache.maven.surefire.booter.ProviderFactory.invokeProvider(ProviderFactory.java:85)
	at org.apache.maven.surefire.booter.ForkedBooter.runSuitesInProcess(ForkedBooter.java:115)
	at org.apache.maven.surefire.booter.ForkedBooter.main(ForkedBooter.java:75)
Caused by: java.lang.ExceptionInInitializerError: Exception java.lang.ExceptionInInitializerError [in thread "main"]
	at org.easymock.internal.ClassProxyFactory.createEnhancer(ClassProxyFactory.java:235)
	at org.easymock.internal.ClassProxyFactory.createProxy(ClassProxyFactory.java:163)
	at org.easymock.internal.MocksControl.createMock(MocksControl.java:116)
	at org.easymock.internal.MocksControl.createMock(MocksControl.java:95)
	at org.easymock.EasyMock.mock(EasyMock.java:69)
	at org.easymock.EasyMock.createMock(EasyMock.java:311)
	at org.apache.catalina.valves.TestCrawlerSessionManagerValve.createRequestExpectations(TestCrawlerSessionManagerValve.java:185)
	at org.apache.catalina.valves.TestCrawlerSessionManagerValve.createRequestExpectations(TestCrawlerSessionManagerValve.java:180)
	at org.apache.catalina.valves.TestCrawlerSessionManagerValve.testCrawlerIpsPositive(TestCrawlerSessionManagerValve.java:62)
	at java.base/jdk.internal.reflect.DirectMethodHandleAccessor.invoke(DirectMethodHandleAccessor.java:103)
	at java.base/java.lang.reflect.Method.invoke(Method.java:580)
	at org.junit.runners.model.FrameworkMethod$1.runReflectiveCall(FrameworkMethod.java:50)
	at org.junit.internal.runners.model.ReflectiveCallable.run(ReflectiveCallable.java:12)
	at org.junit.runners.model.FrameworkMethod.invokeExplosively(FrameworkMethod.java:47)
	at org.junit.internal.runners.statements.InvokeMethod.evaluate(InvokeMethod.java:17)
	at org.junit.runners.ParentRunner.runLeaf(ParentRunner.java:325)
	... 18 more

testSslClientCertNull(org.apache.catalina.valves.TestSSLValve)  Time elapsed: 0 sec  <<< ERROR!
java.lang.NoClassDefFoundError: Could not initialize class org.easymock.internal.ClassProxyFactory$2
	at org.easymock.internal.ClassProxyFactory.createEnhancer(ClassProxyFactory.java:235)
	at org.easymock.internal.ClassProxyFactory.createProxy(ClassProxyFactory.java:163)
	at org.easymock.internal.MocksControl.createMock(MocksControl.java:116)
	at org.easymock.internal.MocksControl.createMock(MocksControl.java:95)
	at org.easymock.EasyMock.mock(EasyMock.java:69)
	at org.easymock.EasyMock.createMock(EasyMock.java:311)
	at org.apache.catalina.valves.TestSSLValve$MockRequest.<init>(TestSSLValve.java:40)
	at org.apache.catalina.valves.TestSSLValve.<init>(TestSSLValve.java:95)
	at java.base/jdk.internal.reflect.DirectConstructorHandleAccessor.newInstance(DirectConstructorHandleAccessor.java:62)
	at java.base/java.lang.reflect.Constructor.newInstanceWithCaller(Constructor.java:502)
	at java.base/java.lang.reflect.Constructor.newInstance(Constructor.java:486)
	at org.junit.runners.BlockJUnit4ClassRunner.createTest(BlockJUnit4ClassRunner.java:217)
	at org.junit.runners.BlockJUnit4ClassRunner$1.runReflectiveCall(BlockJUnit4ClassRunner.java:266)
	at org.junit.internal.runners.model.ReflectiveCallable.run(ReflectiveCallable.java:12)
	at org.junit.runners.BlockJUnit4ClassRunner.methodBlock(BlockJUnit4ClassRunner.java:263)
	at org.junit.runners.BlockJUnit4ClassRunner.runChild(BlockJUnit4ClassRunner.java:78)
	at org.junit.runners.BlockJUnit4ClassRunner.runChild(BlockJUnit4ClassRunner.java:57)
	at org.junit.runners.ParentRunner$3.run(ParentRunner.java:290)
	at org.junit.runners.ParentRunner$1.schedule(ParentRunner.java:71)
	at org.junit.runners.ParentRunner.runChildren(ParentRunner.java:288)
	at org.junit.runners.ParentRunner.access$000(ParentRunner.java:58)
	at org.junit.runners.ParentRunner$2.evaluate(ParentRunner.java:268)
	at org.junit.runners.ParentRunner.run(ParentRunner.java:363)
	at org.apache.maven.surefire.junit4.JUnit4Provider.execute(JUnit4Provider.java:252)
	at org.apache.maven.surefire.junit4.JUnit4Provider.executeTestSet(JUnit4Provider.java:141)
	at org.apache.maven.surefire.junit4.JUnit4Provider.invoke(JUnit4Provider.java:112)
	at java.base/jdk.internal.reflect.DirectMethodHandleAccessor.invoke(DirectMethodHandleAccessor.java:103)
	at java.base/java.lang.reflect.Method.invoke(Method.java:580)
	at org.apache.maven.surefire.util.ReflectionUtils.invokeMethodWithArray(ReflectionUtils.java:189)
	at org.apache.maven.surefire.booter.ProviderFactory$ProviderProxy.invoke(ProviderFactory.java:165)
	at org.apache.maven.surefire.booter.ProviderFactory.invokeProvider(ProviderFactory.java:85)
	at org.apache.maven.surefire.booter.ForkedBooter.runSuitesInProcess(ForkedBooter.java:115)
	at org.apache.maven.surefire.booter.ForkedBooter.main(ForkedBooter.java:75)
Caused by: java.lang.ExceptionInInitializerError: Exception java.lang.ExceptionInInitializerError [in thread "main"]
	at org.easymock.internal.ClassProxyFactory.createEnhancer(ClassProxyFactory.java:235)
	at org.easymock.internal.ClassProxyFactory.createProxy(ClassProxyFactory.java:163)
	at org.easymock.internal.MocksControl.createMock(MocksControl.java:116)
	at org.easymock.internal.MocksControl.createMock(MocksControl.java:95)
	at org.easymock.EasyMock.mock(EasyMock.java:69)
	at org.easymock.EasyMock.createMock(EasyMock.java:311)
	at org.apache.catalina.valves.TestCrawlerSessionManagerValve.createRequestExpectations(TestCrawlerSessionManagerValve.java:185)
	at org.apache.catalina.valves.TestCrawlerSessionManagerValve.createRequestExpectations(TestCrawlerSessionManagerValve.java:180)
	at org.apache.catalina.valves.TestCrawlerSessionManagerValve.testCrawlerIpsPositive(TestCrawlerSessionManagerValve.java:62)
	at java.base/jdk.internal.reflect.DirectMethodHandleAccessor.invoke(DirectMethodHandleAccessor.java:103)
	at java.base/java.lang.reflect.Method.invoke(Method.java:580)
	at org.junit.runners.model.FrameworkMethod$1.runReflectiveCall(FrameworkMethod.java:50)
	at org.junit.internal.runners.model.ReflectiveCallable.run(ReflectiveCallable.java:12)
	at org.junit.runners.model.FrameworkMethod.invokeExplosively(FrameworkMethod.java:47)
	at org.junit.internal.runners.statements.InvokeMethod.evaluate(InvokeMethod.java:17)
	at org.junit.runners.ParentRunner.runLeaf(ParentRunner.java:325)
	... 18 more

testSslHeaderNullName(org.apache.catalina.valves.TestSSLValve)  Time elapsed: 0 sec  <<< ERROR!
java.lang.NoClassDefFoundError: Could not initialize class org.easymock.internal.ClassProxyFactory$2
	at org.easymock.internal.ClassProxyFactory.createEnhancer(ClassProxyFactory.java:235)
	at org.easymock.internal.ClassProxyFactory.createProxy(ClassProxyFactory.java:163)
	at org.easymock.internal.MocksControl.createMock(MocksControl.java:116)
	at org.easymock.internal.MocksControl.createMock(MocksControl.java:95)
	at org.easymock.EasyMock.mock(EasyMock.java:69)
	at org.easymock.EasyMock.createMock(EasyMock.java:311)
	at org.apache.catalina.valves.TestSSLValve$MockRequest.<init>(TestSSLValve.java:40)
	at org.apache.catalina.valves.TestSSLValve.<init>(TestSSLValve.java:95)
	at java.base/jdk.internal.reflect.DirectConstructorHandleAccessor.newInstance(DirectConstructorHandleAccessor.java:62)
	at java.base/java.lang.reflect.Constructor.newInstanceWithCaller(Constructor.java:502)
	at java.base/java.lang.reflect.Constructor.newInstance(Constructor.java:486)
	at org.junit.runners.BlockJUnit4ClassRunner.createTest(BlockJUnit4ClassRunner.java:217)
	at org.junit.runners.BlockJUnit4ClassRunner$1.runReflectiveCall(BlockJUnit4ClassRunner.java:266)
	at org.junit.internal.runners.model.ReflectiveCallable.run(ReflectiveCallable.java:12)
	at org.junit.runners.BlockJUnit4ClassRunner.methodBlock(BlockJUnit4ClassRunner.java:263)
	at org.junit.runners.BlockJUnit4ClassRunner.runChild(BlockJUnit4ClassRunner.java:78)
	at org.junit.runners.BlockJUnit4ClassRunner.runChild(BlockJUnit4ClassRunner.java:57)
	at org.junit.runners.ParentRunner$3.run(ParentRunner.java:290)
	at org.junit.runners.ParentRunner$1.schedule(ParentRunner.java:71)
	at org.junit.runners.ParentRunner.runChildren(ParentRunner.java:288)
	at org.junit.runners.ParentRunner.access$000(ParentRunner.java:58)
	at org.junit.runners.ParentRunner$2.evaluate(ParentRunner.java:268)
	at org.junit.runners.ParentRunner.run(ParentRunner.java:363)
	at org.apache.maven.surefire.junit4.JUnit4Provider.execute(JUnit4Provider.java:252)
	at org.apache.maven.surefire.junit4.JUnit4Provider.executeTestSet(JUnit4Provider.java:141)
	at org.apache.maven.surefire.junit4.JUnit4Provider.invoke(JUnit4Provider.java:112)
	at java.base/jdk.internal.reflect.DirectMethodHandleAccessor.invoke(DirectMethodHandleAccessor.java:103)
	at java.base/java.lang.reflect.Method.invoke(Method.java:580)
	at org.apache.maven.surefire.util.ReflectionUtils.invokeMethodWithArray(ReflectionUtils.java:189)
	at org.apache.maven.surefire.booter.ProviderFactory$ProviderProxy.invoke(ProviderFactory.java:165)
	at org.apache.maven.surefire.booter.ProviderFactory.invokeProvider(ProviderFactory.java:85)
	at org.apache.maven.surefire.booter.ForkedBooter.runSuitesInProcess(ForkedBooter.java:115)
	at org.apache.maven.surefire.booter.ForkedBooter.main(ForkedBooter.java:75)
Caused by: java.lang.ExceptionInInitializerError: Exception java.lang.ExceptionInInitializerError [in thread "main"]
	at org.easymock.internal.ClassProxyFactory.createEnhancer(ClassProxyFactory.java:235)
	at org.easymock.internal.ClassProxyFactory.createProxy(ClassProxyFactory.java:163)
	at org.easymock.internal.MocksControl.createMock(MocksControl.java:116)
	at org.easymock.internal.MocksControl.createMock(MocksControl.java:95)
	at org.easymock.EasyMock.mock(EasyMock.java:69)
	at org.easymock.EasyMock.createMock(EasyMock.java:311)
	at org.apache.catalina.valves.TestCrawlerSessionManagerValve.createRequestExpectations(TestCrawlerSessionManagerValve.java:185)
	at org.apache.catalina.valves.TestCrawlerSessionManagerValve.createRequestExpectations(TestCrawlerSessionManagerValve.java:180)
	at org.apache.catalina.valves.TestCrawlerSessionManagerValve.testCrawlerIpsPositive(TestCrawlerSessionManagerValve.java:62)
	at java.base/jdk.internal.reflect.DirectMethodHandleAccessor.invoke(DirectMethodHandleAccessor.java:103)
	at java.base/java.lang.reflect.Method.invoke(Method.java:580)
	at org.junit.runners.model.FrameworkMethod$1.runReflectiveCall(FrameworkMethod.java:50)
	at org.junit.internal.runners.model.ReflectiveCallable.run(ReflectiveCallable.java:12)
	at org.junit.runners.model.FrameworkMethod.invokeExplosively(FrameworkMethod.java:47)
	at org.junit.internal.runners.statements.InvokeMethod.evaluate(InvokeMethod.java:17)
	at org.junit.runners.ParentRunner.runLeaf(ParentRunner.java:325)
	... 18 more

testSslClientCertIgnoredBegin(org.apache.catalina.valves.TestSSLValve)  Time elapsed: 0 sec  <<< ERROR!
java.lang.NoClassDefFoundError: Could not initialize class org.easymock.internal.ClassProxyFactory$2
	at org.easymock.internal.ClassProxyFactory.createEnhancer(ClassProxyFactory.java:235)
	at org.easymock.internal.ClassProxyFactory.createProxy(ClassProxyFactory.java:163)
	at org.easymock.internal.MocksControl.createMock(MocksControl.java:116)
	at org.easymock.internal.MocksControl.createMock(MocksControl.java:95)
	at org.easymock.EasyMock.mock(EasyMock.java:69)
	at org.easymock.EasyMock.createMock(EasyMock.java:311)
	at org.apache.catalina.valves.TestSSLValve$MockRequest.<init>(TestSSLValve.java:40)
	at org.apache.catalina.valves.TestSSLValve.<init>(TestSSLValve.java:95)
	at java.base/jdk.internal.reflect.DirectConstructorHandleAccessor.newInstance(DirectConstructorHandleAccessor.java:62)
	at java.base/java.lang.reflect.Constructor.newInstanceWithCaller(Constructor.java:502)
	at java.base/java.lang.reflect.Constructor.newInstance(Constructor.java:486)
	at org.junit.runners.BlockJUnit4ClassRunner.createTest(BlockJUnit4ClassRunner.java:217)
	at org.junit.runners.BlockJUnit4ClassRunner$1.runReflectiveCall(BlockJUnit4ClassRunner.java:266)
	at org.junit.internal.runners.model.ReflectiveCallable.run(ReflectiveCallable.java:12)
	at org.junit.runners.BlockJUnit4ClassRunner.methodBlock(BlockJUnit4ClassRunner.java:263)
	at org.junit.runners.BlockJUnit4ClassRunner.runChild(BlockJUnit4ClassRunner.java:78)
	at org.junit.runners.BlockJUnit4ClassRunner.runChild(BlockJUnit4ClassRunner.java:57)
	at org.junit.runners.ParentRunner$3.run(ParentRunner.java:290)
	at org.junit.runners.ParentRunner$1.schedule(ParentRunner.java:71)
	at org.junit.runners.ParentRunner.runChildren(ParentRunner.java:288)
	at org.junit.runners.ParentRunner.access$000(ParentRunner.java:58)
	at org.junit.runners.ParentRunner$2.evaluate(ParentRunner.java:268)
	at org.junit.runners.ParentRunner.run(ParentRunner.java:363)
	at org.apache.maven.surefire.junit4.JUnit4Provider.execute(JUnit4Provider.java:252)
	at org.apache.maven.surefire.junit4.JUnit4Provider.executeTestSet(JUnit4Provider.java:141)
	at org.apache.maven.surefire.junit4.JUnit4Provider.invoke(JUnit4Provider.java:112)
	at java.base/jdk.internal.reflect.DirectMethodHandleAccessor.invoke(DirectMethodHandleAccessor.java:103)
	at java.base/java.lang.reflect.Method.invoke(Method.java:580)
	at org.apache.maven.surefire.util.ReflectionUtils.invokeMethodWithArray(ReflectionUtils.java:189)
	at org.apache.maven.surefire.booter.ProviderFactory$ProviderProxy.invoke(ProviderFactory.java:165)
	at org.apache.maven.surefire.booter.ProviderFactory.invokeProvider(ProviderFactory.java:85)
	at org.apache.maven.surefire.booter.ForkedBooter.runSuitesInProcess(ForkedBooter.java:115)
	at org.apache.maven.surefire.booter.ForkedBooter.main(ForkedBooter.java:75)
Caused by: java.lang.ExceptionInInitializerError: Exception java.lang.ExceptionInInitializerError [in thread "main"]
	at org.easymock.internal.ClassProxyFactory.createEnhancer(ClassProxyFactory.java:235)
	at org.easymock.internal.ClassProxyFactory.createProxy(ClassProxyFactory.java:163)
	at org.easymock.internal.MocksControl.createMock(MocksControl.java:116)
	at org.easymock.internal.MocksControl.createMock(MocksControl.java:95)
	at org.easymock.EasyMock.mock(EasyMock.java:69)
	at org.easymock.EasyMock.createMock(EasyMock.java:311)
	at org.apache.catalina.valves.TestCrawlerSessionManagerValve.createRequestExpectations(TestCrawlerSessionManagerValve.java:185)
	at org.apache.catalina.valves.TestCrawlerSessionManagerValve.createRequestExpectations(TestCrawlerSessionManagerValve.java:180)
	at org.apache.catalina.valves.TestCrawlerSessionManagerValve.testCrawlerIpsPositive(TestCrawlerSessionManagerValve.java:62)
	at java.base/jdk.internal.reflect.DirectMethodHandleAccessor.invoke(DirectMethodHandleAccessor.java:103)
	at java.base/java.lang.reflect.Method.invoke(Method.java:580)
	at org.junit.runners.model.FrameworkMethod$1.runReflectiveCall(FrameworkMethod.java:50)
	at org.junit.internal.runners.model.ReflectiveCallable.run(ReflectiveCallable.java:12)
	at org.junit.runners.model.FrameworkMethod.invokeExplosively(FrameworkMethod.java:47)
	at org.junit.internal.runners.statements.InvokeMethod.evaluate(InvokeMethod.java:17)
	at org.junit.runners.ParentRunner.runLeaf(ParentRunner.java:325)
	... 18 more

testSslHeaderMultiples(org.apache.catalina.valves.TestSSLValve)  Time elapsed: 0.001 sec  <<< ERROR!
java.lang.NoClassDefFoundError: Could not initialize class org.easymock.internal.ClassProxyFactory$2
	at org.easymock.internal.ClassProxyFactory.createEnhancer(ClassProxyFactory.java:235)
	at org.easymock.internal.ClassProxyFactory.createProxy(ClassProxyFactory.java:163)
	at org.easymock.internal.MocksControl.createMock(MocksControl.java:116)
	at org.easymock.internal.MocksControl.createMock(MocksControl.java:95)
	at org.easymock.EasyMock.mock(EasyMock.java:69)
	at org.easymock.EasyMock.createMock(EasyMock.java:311)
	at org.apache.catalina.valves.TestSSLValve$MockRequest.<init>(TestSSLValve.java:40)
	at org.apache.catalina.valves.TestSSLValve.<init>(TestSSLValve.java:95)
	at java.base/jdk.internal.reflect.DirectConstructorHandleAccessor.newInstance(DirectConstructorHandleAccessor.java:62)
	at java.base/java.lang.reflect.Constructor.newInstanceWithCaller(Constructor.java:502)
	at java.base/java.lang.reflect.Constructor.newInstance(Constructor.java:486)
	at org.junit.runners.BlockJUnit4ClassRunner.createTest(BlockJUnit4ClassRunner.java:217)
	at org.junit.runners.BlockJUnit4ClassRunner$1.runReflectiveCall(BlockJUnit4ClassRunner.java:266)
	at org.junit.internal.runners.model.ReflectiveCallable.run(ReflectiveCallable.java:12)
	at org.junit.runners.BlockJUnit4ClassRunner.methodBlock(BlockJUnit4ClassRunner.java:263)
	at org.junit.runners.BlockJUnit4ClassRunner.runChild(BlockJUnit4ClassRunner.java:78)
	at org.junit.runners.BlockJUnit4ClassRunner.runChild(BlockJUnit4ClassRunner.java:57)
	at org.junit.runners.ParentRunner$3.run(ParentRunner.java:290)
	at org.junit.runners.ParentRunner$1.schedule(ParentRunner.java:71)
	at org.junit.runners.ParentRunner.runChildren(ParentRunner.java:288)
	at org.junit.runners.ParentRunner.access$000(ParentRunner.java:58)
	at org.junit.runners.ParentRunner$2.evaluate(ParentRunner.java:268)
	at org.junit.runners.ParentRunner.run(ParentRunner.java:363)
	at org.apache.maven.surefire.junit4.JUnit4Provider.execute(JUnit4Provider.java:252)
	at org.apache.maven.surefire.junit4.JUnit4Provider.executeTestSet(JUnit4Provider.java:141)
	at org.apache.maven.surefire.junit4.JUnit4Provider.invoke(JUnit4Provider.java:112)
	at java.base/jdk.internal.reflect.DirectMethodHandleAccessor.invoke(DirectMethodHandleAccessor.java:103)
	at java.base/java.lang.reflect.Method.invoke(Method.java:580)
	at org.apache.maven.surefire.util.ReflectionUtils.invokeMethodWithArray(ReflectionUtils.java:189)
	at org.apache.maven.surefire.booter.ProviderFactory$ProviderProxy.invoke(ProviderFactory.java:165)
	at org.apache.maven.surefire.booter.ProviderFactory.invokeProvider(ProviderFactory.java:85)
	at org.apache.maven.surefire.booter.ForkedBooter.runSuitesInProcess(ForkedBooter.java:115)
	at org.apache.maven.surefire.booter.ForkedBooter.main(ForkedBooter.java:75)
Caused by: java.lang.ExceptionInInitializerError: Exception java.lang.ExceptionInInitializerError [in thread "main"]
	at org.easymock.internal.ClassProxyFactory.createEnhancer(ClassProxyFactory.java:235)
	at org.easymock.internal.ClassProxyFactory.createProxy(ClassProxyFactory.java:163)
	at org.easymock.internal.MocksControl.createMock(MocksControl.java:116)
	at org.easymock.internal.MocksControl.createMock(MocksControl.java:95)
	at org.easymock.EasyMock.mock(EasyMock.java:69)
	at org.easymock.EasyMock.createMock(EasyMock.java:311)
	at org.apache.catalina.valves.TestCrawlerSessionManagerValve.createRequestExpectations(TestCrawlerSessionManagerValve.java:185)
	at org.apache.catalina.valves.TestCrawlerSessionManagerValve.createRequestExpectations(TestCrawlerSessionManagerValve.java:180)
	at org.apache.catalina.valves.TestCrawlerSessionManagerValve.testCrawlerIpsPositive(TestCrawlerSessionManagerValve.java:62)
	at java.base/jdk.internal.reflect.DirectMethodHandleAccessor.invoke(DirectMethodHandleAccessor.java:103)
	at java.base/java.lang.reflect.Method.invoke(Method.java:580)
	at org.junit.runners.model.FrameworkMethod$1.runReflectiveCall(FrameworkMethod.java:50)
	at org.junit.internal.runners.model.ReflectiveCallable.run(ReflectiveCallable.java:12)
	at org.junit.runners.model.FrameworkMethod.invokeExplosively(FrameworkMethod.java:47)
	at org.junit.internal.runners.statements.InvokeMethod.evaluate(InvokeMethod.java:17)
	at org.junit.runners.ParentRunner.runLeaf(ParentRunner.java:325)
	... 18 more

testSslHeaderNullModHeader(org.apache.catalina.valves.TestSSLValve)  Time elapsed: 0 sec  <<< ERROR!
java.lang.NoClassDefFoundError: Could not initialize class org.easymock.internal.ClassProxyFactory$2
	at org.easymock.internal.ClassProxyFactory.createEnhancer(ClassProxyFactory.java:235)
	at org.easymock.internal.ClassProxyFactory.createProxy(ClassProxyFactory.java:163)
	at org.easymock.internal.MocksControl.createMock(MocksControl.java:116)
	at org.easymock.internal.MocksControl.createMock(MocksControl.java:95)
	at org.easymock.EasyMock.mock(EasyMock.java:69)
	at org.easymock.EasyMock.createMock(EasyMock.java:311)
	at org.apache.catalina.valves.TestSSLValve$MockRequest.<init>(TestSSLValve.java:40)
	at org.apache.catalina.valves.TestSSLValve.<init>(TestSSLValve.java:95)
	at java.base/jdk.internal.reflect.DirectConstructorHandleAccessor.newInstance(DirectConstructorHandleAccessor.java:62)
	at java.base/java.lang.reflect.Constructor.newInstanceWithCaller(Constructor.java:502)
	at java.base/java.lang.reflect.Constructor.newInstance(Constructor.java:486)
	at org.junit.runners.BlockJUnit4ClassRunner.createTest(BlockJUnit4ClassRunner.java:217)
	at org.junit.runners.BlockJUnit4ClassRunner$1.runReflectiveCall(BlockJUnit4ClassRunner.java:266)
	at org.junit.internal.runners.model.ReflectiveCallable.run(ReflectiveCallable.java:12)
	at org.junit.runners.BlockJUnit4ClassRunner.methodBlock(BlockJUnit4ClassRunner.java:263)
	at org.junit.runners.BlockJUnit4ClassRunner.runChild(BlockJUnit4ClassRunner.java:78)
	at org.junit.runners.BlockJUnit4ClassRunner.runChild(BlockJUnit4ClassRunner.java:57)
	at org.junit.runners.ParentRunner$3.run(ParentRunner.java:290)
	at org.junit.runners.ParentRunner$1.schedule(ParentRunner.java:71)
	at org.junit.runners.ParentRunner.runChildren(ParentRunner.java:288)
	at org.junit.runners.ParentRunner.access$000(ParentRunner.java:58)
	at org.junit.runners.ParentRunner$2.evaluate(ParentRunner.java:268)
	at org.junit.runners.ParentRunner.run(ParentRunner.java:363)
	at org.apache.maven.surefire.junit4.JUnit4Provider.execute(JUnit4Provider.java:252)
	at org.apache.maven.surefire.junit4.JUnit4Provider.executeTestSet(JUnit4Provider.java:141)
	at org.apache.maven.surefire.junit4.JUnit4Provider.invoke(JUnit4Provider.java:112)
	at java.base/jdk.internal.reflect.DirectMethodHandleAccessor.invoke(DirectMethodHandleAccessor.java:103)
	at java.base/java.lang.reflect.Method.invoke(Method.java:580)
	at org.apache.maven.surefire.util.ReflectionUtils.invokeMethodWithArray(ReflectionUtils.java:189)
	at org.apache.maven.surefire.booter.ProviderFactory$ProviderProxy.invoke(ProviderFactory.java:165)
	at org.apache.maven.surefire.booter.ProviderFactory.invokeProvider(ProviderFactory.java:85)
	at org.apache.maven.surefire.booter.ForkedBooter.runSuitesInProcess(ForkedBooter.java:115)
	at org.apache.maven.surefire.booter.ForkedBooter.main(ForkedBooter.java:75)
Caused by: java.lang.ExceptionInInitializerError: Exception java.lang.ExceptionInInitializerError [in thread "main"]
	at org.easymock.internal.ClassProxyFactory.createEnhancer(ClassProxyFactory.java:235)
	at org.easymock.internal.ClassProxyFactory.createProxy(ClassProxyFactory.java:163)
	at org.easymock.internal.MocksControl.createMock(MocksControl.java:116)
	at org.easymock.internal.MocksControl.createMock(MocksControl.java:95)
	at org.easymock.EasyMock.mock(EasyMock.java:69)
	at org.easymock.EasyMock.createMock(EasyMock.java:311)
	at org.apache.catalina.valves.TestCrawlerSessionManagerValve.createRequestExpectations(TestCrawlerSessionManagerValve.java:185)
	at org.apache.catalina.valves.TestCrawlerSessionManagerValve.createRequestExpectations(TestCrawlerSessionManagerValve.java:180)
	at org.apache.catalina.valves.TestCrawlerSessionManagerValve.testCrawlerIpsPositive(TestCrawlerSessionManagerValve.java:62)
	at java.base/jdk.internal.reflect.DirectMethodHandleAccessor.invoke(DirectMethodHandleAccessor.java:103)
	at java.base/java.lang.reflect.Method.invoke(Method.java:580)
	at org.junit.runners.model.FrameworkMethod$1.runReflectiveCall(FrameworkMethod.java:50)
	at org.junit.internal.runners.model.ReflectiveCallable.run(ReflectiveCallable.java:12)
	at org.junit.runners.model.FrameworkMethod.invokeExplosively(FrameworkMethod.java:47)
	at org.junit.internal.runners.statements.InvokeMethod.evaluate(InvokeMethod.java:17)
	at org.junit.runners.ParentRunner.runLeaf(ParentRunner.java:325)
	... 18 more

testSslHeaderNull(org.apache.catalina.valves.TestSSLValve)  Time elapsed: 0 sec  <<< ERROR!
java.lang.NoClassDefFoundError: Could not initialize class org.easymock.internal.ClassProxyFactory$2
	at org.easymock.internal.ClassProxyFactory.createEnhancer(ClassProxyFactory.java:235)
	at org.easymock.internal.ClassProxyFactory.createProxy(ClassProxyFactory.java:163)
	at org.easymock.internal.MocksControl.createMock(MocksControl.java:116)
	at org.easymock.internal.MocksControl.createMock(MocksControl.java:95)
	at org.easymock.EasyMock.mock(EasyMock.java:69)
	at org.easymock.EasyMock.createMock(EasyMock.java:311)
	at org.apache.catalina.valves.TestSSLValve$MockRequest.<init>(TestSSLValve.java:40)
	at org.apache.catalina.valves.TestSSLValve.<init>(TestSSLValve.java:95)
	at java.base/jdk.internal.reflect.DirectConstructorHandleAccessor.newInstance(DirectConstructorHandleAccessor.java:62)
	at java.base/java.lang.reflect.Constructor.newInstanceWithCaller(Constructor.java:502)
	at java.base/java.lang.reflect.Constructor.newInstance(Constructor.java:486)
	at org.junit.runners.BlockJUnit4ClassRunner.createTest(BlockJUnit4ClassRunner.java:217)
	at org.junit.runners.BlockJUnit4ClassRunner$1.runReflectiveCall(BlockJUnit4ClassRunner.java:266)
	at org.junit.internal.runners.model.ReflectiveCallable.run(ReflectiveCallable.java:12)
	at org.junit.runners.BlockJUnit4ClassRunner.methodBlock(BlockJUnit4ClassRunner.java:263)
	at org.junit.runners.BlockJUnit4ClassRunner.runChild(BlockJUnit4ClassRunner.java:78)
	at org.junit.runners.BlockJUnit4ClassRunner.runChild(BlockJUnit4ClassRunner.java:57)
	at org.junit.runners.ParentRunner$3.run(ParentRunner.java:290)
	at org.junit.runners.ParentRunner$1.schedule(ParentRunner.java:71)
	at org.junit.runners.ParentRunner.runChildren(ParentRunner.java:288)
	at org.junit.runners.ParentRunner.access$000(ParentRunner.java:58)
	at org.junit.runners.ParentRunner$2.evaluate(ParentRunner.java:268)
	at org.junit.runners.ParentRunner.run(ParentRunner.java:363)
	at org.apache.maven.surefire.junit4.JUnit4Provider.execute(JUnit4Provider.java:252)
	at org.apache.maven.surefire.junit4.JUnit4Provider.executeTestSet(JUnit4Provider.java:141)
	at org.apache.maven.surefire.junit4.JUnit4Provider.invoke(JUnit4Provider.java:112)
	at java.base/jdk.internal.reflect.DirectMethodHandleAccessor.invoke(DirectMethodHandleAccessor.java:103)
	at java.base/java.lang.reflect.Method.invoke(Method.java:580)
	at org.apache.maven.surefire.util.ReflectionUtils.invokeMethodWithArray(ReflectionUtils.java:189)
	at org.apache.maven.surefire.booter.ProviderFactory$ProviderProxy.invoke(ProviderFactory.java:165)
	at org.apache.maven.surefire.booter.ProviderFactory.invokeProvider(ProviderFactory.java:85)
	at org.apache.maven.surefire.booter.ForkedBooter.runSuitesInProcess(ForkedBooter.java:115)
	at org.apache.maven.surefire.booter.ForkedBooter.main(ForkedBooter.java:75)
Caused by: java.lang.ExceptionInInitializerError: Exception java.lang.ExceptionInInitializerError [in thread "main"]
	at org.easymock.internal.ClassProxyFactory.createEnhancer(ClassProxyFactory.java:235)
	at org.easymock.internal.ClassProxyFactory.createProxy(ClassProxyFactory.java:163)
	at org.easymock.internal.MocksControl.createMock(MocksControl.java:116)
	at org.easymock.internal.MocksControl.createMock(MocksControl.java:95)
	at org.easymock.EasyMock.mock(EasyMock.java:69)
	at org.easymock.EasyMock.createMock(EasyMock.java:311)
	at org.apache.catalina.valves.TestCrawlerSessionManagerValve.createRequestExpectations(TestCrawlerSessionManagerValve.java:185)
	at org.apache.catalina.valves.TestCrawlerSessionManagerValve.createRequestExpectations(TestCrawlerSessionManagerValve.java:180)
	at org.apache.catalina.valves.TestCrawlerSessionManagerValve.testCrawlerIpsPositive(TestCrawlerSessionManagerValve.java:62)
	at java.base/jdk.internal.reflect.DirectMethodHandleAccessor.invoke(DirectMethodHandleAccessor.java:103)
	at java.base/java.lang.reflect.Method.invoke(Method.java:580)
	at org.junit.runners.model.FrameworkMethod$1.runReflectiveCall(FrameworkMethod.java:50)
	at org.junit.internal.runners.model.ReflectiveCallable.run(ReflectiveCallable.java:12)
	at org.junit.runners.model.FrameworkMethod.invokeExplosively(FrameworkMethod.java:47)
	at org.junit.internal.runners.statements.InvokeMethod.evaluate(InvokeMethod.java:17)
	at org.junit.runners.ParentRunner.runLeaf(ParentRunner.java:325)
	... 18 more

testSslClientCertBadFormat(org.apache.catalina.valves.TestSSLValve)  Time elapsed: 0 sec  <<< ERROR!
java.lang.NoClassDefFoundError: Could not initialize class org.easymock.internal.ClassProxyFactory$2
	at org.easymock.internal.ClassProxyFactory.createEnhancer(ClassProxyFactory.java:235)
	at org.easymock.internal.ClassProxyFactory.createProxy(ClassProxyFactory.java:163)
	at org.easymock.internal.MocksControl.createMock(MocksControl.java:116)
	at org.easymock.internal.MocksControl.createMock(MocksControl.java:95)
	at org.easymock.EasyMock.mock(EasyMock.java:69)
	at org.easymock.EasyMock.createMock(EasyMock.java:311)
	at org.apache.catalina.valves.TestSSLValve$MockRequest.<init>(TestSSLValve.java:40)
	at org.apache.catalina.valves.TestSSLValve.<init>(TestSSLValve.java:95)
	at java.base/jdk.internal.reflect.DirectConstructorHandleAccessor.newInstance(DirectConstructorHandleAccessor.java:62)
	at java.base/java.lang.reflect.Constructor.newInstanceWithCaller(Constructor.java:502)
	at java.base/java.lang.reflect.Constructor.newInstance(Constructor.java:486)
	at org.junit.runners.BlockJUnit4ClassRunner.createTest(BlockJUnit4ClassRunner.java:217)
	at org.junit.runners.BlockJUnit4ClassRunner$1.runReflectiveCall(BlockJUnit4ClassRunner.java:266)
	at org.junit.internal.runners.model.ReflectiveCallable.run(ReflectiveCallable.java:12)
	at org.junit.runners.BlockJUnit4ClassRunner.methodBlock(BlockJUnit4ClassRunner.java:263)
	at org.junit.runners.BlockJUnit4ClassRunner.runChild(BlockJUnit4ClassRunner.java:78)
	at org.junit.runners.BlockJUnit4ClassRunner.runChild(BlockJUnit4ClassRunner.java:57)
	at org.junit.runners.ParentRunner$3.run(ParentRunner.java:290)
	at org.junit.runners.ParentRunner$1.schedule(ParentRunner.java:71)
	at org.junit.runners.ParentRunner.runChildren(ParentRunner.java:288)
	at org.junit.runners.ParentRunner.access$000(ParentRunner.java:58)
	at org.junit.runners.ParentRunner$2.evaluate(ParentRunner.java:268)
	at org.junit.runners.ParentRunner.run(ParentRunner.java:363)
	at org.apache.maven.surefire.junit4.JUnit4Provider.execute(JUnit4Provider.java:252)
	at org.apache.maven.surefire.junit4.JUnit4Provider.executeTestSet(JUnit4Provider.java:141)
	at org.apache.maven.surefire.junit4.JUnit4Provider.invoke(JUnit4Provider.java:112)
	at java.base/jdk.internal.reflect.DirectMethodHandleAccessor.invoke(DirectMethodHandleAccessor.java:103)
	at java.base/java.lang.reflect.Method.invoke(Method.java:580)
	at org.apache.maven.surefire.util.ReflectionUtils.invokeMethodWithArray(ReflectionUtils.java:189)
	at org.apache.maven.surefire.booter.ProviderFactory$ProviderProxy.invoke(ProviderFactory.java:165)
	at org.apache.maven.surefire.booter.ProviderFactory.invokeProvider(ProviderFactory.java:85)
	at org.apache.maven.surefire.booter.ForkedBooter.runSuitesInProcess(ForkedBooter.java:115)
	at org.apache.maven.surefire.booter.ForkedBooter.main(ForkedBooter.java:75)
Caused by: java.lang.ExceptionInInitializerError: Exception java.lang.ExceptionInInitializerError [in thread "main"]
	at org.easymock.internal.ClassProxyFactory.createEnhancer(ClassProxyFactory.java:235)
	at org.easymock.internal.ClassProxyFactory.createProxy(ClassProxyFactory.java:163)
	at org.easymock.internal.MocksControl.createMock(MocksControl.java:116)
	at org.easymock.internal.MocksControl.createMock(MocksControl.java:95)
	at org.easymock.EasyMock.mock(EasyMock.java:69)
	at org.easymock.EasyMock.createMock(EasyMock.java:311)
	at org.apache.catalina.valves.TestCrawlerSessionManagerValve.createRequestExpectations(TestCrawlerSessionManagerValve.java:185)
	at org.apache.catalina.valves.TestCrawlerSessionManagerValve.createRequestExpectations(TestCrawlerSessionManagerValve.java:180)
	at org.apache.catalina.valves.TestCrawlerSessionManagerValve.testCrawlerIpsPositive(TestCrawlerSessionManagerValve.java:62)
	at java.base/jdk.internal.reflect.DirectMethodHandleAccessor.invoke(DirectMethodHandleAccessor.java:103)
	at java.base/java.lang.reflect.Method.invoke(Method.java:580)
	at org.junit.runners.model.FrameworkMethod$1.runReflectiveCall(FrameworkMethod.java:50)
	at org.junit.internal.runners.model.ReflectiveCallable.run(ReflectiveCallable.java:12)
	at org.junit.runners.model.FrameworkMethod.invokeExplosively(FrameworkMethod.java:47)
	at org.junit.internal.runners.statements.InvokeMethod.evaluate(InvokeMethod.java:17)
	at org.junit.runners.ParentRunner.runLeaf(ParentRunner.java:325)
	... 18 more

testSslCipherUserKeySizeHeaderBadFormat(org.apache.catalina.valves.TestSSLValve)  Time elapsed: 0 sec  <<< ERROR!
java.lang.NoClassDefFoundError: Could not initialize class org.easymock.internal.ClassProxyFactory$2
	at org.easymock.internal.ClassProxyFactory.createEnhancer(ClassProxyFactory.java:235)
	at org.easymock.internal.ClassProxyFactory.createProxy(ClassProxyFactory.java:163)
	at org.easymock.internal.MocksControl.createMock(MocksControl.java:116)
	at org.easymock.internal.MocksControl.createMock(MocksControl.java:95)
	at org.easymock.EasyMock.mock(EasyMock.java:69)
	at org.easymock.EasyMock.createMock(EasyMock.java:311)
	at org.apache.catalina.valves.TestSSLValve$MockRequest.<init>(TestSSLValve.java:40)
	at org.apache.catalina.valves.TestSSLValve.<init>(TestSSLValve.java:95)
	at java.base/jdk.internal.reflect.DirectConstructorHandleAccessor.newInstance(DirectConstructorHandleAccessor.java:62)
	at java.base/java.lang.reflect.Constructor.newInstanceWithCaller(Constructor.java:502)
	at java.base/java.lang.reflect.Constructor.newInstance(Constructor.java:486)
	at org.junit.runners.BlockJUnit4ClassRunner.createTest(BlockJUnit4ClassRunner.java:217)
	at org.junit.runners.BlockJUnit4ClassRunner$1.runReflectiveCall(BlockJUnit4ClassRunner.java:266)
	at org.junit.internal.runners.model.ReflectiveCallable.run(ReflectiveCallable.java:12)
	at org.junit.runners.BlockJUnit4ClassRunner.methodBlock(BlockJUnit4ClassRunner.java:263)
	at org.junit.runners.BlockJUnit4ClassRunner.runChild(BlockJUnit4ClassRunner.java:78)
	at org.junit.runners.BlockJUnit4ClassRunner.runChild(BlockJUnit4ClassRunner.java:57)
	at org.junit.runners.ParentRunner$3.run(ParentRunner.java:290)
	at org.junit.runners.ParentRunner$1.schedule(ParentRunner.java:71)
	at org.junit.runners.ParentRunner.runChildren(ParentRunner.java:288)
	at org.junit.runners.ParentRunner.access$000(ParentRunner.java:58)
	at org.junit.runners.ParentRunner$2.evaluate(ParentRunner.java:268)
	at org.junit.runners.ParentRunner.run(ParentRunner.java:363)
	at org.apache.maven.surefire.junit4.JUnit4Provider.execute(JUnit4Provider.java:252)
	at org.apache.maven.surefire.junit4.JUnit4Provider.executeTestSet(JUnit4Provider.java:141)
	at org.apache.maven.surefire.junit4.JUnit4Provider.invoke(JUnit4Provider.java:112)
	at java.base/jdk.internal.reflect.DirectMethodHandleAccessor.invoke(DirectMethodHandleAccessor.java:103)
	at java.base/java.lang.reflect.Method.invoke(Method.java:580)
	at org.apache.maven.surefire.util.ReflectionUtils.invokeMethodWithArray(ReflectionUtils.java:189)
	at org.apache.maven.surefire.booter.ProviderFactory$ProviderProxy.invoke(ProviderFactory.java:165)
	at org.apache.maven.surefire.booter.ProviderFactory.invokeProvider(ProviderFactory.java:85)
	at org.apache.maven.surefire.booter.ForkedBooter.runSuitesInProcess(ForkedBooter.java:115)
	at org.apache.maven.surefire.booter.ForkedBooter.main(ForkedBooter.java:75)
Caused by: java.lang.ExceptionInInitializerError: Exception java.lang.ExceptionInInitializerError [in thread "main"]
	at org.easymock.internal.ClassProxyFactory.createEnhancer(ClassProxyFactory.java:235)
	at org.easymock.internal.ClassProxyFactory.createProxy(ClassProxyFactory.java:163)
	at org.easymock.internal.MocksControl.createMock(MocksControl.java:116)
	at org.easymock.internal.MocksControl.createMock(MocksControl.java:95)
	at org.easymock.EasyMock.mock(EasyMock.java:69)
	at org.easymock.EasyMock.createMock(EasyMock.java:311)
	at org.apache.catalina.valves.TestCrawlerSessionManagerValve.createRequestExpectations(TestCrawlerSessionManagerValve.java:185)
	at org.apache.catalina.valves.TestCrawlerSessionManagerValve.createRequestExpectations(TestCrawlerSessionManagerValve.java:180)
	at org.apache.catalina.valves.TestCrawlerSessionManagerValve.testCrawlerIpsPositive(TestCrawlerSessionManagerValve.java:62)
	at java.base/jdk.internal.reflect.DirectMethodHandleAccessor.invoke(DirectMethodHandleAccessor.java:103)
	at java.base/java.lang.reflect.Method.invoke(Method.java:580)
	at org.junit.runners.model.FrameworkMethod$1.runReflectiveCall(FrameworkMethod.java:50)
	at org.junit.internal.runners.model.ReflectiveCallable.run(ReflectiveCallable.java:12)
	at org.junit.runners.model.FrameworkMethod.invokeExplosively(FrameworkMethod.java:47)
	at org.junit.internal.runners.statements.InvokeMethod.evaluate(InvokeMethod.java:17)
	at org.junit.runners.ParentRunner.runLeaf(ParentRunner.java:325)
	... 18 more

testSslSecureProtocolHeaderPresent(org.apache.catalina.valves.TestSSLValve)  Time elapsed: 0 sec  <<< ERROR!
java.lang.NoClassDefFoundError: Could not initialize class org.easymock.internal.ClassProxyFactory$2
	at org.easymock.internal.ClassProxyFactory.createEnhancer(ClassProxyFactory.java:235)
	at org.easymock.internal.ClassProxyFactory.createProxy(ClassProxyFactory.java:163)
	at org.easymock.internal.MocksControl.createMock(MocksControl.java:116)
	at org.easymock.internal.MocksControl.createMock(MocksControl.java:95)
	at org.easymock.EasyMock.mock(EasyMock.java:69)
	at org.easymock.EasyMock.createMock(EasyMock.java:311)
	at org.apache.catalina.valves.TestSSLValve$MockRequest.<init>(TestSSLValve.java:40)
	at org.apache.catalina.valves.TestSSLValve.<init>(TestSSLValve.java:95)
	at java.base/jdk.internal.reflect.DirectConstructorHandleAccessor.newInstance(DirectConstructorHandleAccessor.java:62)
	at java.base/java.lang.reflect.Constructor.newInstanceWithCaller(Constructor.java:502)
	at java.base/java.lang.reflect.Constructor.newInstance(Constructor.java:486)
	at org.junit.runners.BlockJUnit4ClassRunner.createTest(BlockJUnit4ClassRunner.java:217)
	at org.junit.runners.BlockJUnit4ClassRunner$1.runReflectiveCall(BlockJUnit4ClassRunner.java:266)
	at org.junit.internal.runners.model.ReflectiveCallable.run(ReflectiveCallable.java:12)
	at org.junit.runners.BlockJUnit4ClassRunner.methodBlock(BlockJUnit4ClassRunner.java:263)
	at org.junit.runners.BlockJUnit4ClassRunner.runChild(BlockJUnit4ClassRunner.java:78)
	at org.junit.runners.BlockJUnit4ClassRunner.runChild(BlockJUnit4ClassRunner.java:57)
	at org.junit.runners.ParentRunner$3.run(ParentRunner.java:290)
	at org.junit.runners.ParentRunner$1.schedule(ParentRunner.java:71)
	at org.junit.runners.ParentRunner.runChildren(ParentRunner.java:288)
	at org.junit.runners.ParentRunner.access$000(ParentRunner.java:58)
	at org.junit.runners.ParentRunner$2.evaluate(ParentRunner.java:268)
	at org.junit.runners.ParentRunner.run(ParentRunner.java:363)
	at org.apache.maven.surefire.junit4.JUnit4Provider.execute(JUnit4Provider.java:252)
	at org.apache.maven.surefire.junit4.JUnit4Provider.executeTestSet(JUnit4Provider.java:141)
	at org.apache.maven.surefire.junit4.JUnit4Provider.invoke(JUnit4Provider.java:112)
	at java.base/jdk.internal.reflect.DirectMethodHandleAccessor.invoke(DirectMethodHandleAccessor.java:103)
	at java.base/java.lang.reflect.Method.invoke(Method.java:580)
	at org.apache.maven.surefire.util.ReflectionUtils.invokeMethodWithArray(ReflectionUtils.java:189)
	at org.apache.maven.surefire.booter.ProviderFactory$ProviderProxy.invoke(ProviderFactory.java:165)
	at org.apache.maven.surefire.booter.ProviderFactory.invokeProvider(ProviderFactory.java:85)
	at org.apache.maven.surefire.booter.ForkedBooter.runSuitesInProcess(ForkedBooter.java:115)
	at org.apache.maven.surefire.booter.ForkedBooter.main(ForkedBooter.java:75)
Caused by: java.lang.ExceptionInInitializerError: Exception java.lang.ExceptionInInitializerError [in thread "main"]
	at org.easymock.internal.ClassProxyFactory.createEnhancer(ClassProxyFactory.java:235)
	at org.easymock.internal.ClassProxyFactory.createProxy(ClassProxyFactory.java:163)
	at org.easymock.internal.MocksControl.createMock(MocksControl.java:116)
	at org.easymock.internal.MocksControl.createMock(MocksControl.java:95)
	at org.easymock.EasyMock.mock(EasyMock.java:69)
	at org.easymock.EasyMock.createMock(EasyMock.java:311)
	at org.apache.catalina.valves.TestCrawlerSessionManagerValve.createRequestExpectations(TestCrawlerSessionManagerValve.java:185)
	at org.apache.catalina.valves.TestCrawlerSessionManagerValve.createRequestExpectations(TestCrawlerSessionManagerValve.java:180)
	at org.apache.catalina.valves.TestCrawlerSessionManagerValve.testCrawlerIpsPositive(TestCrawlerSessionManagerValve.java:62)
	at java.base/jdk.internal.reflect.DirectMethodHandleAccessor.invoke(DirectMethodHandleAccessor.java:103)
	at java.base/java.lang.reflect.Method.invoke(Method.java:580)
	at org.junit.runners.model.FrameworkMethod$1.runReflectiveCall(FrameworkMethod.java:50)
	at org.junit.internal.runners.model.ReflectiveCallable.run(ReflectiveCallable.java:12)
	at org.junit.runners.model.FrameworkMethod.invokeExplosively(FrameworkMethod.java:47)
	at org.junit.internal.runners.statements.InvokeMethod.evaluate(InvokeMethod.java:17)
	at org.junit.runners.ParentRunner.runLeaf(ParentRunner.java:325)
	... 18 more

testSslCipherUserKeySizeHeaderPresent(org.apache.catalina.valves.TestSSLValve)  Time elapsed: 0.001 sec  <<< ERROR!
java.lang.NoClassDefFoundError: Could not initialize class org.easymock.internal.ClassProxyFactory$2
	at org.easymock.internal.ClassProxyFactory.createEnhancer(ClassProxyFactory.java:235)
	at org.easymock.internal.ClassProxyFactory.createProxy(ClassProxyFactory.java:163)
	at org.easymock.internal.MocksControl.createMock(MocksControl.java:116)
	at org.easymock.internal.MocksControl.createMock(MocksControl.java:95)
	at org.easymock.EasyMock.mock(EasyMock.java:69)
	at org.easymock.EasyMock.createMock(EasyMock.java:311)
	at org.apache.catalina.valves.TestSSLValve$MockRequest.<init>(TestSSLValve.java:40)
	at org.apache.catalina.valves.TestSSLValve.<init>(TestSSLValve.java:95)
	at java.base/jdk.internal.reflect.DirectConstructorHandleAccessor.newInstance(DirectConstructorHandleAccessor.java:62)
	at java.base/java.lang.reflect.Constructor.newInstanceWithCaller(Constructor.java:502)
	at java.base/java.lang.reflect.Constructor.newInstance(Constructor.java:486)
	at org.junit.runners.BlockJUnit4ClassRunner.createTest(BlockJUnit4ClassRunner.java:217)
	at org.junit.runners.BlockJUnit4ClassRunner$1.runReflectiveCall(BlockJUnit4ClassRunner.java:266)
	at org.junit.internal.runners.model.ReflectiveCallable.run(ReflectiveCallable.java:12)
	at org.junit.runners.BlockJUnit4ClassRunner.methodBlock(BlockJUnit4ClassRunner.java:263)
	at org.junit.runners.BlockJUnit4ClassRunner.runChild(BlockJUnit4ClassRunner.java:78)
	at org.junit.runners.BlockJUnit4ClassRunner.runChild(BlockJUnit4ClassRunner.java:57)
	at org.junit.runners.ParentRunner$3.run(ParentRunner.java:290)
	at org.junit.runners.ParentRunner$1.schedule(ParentRunner.java:71)
	at org.junit.runners.ParentRunner.runChildren(ParentRunner.java:288)
	at org.junit.runners.ParentRunner.access$000(ParentRunner.java:58)
	at org.junit.runners.ParentRunner$2.evaluate(ParentRunner.java:268)
	at org.junit.runners.ParentRunner.run(ParentRunner.java:363)
	at org.apache.maven.surefire.junit4.JUnit4Provider.execute(JUnit4Provider.java:252)
	at org.apache.maven.surefire.junit4.JUnit4Provider.executeTestSet(JUnit4Provider.java:141)
	at org.apache.maven.surefire.junit4.JUnit4Provider.invoke(JUnit4Provider.java:112)
	at java.base/jdk.internal.reflect.DirectMethodHandleAccessor.invoke(DirectMethodHandleAccessor.java:103)
	at java.base/java.lang.reflect.Method.invoke(Method.java:580)
	at org.apache.maven.surefire.util.ReflectionUtils.invokeMethodWithArray(ReflectionUtils.java:189)
	at org.apache.maven.surefire.booter.ProviderFactory$ProviderProxy.invoke(ProviderFactory.java:165)
	at org.apache.maven.surefire.booter.ProviderFactory.invokeProvider(ProviderFactory.java:85)
	at org.apache.maven.surefire.booter.ForkedBooter.runSuitesInProcess(ForkedBooter.java:115)
	at org.apache.maven.surefire.booter.ForkedBooter.main(ForkedBooter.java:75)
Caused by: java.lang.ExceptionInInitializerError: Exception java.lang.ExceptionInInitializerError [in thread "main"]
	at org.easymock.internal.ClassProxyFactory.createEnhancer(ClassProxyFactory.java:235)
	at org.easymock.internal.ClassProxyFactory.createProxy(ClassProxyFactory.java:163)
	at org.easymock.internal.MocksControl.createMock(MocksControl.java:116)
	at org.easymock.internal.MocksControl.createMock(MocksControl.java:95)
	at org.easymock.EasyMock.mock(EasyMock.java:69)
	at org.easymock.EasyMock.createMock(EasyMock.java:311)
	at org.apache.catalina.valves.TestCrawlerSessionManagerValve.createRequestExpectations(TestCrawlerSessionManagerValve.java:185)
	at org.apache.catalina.valves.TestCrawlerSessionManagerValve.createRequestExpectations(TestCrawlerSessionManagerValve.java:180)
	at org.apache.catalina.valves.TestCrawlerSessionManagerValve.testCrawlerIpsPositive(TestCrawlerSessionManagerValve.java:62)
	at java.base/jdk.internal.reflect.DirectMethodHandleAccessor.invoke(DirectMethodHandleAccessor.java:103)
	at java.base/java.lang.reflect.Method.invoke(Method.java:580)
	at org.junit.runners.model.FrameworkMethod$1.runReflectiveCall(FrameworkMethod.java:50)
	at org.junit.internal.runners.model.ReflectiveCallable.run(ReflectiveCallable.java:12)
	at org.junit.runners.model.FrameworkMethod.invokeExplosively(FrameworkMethod.java:47)
	at org.junit.internal.runners.statements.InvokeMethod.evaluate(InvokeMethod.java:17)
	at org.junit.runners.ParentRunner.runLeaf(ParentRunner.java:325)
	... 18 more

testSslSessionIdHeaderPresent(org.apache.catalina.valves.TestSSLValve)  Time elapsed: 0 sec  <<< ERROR!
java.lang.NoClassDefFoundError: Could not initialize class org.easymock.internal.ClassProxyFactory$2
	at org.easymock.internal.ClassProxyFactory.createEnhancer(ClassProxyFactory.java:235)
	at org.easymock.internal.ClassProxyFactory.createProxy(ClassProxyFactory.java:163)
	at org.easymock.internal.MocksControl.createMock(MocksControl.java:116)
	at org.easymock.internal.MocksControl.createMock(MocksControl.java:95)
	at org.easymock.EasyMock.mock(EasyMock.java:69)
	at org.easymock.EasyMock.createMock(EasyMock.java:311)
	at org.apache.catalina.valves.TestSSLValve$MockRequest.<init>(TestSSLValve.java:40)
	at org.apache.catalina.valves.TestSSLValve.<init>(TestSSLValve.java:95)
	at java.base/jdk.internal.reflect.DirectConstructorHandleAccessor.newInstance(DirectConstructorHandleAccessor.java:62)
	at java.base/java.lang.reflect.Constructor.newInstanceWithCaller(Constructor.java:502)
	at java.base/java.lang.reflect.Constructor.newInstance(Constructor.java:486)
	at org.junit.runners.BlockJUnit4ClassRunner.createTest(BlockJUnit4ClassRunner.java:217)
	at org.junit.runners.BlockJUnit4ClassRunner$1.runReflectiveCall(BlockJUnit4ClassRunner.java:266)
	at org.junit.internal.runners.model.ReflectiveCallable.run(ReflectiveCallable.java:12)
	at org.junit.runners.BlockJUnit4ClassRunner.methodBlock(BlockJUnit4ClassRunner.java:263)
	at org.junit.runners.BlockJUnit4ClassRunner.runChild(BlockJUnit4ClassRunner.java:78)
	at org.junit.runners.BlockJUnit4ClassRunner.runChild(BlockJUnit4ClassRunner.java:57)
	at org.junit.runners.ParentRunner$3.run(ParentRunner.java:290)
	at org.junit.runners.ParentRunner$1.schedule(ParentRunner.java:71)
	at org.junit.runners.ParentRunner.runChildren(ParentRunner.java:288)
	at org.junit.runners.ParentRunner.access$000(ParentRunner.java:58)
	at org.junit.runners.ParentRunner$2.evaluate(ParentRunner.java:268)
	at org.junit.runners.ParentRunner.run(ParentRunner.java:363)
	at org.apache.maven.surefire.junit4.JUnit4Provider.execute(JUnit4Provider.java:252)
	at org.apache.maven.surefire.junit4.JUnit4Provider.executeTestSet(JUnit4Provider.java:141)
	at org.apache.maven.surefire.junit4.JUnit4Provider.invoke(JUnit4Provider.java:112)
	at java.base/jdk.internal.reflect.DirectMethodHandleAccessor.invoke(DirectMethodHandleAccessor.java:103)
	at java.base/java.lang.reflect.Method.invoke(Method.java:580)
	at org.apache.maven.surefire.util.ReflectionUtils.invokeMethodWithArray(ReflectionUtils.java:189)
	at org.apache.maven.surefire.booter.ProviderFactory$ProviderProxy.invoke(ProviderFactory.java:165)
	at org.apache.maven.surefire.booter.ProviderFactory.invokeProvider(ProviderFactory.java:85)
	at org.apache.maven.surefire.booter.ForkedBooter.runSuitesInProcess(ForkedBooter.java:115)
	at org.apache.maven.surefire.booter.ForkedBooter.main(ForkedBooter.java:75)
Caused by: java.lang.ExceptionInInitializerError: Exception java.lang.ExceptionInInitializerError [in thread "main"]
	at org.easymock.internal.ClassProxyFactory.createEnhancer(ClassProxyFactory.java:235)
	at org.easymock.internal.ClassProxyFactory.createProxy(ClassProxyFactory.java:163)
	at org.easymock.internal.MocksControl.createMock(MocksControl.java:116)
	at org.easymock.internal.MocksControl.createMock(MocksControl.java:95)
	at org.easymock.EasyMock.mock(EasyMock.java:69)
	at org.easymock.EasyMock.createMock(EasyMock.java:311)
	at org.apache.catalina.valves.TestCrawlerSessionManagerValve.createRequestExpectations(TestCrawlerSessionManagerValve.java:185)
	at org.apache.catalina.valves.TestCrawlerSessionManagerValve.createRequestExpectations(TestCrawlerSessionManagerValve.java:180)
	at org.apache.catalina.valves.TestCrawlerSessionManagerValve.testCrawlerIpsPositive(TestCrawlerSessionManagerValve.java:62)
	at java.base/jdk.internal.reflect.DirectMethodHandleAccessor.invoke(DirectMethodHandleAccessor.java:103)
	at java.base/java.lang.reflect.Method.invoke(Method.java:580)
	at org.junit.runners.model.FrameworkMethod$1.runReflectiveCall(FrameworkMethod.java:50)
	at org.junit.internal.runners.model.ReflectiveCallable.run(ReflectiveCallable.java:12)
	at org.junit.runners.model.FrameworkMethod.invokeExplosively(FrameworkMethod.java:47)
	at org.junit.internal.runners.statements.InvokeMethod.evaluate(InvokeMethod.java:17)
	at org.junit.runners.ParentRunner.runLeaf(ParentRunner.java:325)
	... 18 more

testSslClientCertHeaderMultiSpace(org.apache.catalina.valves.TestSSLValve)  Time elapsed: 0 sec  <<< ERROR!
java.lang.NoClassDefFoundError: Could not initialize class org.easymock.internal.ClassProxyFactory$2
	at org.easymock.internal.ClassProxyFactory.createEnhancer(ClassProxyFactory.java:235)
	at org.easymock.internal.ClassProxyFactory.createProxy(ClassProxyFactory.java:163)
	at org.easymock.internal.MocksControl.createMock(MocksControl.java:116)
	at org.easymock.internal.MocksControl.createMock(MocksControl.java:95)
	at org.easymock.EasyMock.mock(EasyMock.java:69)
	at org.easymock.EasyMock.createMock(EasyMock.java:311)
	at org.apache.catalina.valves.TestSSLValve$MockRequest.<init>(TestSSLValve.java:40)
	at org.apache.catalina.valves.TestSSLValve.<init>(TestSSLValve.java:95)
	at java.base/jdk.internal.reflect.DirectConstructorHandleAccessor.newInstance(DirectConstructorHandleAccessor.java:62)
	at java.base/java.lang.reflect.Constructor.newInstanceWithCaller(Constructor.java:502)
	at java.base/java.lang.reflect.Constructor.newInstance(Constructor.java:486)
	at org.junit.runners.BlockJUnit4ClassRunner.createTest(BlockJUnit4ClassRunner.java:217)
	at org.junit.runners.BlockJUnit4ClassRunner$1.runReflectiveCall(BlockJUnit4ClassRunner.java:266)
	at org.junit.internal.runners.model.ReflectiveCallable.run(ReflectiveCallable.java:12)
	at org.junit.runners.BlockJUnit4ClassRunner.methodBlock(BlockJUnit4ClassRunner.java:263)
	at org.junit.runners.BlockJUnit4ClassRunner.runChild(BlockJUnit4ClassRunner.java:78)
	at org.junit.runners.BlockJUnit4ClassRunner.runChild(BlockJUnit4ClassRunner.java:57)
	at org.junit.runners.ParentRunner$3.run(ParentRunner.java:290)
	at org.junit.runners.ParentRunner$1.schedule(ParentRunner.java:71)
	at org.junit.runners.ParentRunner.runChildren(ParentRunner.java:288)
	at org.junit.runners.ParentRunner.access$000(ParentRunner.java:58)
	at org.junit.runners.ParentRunner$2.evaluate(ParentRunner.java:268)
	at org.junit.runners.ParentRunner.run(ParentRunner.java:363)
	at org.apache.maven.surefire.junit4.JUnit4Provider.execute(JUnit4Provider.java:252)
	at org.apache.maven.surefire.junit4.JUnit4Provider.executeTestSet(JUnit4Provider.java:141)
	at org.apache.maven.surefire.junit4.JUnit4Provider.invoke(JUnit4Provider.java:112)
	at java.base/jdk.internal.reflect.DirectMethodHandleAccessor.invoke(DirectMethodHandleAccessor.java:103)
	at java.base/java.lang.reflect.Method.invoke(Method.java:580)
	at org.apache.maven.surefire.util.ReflectionUtils.invokeMethodWithArray(ReflectionUtils.java:189)
	at org.apache.maven.surefire.booter.ProviderFactory$ProviderProxy.invoke(ProviderFactory.java:165)
	at org.apache.maven.surefire.booter.ProviderFactory.invokeProvider(ProviderFactory.java:85)
	at org.apache.maven.surefire.booter.ForkedBooter.runSuitesInProcess(ForkedBooter.java:115)
	at org.apache.maven.surefire.booter.ForkedBooter.main(ForkedBooter.java:75)
Caused by: java.lang.ExceptionInInitializerError: Exception java.lang.ExceptionInInitializerError [in thread "main"]
	at org.easymock.internal.ClassProxyFactory.createEnhancer(ClassProxyFactory.java:235)
	at org.easymock.internal.ClassProxyFactory.createProxy(ClassProxyFactory.java:163)
	at org.easymock.internal.MocksControl.createMock(MocksControl.java:116)
	at org.easymock.internal.MocksControl.createMock(MocksControl.java:95)
	at org.easymock.EasyMock.mock(EasyMock.java:69)
	at org.easymock.EasyMock.createMock(EasyMock.java:311)
	at org.apache.catalina.valves.TestCrawlerSessionManagerValve.createRequestExpectations(TestCrawlerSessionManagerValve.java:185)
	at org.apache.catalina.valves.TestCrawlerSessionManagerValve.createRequestExpectations(TestCrawlerSessionManagerValve.java:180)
	at org.apache.catalina.valves.TestCrawlerSessionManagerValve.testCrawlerIpsPositive(TestCrawlerSessionManagerValve.java:62)
	at java.base/jdk.internal.reflect.DirectMethodHandleAccessor.invoke(DirectMethodHandleAccessor.java:103)
	at java.base/java.lang.reflect.Method.invoke(Method.java:580)
	at org.junit.runners.model.FrameworkMethod$1.runReflectiveCall(FrameworkMethod.java:50)
	at org.junit.internal.runners.model.ReflectiveCallable.run(ReflectiveCallable.java:12)
	at org.junit.runners.model.FrameworkMethod.invokeExplosively(FrameworkMethod.java:47)
	at org.junit.internal.runners.statements.InvokeMethod.evaluate(InvokeMethod.java:17)
	at org.junit.runners.ParentRunner.runLeaf(ParentRunner.java:325)
	... 18 more

testSslHeader(org.apache.catalina.valves.TestSSLValve)  Time elapsed: 0 sec  <<< ERROR!
java.lang.NoClassDefFoundError: Could not initialize class org.easymock.internal.ClassProxyFactory$2
	at org.easymock.internal.ClassProxyFactory.createEnhancer(ClassProxyFactory.java:235)
	at org.easymock.internal.ClassProxyFactory.createProxy(ClassProxyFactory.java:163)
	at org.easymock.internal.MocksControl.createMock(MocksControl.java:116)
	at org.easymock.internal.MocksControl.createMock(MocksControl.java:95)
	at org.easymock.EasyMock.mock(EasyMock.java:69)
	at org.easymock.EasyMock.createMock(EasyMock.java:311)
	at org.apache.catalina.valves.TestSSLValve$MockRequest.<init>(TestSSLValve.java:40)
	at org.apache.catalina.valves.TestSSLValve.<init>(TestSSLValve.java:95)
	at java.base/jdk.internal.reflect.DirectConstructorHandleAccessor.newInstance(DirectConstructorHandleAccessor.java:62)
	at java.base/java.lang.reflect.Constructor.newInstanceWithCaller(Constructor.java:502)
	at java.base/java.lang.reflect.Constructor.newInstance(Constructor.java:486)
	at org.junit.runners.BlockJUnit4ClassRunner.createTest(BlockJUnit4ClassRunner.java:217)
	at org.junit.runners.BlockJUnit4ClassRunner$1.runReflectiveCall(BlockJUnit4ClassRunner.java:266)
	at org.junit.internal.runners.model.ReflectiveCallable.run(ReflectiveCallable.java:12)
	at org.junit.runners.BlockJUnit4ClassRunner.methodBlock(BlockJUnit4ClassRunner.java:263)
	at org.junit.runners.BlockJUnit4ClassRunner.runChild(BlockJUnit4ClassRunner.java:78)
	at org.junit.runners.BlockJUnit4ClassRunner.runChild(BlockJUnit4ClassRunner.java:57)
	at org.junit.runners.ParentRunner$3.run(ParentRunner.java:290)
	at org.junit.runners.ParentRunner$1.schedule(ParentRunner.java:71)
	at org.junit.runners.ParentRunner.runChildren(ParentRunner.java:288)
	at org.junit.runners.ParentRunner.access$000(ParentRunner.java:58)
	at org.junit.runners.ParentRunner$2.evaluate(ParentRunner.java:268)
	at org.junit.runners.ParentRunner.run(ParentRunner.java:363)
	at org.apache.maven.surefire.junit4.JUnit4Provider.execute(JUnit4Provider.java:252)
	at org.apache.maven.surefire.junit4.JUnit4Provider.executeTestSet(JUnit4Provider.java:141)
	at org.apache.maven.surefire.junit4.JUnit4Provider.invoke(JUnit4Provider.java:112)
	at java.base/jdk.internal.reflect.DirectMethodHandleAccessor.invoke(DirectMethodHandleAccessor.java:103)
	at java.base/java.lang.reflect.Method.invoke(Method.java:580)
	at org.apache.maven.surefire.util.ReflectionUtils.invokeMethodWithArray(ReflectionUtils.java:189)
	at org.apache.maven.surefire.booter.ProviderFactory$ProviderProxy.invoke(ProviderFactory.java:165)
	at org.apache.maven.surefire.booter.ProviderFactory.invokeProvider(ProviderFactory.java:85)
	at org.apache.maven.surefire.booter.ForkedBooter.runSuitesInProcess(ForkedBooter.java:115)
	at org.apache.maven.surefire.booter.ForkedBooter.main(ForkedBooter.java:75)
Caused by: java.lang.ExceptionInInitializerError: Exception java.lang.ExceptionInInitializerError [in thread "main"]
	at org.easymock.internal.ClassProxyFactory.createEnhancer(ClassProxyFactory.java:235)
	at org.easymock.internal.ClassProxyFactory.createProxy(ClassProxyFactory.java:163)
	at org.easymock.internal.MocksControl.createMock(MocksControl.java:116)
	at org.easymock.internal.MocksControl.createMock(MocksControl.java:95)
	at org.easymock.EasyMock.mock(EasyMock.java:69)
	at org.easymock.EasyMock.createMock(EasyMock.java:311)
	at org.apache.catalina.valves.TestCrawlerSessionManagerValve.createRequestExpectations(TestCrawlerSessionManagerValve.java:185)
	at org.apache.catalina.valves.TestCrawlerSessionManagerValve.createRequestExpectations(TestCrawlerSessionManagerValve.java:180)
	at org.apache.catalina.valves.TestCrawlerSessionManagerValve.testCrawlerIpsPositive(TestCrawlerSessionManagerValve.java:62)
	at java.base/jdk.internal.reflect.DirectMethodHandleAccessor.invoke(DirectMethodHandleAccessor.java:103)
	at java.base/java.lang.reflect.Method.invoke(Method.java:580)
	at org.junit.runners.model.FrameworkMethod$1.runReflectiveCall(FrameworkMethod.java:50)
	at org.junit.internal.runners.model.ReflectiveCallable.run(ReflectiveCallable.java:12)
	at org.junit.runners.model.FrameworkMethod.invokeExplosively(FrameworkMethod.java:47)
	at org.junit.internal.runners.statements.InvokeMethod.evaluate(InvokeMethod.java:17)
	at org.junit.runners.ParentRunner.runLeaf(ParentRunner.java:325)
	... 18 more

testSslCipherHeaderPresent(org.apache.catalina.valves.TestSSLValve)  Time elapsed: 0 sec  <<< ERROR!
java.lang.NoClassDefFoundError: Could not initialize class org.easymock.internal.ClassProxyFactory$2
	at org.easymock.internal.ClassProxyFactory.createEnhancer(ClassProxyFactory.java:235)
	at org.easymock.internal.ClassProxyFactory.createProxy(ClassProxyFactory.java:163)
	at org.easymock.internal.MocksControl.createMock(MocksControl.java:116)
	at org.easymock.internal.MocksControl.createMock(MocksControl.java:95)
	at org.easymock.EasyMock.mock(EasyMock.java:69)
	at org.easymock.EasyMock.createMock(EasyMock.java:311)
	at org.apache.catalina.valves.TestSSLValve$MockRequest.<init>(TestSSLValve.java:40)
	at org.apache.catalina.valves.TestSSLValve.<init>(TestSSLValve.java:95)
	at java.base/jdk.internal.reflect.DirectConstructorHandleAccessor.newInstance(DirectConstructorHandleAccessor.java:62)
	at java.base/java.lang.reflect.Constructor.newInstanceWithCaller(Constructor.java:502)
	at java.base/java.lang.reflect.Constructor.newInstance(Constructor.java:486)
	at org.junit.runners.BlockJUnit4ClassRunner.createTest(BlockJUnit4ClassRunner.java:217)
	at org.junit.runners.BlockJUnit4ClassRunner$1.runReflectiveCall(BlockJUnit4ClassRunner.java:266)
	at org.junit.internal.runners.model.ReflectiveCallable.run(ReflectiveCallable.java:12)
	at org.junit.runners.BlockJUnit4ClassRunner.methodBlock(BlockJUnit4ClassRunner.java:263)
	at org.junit.runners.BlockJUnit4ClassRunner.runChild(BlockJUnit4ClassRunner.java:78)
	at org.junit.runners.BlockJUnit4ClassRunner.runChild(BlockJUnit4ClassRunner.java:57)
	at org.junit.runners.ParentRunner$3.run(ParentRunner.java:290)
	at org.junit.runners.ParentRunner$1.schedule(ParentRunner.java:71)
	at org.junit.runners.ParentRunner.runChildren(ParentRunner.java:288)
	at org.junit.runners.ParentRunner.access$000(ParentRunner.java:58)
	at org.junit.runners.ParentRunner$2.evaluate(ParentRunner.java:268)
	at org.junit.runners.ParentRunner.run(ParentRunner.java:363)
	at org.apache.maven.surefire.junit4.JUnit4Provider.execute(JUnit4Provider.java:252)
	at org.apache.maven.surefire.junit4.JUnit4Provider.executeTestSet(JUnit4Provider.java:141)
	at org.apache.maven.surefire.junit4.JUnit4Provider.invoke(JUnit4Provider.java:112)
	at java.base/jdk.internal.reflect.DirectMethodHandleAccessor.invoke(DirectMethodHandleAccessor.java:103)
	at java.base/java.lang.reflect.Method.invoke(Method.java:580)
	at org.apache.maven.surefire.util.ReflectionUtils.invokeMethodWithArray(ReflectionUtils.java:189)
	at org.apache.maven.surefire.booter.ProviderFactory$ProviderProxy.invoke(ProviderFactory.java:165)
	at org.apache.maven.surefire.booter.ProviderFactory.invokeProvider(ProviderFactory.java:85)
	at org.apache.maven.surefire.booter.ForkedBooter.runSuitesInProcess(ForkedBooter.java:115)
	at org.apache.maven.surefire.booter.ForkedBooter.main(ForkedBooter.java:75)
Caused by: java.lang.ExceptionInInitializerError: Exception java.lang.ExceptionInInitializerError [in thread "main"]
	at org.easymock.internal.ClassProxyFactory.createEnhancer(ClassProxyFactory.java:235)
	at org.easymock.internal.ClassProxyFactory.createProxy(ClassProxyFactory.java:163)
	at org.easymock.internal.MocksControl.createMock(MocksControl.java:116)
	at org.easymock.internal.MocksControl.createMock(MocksControl.java:95)
	at org.easymock.EasyMock.mock(EasyMock.java:69)
	at org.easymock.EasyMock.createMock(EasyMock.java:311)
	at org.apache.catalina.valves.TestCrawlerSessionManagerValve.createRequestExpectations(TestCrawlerSessionManagerValve.java:185)
	at org.apache.catalina.valves.TestCrawlerSessionManagerValve.createRequestExpectations(TestCrawlerSessionManagerValve.java:180)
	at org.apache.catalina.valves.TestCrawlerSessionManagerValve.testCrawlerIpsPositive(TestCrawlerSessionManagerValve.java:62)
	at java.base/jdk.internal.reflect.DirectMethodHandleAccessor.invoke(DirectMethodHandleAccessor.java:103)
	at java.base/java.lang.reflect.Method.invoke(Method.java:580)
	at org.junit.runners.model.FrameworkMethod$1.runReflectiveCall(FrameworkMethod.java:50)
	at org.junit.internal.runners.model.ReflectiveCallable.run(ReflectiveCallable.java:12)
	at org.junit.runners.model.FrameworkMethod.invokeExplosively(FrameworkMethod.java:47)
	at org.junit.internal.runners.statements.InvokeMethod.evaluate(InvokeMethod.java:17)
	at org.junit.runners.ParentRunner.runLeaf(ParentRunner.java:325)
	... 18 more

testSslClientCertHeaderSingleSpace(org.apache.catalina.valves.TestSSLValve)  Time elapsed: 0 sec  <<< ERROR!
java.lang.NoClassDefFoundError: Could not initialize class org.easymock.internal.ClassProxyFactory$2
	at org.easymock.internal.ClassProxyFactory.createEnhancer(ClassProxyFactory.java:235)
	at org.easymock.internal.ClassProxyFactory.createProxy(ClassProxyFactory.java:163)
	at org.easymock.internal.MocksControl.createMock(MocksControl.java:116)
	at org.easymock.internal.MocksControl.createMock(MocksControl.java:95)
	at org.easymock.EasyMock.mock(EasyMock.java:69)
	at org.easymock.EasyMock.createMock(EasyMock.java:311)
	at org.apache.catalina.valves.TestSSLValve$MockRequest.<init>(TestSSLValve.java:40)
	at org.apache.catalina.valves.TestSSLValve.<init>(TestSSLValve.java:95)
	at java.base/jdk.internal.reflect.DirectConstructorHandleAccessor.newInstance(DirectConstructorHandleAccessor.java:62)
	at java.base/java.lang.reflect.Constructor.newInstanceWithCaller(Constructor.java:502)
	at java.base/java.lang.reflect.Constructor.newInstance(Constructor.java:486)
	at org.junit.runners.BlockJUnit4ClassRunner.createTest(BlockJUnit4ClassRunner.java:217)
	at org.junit.runners.BlockJUnit4ClassRunner$1.runReflectiveCall(BlockJUnit4ClassRunner.java:266)
	at org.junit.internal.runners.model.ReflectiveCallable.run(ReflectiveCallable.java:12)
	at org.junit.runners.BlockJUnit4ClassRunner.methodBlock(BlockJUnit4ClassRunner.java:263)
	at org.junit.runners.BlockJUnit4ClassRunner.runChild(BlockJUnit4ClassRunner.java:78)
	at org.junit.runners.BlockJUnit4ClassRunner.runChild(BlockJUnit4ClassRunner.java:57)
	at org.junit.runners.ParentRunner$3.run(ParentRunner.java:290)
	at org.junit.runners.ParentRunner$1.schedule(ParentRunner.java:71)
	at org.junit.runners.ParentRunner.runChildren(ParentRunner.java:288)
	at org.junit.runners.ParentRunner.access$000(ParentRunner.java:58)
	at org.junit.runners.ParentRunner$2.evaluate(ParentRunner.java:268)
	at org.junit.runners.ParentRunner.run(ParentRunner.java:363)
	at org.apache.maven.surefire.junit4.JUnit4Provider.execute(JUnit4Provider.java:252)
	at org.apache.maven.surefire.junit4.JUnit4Provider.executeTestSet(JUnit4Provider.java:141)
	at org.apache.maven.surefire.junit4.JUnit4Provider.invoke(JUnit4Provider.java:112)
	at java.base/jdk.internal.reflect.DirectMethodHandleAccessor.invoke(DirectMethodHandleAccessor.java:103)
	at java.base/java.lang.reflect.Method.invoke(Method.java:580)
	at org.apache.maven.surefire.util.ReflectionUtils.invokeMethodWithArray(ReflectionUtils.java:189)
	at org.apache.maven.surefire.booter.ProviderFactory$ProviderProxy.invoke(ProviderFactory.java:165)
	at org.apache.maven.surefire.booter.ProviderFactory.invokeProvider(ProviderFactory.java:85)
	at org.apache.maven.surefire.booter.ForkedBooter.runSuitesInProcess(ForkedBooter.java:115)
	at org.apache.maven.surefire.booter.ForkedBooter.main(ForkedBooter.java:75)
Caused by: java.lang.ExceptionInInitializerError: Exception java.lang.ExceptionInInitializerError [in thread "main"]
	at org.easymock.internal.ClassProxyFactory.createEnhancer(ClassProxyFactory.java:235)
	at org.easymock.internal.ClassProxyFactory.createProxy(ClassProxyFactory.java:163)
	at org.easymock.internal.MocksControl.createMock(MocksControl.java:116)
	at org.easymock.internal.MocksControl.createMock(MocksControl.java:95)
	at org.easymock.EasyMock.mock(EasyMock.java:69)
	at org.easymock.EasyMock.createMock(EasyMock.java:311)
	at org.apache.catalina.valves.TestCrawlerSessionManagerValve.createRequestExpectations(TestCrawlerSessionManagerValve.java:185)
	at org.apache.catalina.valves.TestCrawlerSessionManagerValve.createRequestExpectations(TestCrawlerSessionManagerValve.java:180)
	at org.apache.catalina.valves.TestCrawlerSessionManagerValve.testCrawlerIpsPositive(TestCrawlerSessionManagerValve.java:62)
	at java.base/jdk.internal.reflect.DirectMethodHandleAccessor.invoke(DirectMethodHandleAccessor.java:103)
	at java.base/java.lang.reflect.Method.invoke(Method.java:580)
	at org.junit.runners.model.FrameworkMethod$1.runReflectiveCall(FrameworkMethod.java:50)
	at org.junit.internal.runners.model.ReflectiveCallable.run(ReflectiveCallable.java:12)
	at org.junit.runners.model.FrameworkMethod.invokeExplosively(FrameworkMethod.java:47)
	at org.junit.internal.runners.statements.InvokeMethod.evaluate(InvokeMethod.java:17)
	at org.junit.runners.ParentRunner.runLeaf(ParentRunner.java:325)
	... 18 more

testSslClientCertHeaderEscaped(org.apache.catalina.valves.TestSSLValve)  Time elapsed: 0 sec  <<< ERROR!
java.lang.NoClassDefFoundError: Could not initialize class org.easymock.internal.ClassProxyFactory$2
	at org.easymock.internal.ClassProxyFactory.createEnhancer(ClassProxyFactory.java:235)
	at org.easymock.internal.ClassProxyFactory.createProxy(ClassProxyFactory.java:163)
	at org.easymock.internal.MocksControl.createMock(MocksControl.java:116)
	at org.easymock.internal.MocksControl.createMock(MocksControl.java:95)
	at org.easymock.EasyMock.mock(EasyMock.java:69)
	at org.easymock.EasyMock.createMock(EasyMock.java:311)
	at org.apache.catalina.valves.TestSSLValve$MockRequest.<init>(TestSSLValve.java:40)
	at org.apache.catalina.valves.TestSSLValve.<init>(TestSSLValve.java:95)
	at java.base/jdk.internal.reflect.DirectConstructorHandleAccessor.newInstance(DirectConstructorHandleAccessor.java:62)
	at java.base/java.lang.reflect.Constructor.newInstanceWithCaller(Constructor.java:502)
	at java.base/java.lang.reflect.Constructor.newInstance(Constructor.java:486)
	at org.junit.runners.BlockJUnit4ClassRunner.createTest(BlockJUnit4ClassRunner.java:217)
	at org.junit.runners.BlockJUnit4ClassRunner$1.runReflectiveCall(BlockJUnit4ClassRunner.java:266)
	at org.junit.internal.runners.model.ReflectiveCallable.run(ReflectiveCallable.java:12)
	at org.junit.runners.BlockJUnit4ClassRunner.methodBlock(BlockJUnit4ClassRunner.java:263)
	at org.junit.runners.BlockJUnit4ClassRunner.runChild(BlockJUnit4ClassRunner.java:78)
	at org.junit.runners.BlockJUnit4ClassRunner.runChild(BlockJUnit4ClassRunner.java:57)
	at org.junit.runners.ParentRunner$3.run(ParentRunner.java:290)
	at org.junit.runners.ParentRunner$1.schedule(ParentRunner.java:71)
	at org.junit.runners.ParentRunner.runChildren(ParentRunner.java:288)
	at org.junit.runners.ParentRunner.access$000(ParentRunner.java:58)
	at org.junit.runners.ParentRunner$2.evaluate(ParentRunner.java:268)
	at org.junit.runners.ParentRunner.run(ParentRunner.java:363)
	at org.apache.maven.surefire.junit4.JUnit4Provider.execute(JUnit4Provider.java:252)
	at org.apache.maven.surefire.junit4.JUnit4Provider.executeTestSet(JUnit4Provider.java:141)
	at org.apache.maven.surefire.junit4.JUnit4Provider.invoke(JUnit4Provider.java:112)
	at java.base/jdk.internal.reflect.DirectMethodHandleAccessor.invoke(DirectMethodHandleAccessor.java:103)
	at java.base/java.lang.reflect.Method.invoke(Method.java:580)
	at org.apache.maven.surefire.util.ReflectionUtils.invokeMethodWithArray(ReflectionUtils.java:189)
	at org.apache.maven.surefire.booter.ProviderFactory$ProviderProxy.invoke(ProviderFactory.java:165)
	at org.apache.maven.surefire.booter.ProviderFactory.invokeProvider(ProviderFactory.java:85)
	at org.apache.maven.surefire.booter.ForkedBooter.runSuitesInProcess(ForkedBooter.java:115)
	at org.apache.maven.surefire.booter.ForkedBooter.main(ForkedBooter.java:75)
Caused by: java.lang.ExceptionInInitializerError: Exception java.lang.ExceptionInInitializerError [in thread "main"]
	at org.easymock.internal.ClassProxyFactory.createEnhancer(ClassProxyFactory.java:235)
	at org.easymock.internal.ClassProxyFactory.createProxy(ClassProxyFactory.java:163)
	at org.easymock.internal.MocksControl.createMock(MocksControl.java:116)
	at org.easymock.internal.MocksControl.createMock(MocksControl.java:95)
	at org.easymock.EasyMock.mock(EasyMock.java:69)
	at org.easymock.EasyMock.createMock(EasyMock.java:311)
	at org.apache.catalina.valves.TestCrawlerSessionManagerValve.createRequestExpectations(TestCrawlerSessionManagerValve.java:185)
	at org.apache.catalina.valves.TestCrawlerSessionManagerValve.createRequestExpectations(TestCrawlerSessionManagerValve.java:180)
	at org.apache.catalina.valves.TestCrawlerSessionManagerValve.testCrawlerIpsPositive(TestCrawlerSessionManagerValve.java:62)
	at java.base/jdk.internal.reflect.DirectMethodHandleAccessor.invoke(DirectMethodHandleAccessor.java:103)
	at java.base/java.lang.reflect.Method.invoke(Method.java:580)
	at org.junit.runners.model.FrameworkMethod$1.runReflectiveCall(FrameworkMethod.java:50)
	at org.junit.internal.runners.model.ReflectiveCallable.run(ReflectiveCallable.java:12)
	at org.junit.runners.model.FrameworkMethod.invokeExplosively(FrameworkMethod.java:47)
	at org.junit.internal.runners.statements.InvokeMethod.evaluate(InvokeMethod.java:17)
	at org.junit.runners.ParentRunner.runLeaf(ParentRunner.java:325)
	... 18 more

testSslClientCertHeaderTab(org.apache.catalina.valves.TestSSLValve)  Time elapsed: 0.001 sec  <<< ERROR!
java.lang.NoClassDefFoundError: Could not initialize class org.easymock.internal.ClassProxyFactory$2
	at org.easymock.internal.ClassProxyFactory.createEnhancer(ClassProxyFactory.java:235)
	at org.easymock.internal.ClassProxyFactory.createProxy(ClassProxyFactory.java:163)
	at org.easymock.internal.MocksControl.createMock(MocksControl.java:116)
	at org.easymock.internal.MocksControl.createMock(MocksControl.java:95)
	at org.easymock.EasyMock.mock(EasyMock.java:69)
	at org.easymock.EasyMock.createMock(EasyMock.java:311)
	at org.apache.catalina.valves.TestSSLValve$MockRequest.<init>(TestSSLValve.java:40)
	at org.apache.catalina.valves.TestSSLValve.<init>(TestSSLValve.java:95)
	at java.base/jdk.internal.reflect.DirectConstructorHandleAccessor.newInstance(DirectConstructorHandleAccessor.java:62)
	at java.base/java.lang.reflect.Constructor.newInstanceWithCaller(Constructor.java:502)
	at java.base/java.lang.reflect.Constructor.newInstance(Constructor.java:486)
	at org.junit.runners.BlockJUnit4ClassRunner.createTest(BlockJUnit4ClassRunner.java:217)
	at org.junit.runners.BlockJUnit4ClassRunner$1.runReflectiveCall(BlockJUnit4ClassRunner.java:266)
	at org.junit.internal.runners.model.ReflectiveCallable.run(ReflectiveCallable.java:12)
	at org.junit.runners.BlockJUnit4ClassRunner.methodBlock(BlockJUnit4ClassRunner.java:263)
	at org.junit.runners.BlockJUnit4ClassRunner.runChild(BlockJUnit4ClassRunner.java:78)
	at org.junit.runners.BlockJUnit4ClassRunner.runChild(BlockJUnit4ClassRunner.java:57)
	at org.junit.runners.ParentRunner$3.run(ParentRunner.java:290)
	at org.junit.runners.ParentRunner$1.schedule(ParentRunner.java:71)
	at org.junit.runners.ParentRunner.runChildren(ParentRunner.java:288)
	at org.junit.runners.ParentRunner.access$000(ParentRunner.java:58)
	at org.junit.runners.ParentRunner$2.evaluate(ParentRunner.java:268)
	at org.junit.runners.ParentRunner.run(ParentRunner.java:363)
	at org.apache.maven.surefire.junit4.JUnit4Provider.execute(JUnit4Provider.java:252)
	at org.apache.maven.surefire.junit4.JUnit4Provider.executeTestSet(JUnit4Provider.java:141)
	at org.apache.maven.surefire.junit4.JUnit4Provider.invoke(JUnit4Provider.java:112)
	at java.base/jdk.internal.reflect.DirectMethodHandleAccessor.invoke(DirectMethodHandleAccessor.java:103)
	at java.base/java.lang.reflect.Method.invoke(Method.java:580)
	at org.apache.maven.surefire.util.ReflectionUtils.invokeMethodWithArray(ReflectionUtils.java:189)
	at org.apache.maven.surefire.booter.ProviderFactory$ProviderProxy.invoke(ProviderFactory.java:165)
	at org.apache.maven.surefire.booter.ProviderFactory.invokeProvider(ProviderFactory.java:85)
	at org.apache.maven.surefire.booter.ForkedBooter.runSuitesInProcess(ForkedBooter.java:115)
	at org.apache.maven.surefire.booter.ForkedBooter.main(ForkedBooter.java:75)
Caused by: java.lang.ExceptionInInitializerError: Exception java.lang.ExceptionInInitializerError [in thread "main"]
	at org.easymock.internal.ClassProxyFactory.createEnhancer(ClassProxyFactory.java:235)
	at org.easymock.internal.ClassProxyFactory.createProxy(ClassProxyFactory.java:163)
	at org.easymock.internal.MocksControl.createMock(MocksControl.java:116)
	at org.easymock.internal.MocksControl.createMock(MocksControl.java:95)
	at org.easymock.EasyMock.mock(EasyMock.java:69)
	at org.easymock.EasyMock.createMock(EasyMock.java:311)
	at org.apache.catalina.valves.TestCrawlerSessionManagerValve.createRequestExpectations(TestCrawlerSessionManagerValve.java:185)
	at org.apache.catalina.valves.TestCrawlerSessionManagerValve.createRequestExpectations(TestCrawlerSessionManagerValve.java:180)
	at org.apache.catalina.valves.TestCrawlerSessionManagerValve.testCrawlerIpsPositive(TestCrawlerSessionManagerValve.java:62)
	at java.base/jdk.internal.reflect.DirectMethodHandleAccessor.invoke(DirectMethodHandleAccessor.java:103)
	at java.base/java.lang.reflect.Method.invoke(Method.java:580)
	at org.junit.runners.model.FrameworkMethod$1.runReflectiveCall(FrameworkMethod.java:50)
	at org.junit.internal.runners.model.ReflectiveCallable.run(ReflectiveCallable.java:12)
	at org.junit.runners.model.FrameworkMethod.invokeExplosively(FrameworkMethod.java:47)
	at org.junit.internal.runners.statements.InvokeMethod.evaluate(InvokeMethod.java:17)
	at org.junit.runners.ParentRunner.runLeaf(ParentRunner.java:325)
	... 18 more

testClientCertProviderNotFound(org.apache.catalina.valves.TestSSLValve)  Time elapsed: 0 sec  <<< ERROR!
java.lang.NoClassDefFoundError: Could not initialize class org.easymock.internal.ClassProxyFactory$2
	at org.easymock.internal.ClassProxyFactory.createEnhancer(ClassProxyFactory.java:235)
	at org.easymock.internal.ClassProxyFactory.createProxy(ClassProxyFactory.java:163)
	at org.easymock.internal.MocksControl.createMock(MocksControl.java:116)
	at org.easymock.internal.MocksControl.createMock(MocksControl.java:95)
	at org.easymock.EasyMock.mock(EasyMock.java:69)
	at org.easymock.EasyMock.createMock(EasyMock.java:311)
	at org.apache.catalina.valves.TestSSLValve$MockRequest.<init>(TestSSLValve.java:40)
	at org.apache.catalina.valves.TestSSLValve.<init>(TestSSLValve.java:95)
	at java.base/jdk.internal.reflect.DirectConstructorHandleAccessor.newInstance(DirectConstructorHandleAccessor.java:62)
	at java.base/java.lang.reflect.Constructor.newInstanceWithCaller(Constructor.java:502)
	at java.base/java.lang.reflect.Constructor.newInstance(Constructor.java:486)
	at org.junit.runners.BlockJUnit4ClassRunner.createTest(BlockJUnit4ClassRunner.java:217)
	at org.junit.runners.BlockJUnit4ClassRunner$1.runReflectiveCall(BlockJUnit4ClassRunner.java:266)
	at org.junit.internal.runners.model.ReflectiveCallable.run(ReflectiveCallable.java:12)
	at org.junit.runners.BlockJUnit4ClassRunner.methodBlock(BlockJUnit4ClassRunner.java:263)
	at org.junit.runners.BlockJUnit4ClassRunner.runChild(BlockJUnit4ClassRunner.java:78)
	at org.junit.runners.BlockJUnit4ClassRunner.runChild(BlockJUnit4ClassRunner.java:57)
	at org.junit.runners.ParentRunner$3.run(ParentRunner.java:290)
	at org.junit.runners.ParentRunner$1.schedule(ParentRunner.java:71)
	at org.junit.runners.ParentRunner.runChildren(ParentRunner.java:288)
	at org.junit.runners.ParentRunner.access$000(ParentRunner.java:58)
	at org.junit.runners.ParentRunner$2.evaluate(ParentRunner.java:268)
	at org.junit.runners.ParentRunner.run(ParentRunner.java:363)
	at org.apache.maven.surefire.junit4.JUnit4Provider.execute(JUnit4Provider.java:252)
	at org.apache.maven.surefire.junit4.JUnit4Provider.executeTestSet(JUnit4Provider.java:141)
	at org.apache.maven.surefire.junit4.JUnit4Provider.invoke(JUnit4Provider.java:112)
	at java.base/jdk.internal.reflect.DirectMethodHandleAccessor.invoke(DirectMethodHandleAccessor.java:103)
	at java.base/java.lang.reflect.Method.invoke(Method.java:580)
	at org.apache.maven.surefire.util.ReflectionUtils.invokeMethodWithArray(ReflectionUtils.java:189)
	at org.apache.maven.surefire.booter.ProviderFactory$ProviderProxy.invoke(ProviderFactory.java:165)
	at org.apache.maven.surefire.booter.ProviderFactory.invokeProvider(ProviderFactory.java:85)
	at org.apache.maven.surefire.booter.ForkedBooter.runSuitesInProcess(ForkedBooter.java:115)
	at org.apache.maven.surefire.booter.ForkedBooter.main(ForkedBooter.java:75)
Caused by: java.lang.ExceptionInInitializerError: Exception java.lang.ExceptionInInitializerError [in thread "main"]
	at org.easymock.internal.ClassProxyFactory.createEnhancer(ClassProxyFactory.java:235)
	at org.easymock.internal.ClassProxyFactory.createProxy(ClassProxyFactory.java:163)
	at org.easymock.internal.MocksControl.createMock(MocksControl.java:116)
	at org.easymock.internal.MocksControl.createMock(MocksControl.java:95)
	at org.easymock.EasyMock.mock(EasyMock.java:69)
	at org.easymock.EasyMock.createMock(EasyMock.java:311)
	at org.apache.catalina.valves.TestCrawlerSessionManagerValve.createRequestExpectations(TestCrawlerSessionManagerValve.java:185)
	at org.apache.catalina.valves.TestCrawlerSessionManagerValve.createRequestExpectations(TestCrawlerSessionManagerValve.java:180)
	at org.apache.catalina.valves.TestCrawlerSessionManagerValve.testCrawlerIpsPositive(TestCrawlerSessionManagerValve.java:62)
	at java.base/jdk.internal.reflect.DirectMethodHandleAccessor.invoke(DirectMethodHandleAccessor.java:103)
	at java.base/java.lang.reflect.Method.invoke(Method.java:580)
	at org.junit.runners.model.FrameworkMethod$1.runReflectiveCall(FrameworkMethod.java:50)
	at org.junit.internal.runners.model.ReflectiveCallable.run(ReflectiveCallable.java:12)
	at org.junit.runners.model.FrameworkMethod.invokeExplosively(FrameworkMethod.java:47)
	at org.junit.internal.runners.statements.InvokeMethod.evaluate(InvokeMethod.java:17)
	at org.junit.runners.ParentRunner.runLeaf(ParentRunner.java:325)
	... 18 more

