-------------------------------------------------------------------------------
Test set: org.apache.catalina.valves.TestCrawlerSessionManagerValve
-------------------------------------------------------------------------------
Tests run: 5, Failures: 0, Errors: 5, Skipped: 0, Time elapsed: 0.022 sec <<< FAILURE!
testCrawlerIpsPositive(org.apache.catalina.valves.TestCrawlerSessionManagerValve)  Time elapsed: 0.021 sec  <<< ERROR!
java.lang.ExceptionInInitializerError
	at org.easymock.internal.ClassProxyFactory.createEnhancer(ClassProxyFactory.java:235)
	at org.easymock.internal.ClassProxyFactory.createProxy(ClassProxyFactory.java:163)
	at org.easymock.internal.MocksControl.createMock(MocksControl.java:116)
	at org.easymock.internal.MocksControl.createMock(MocksControl.java:95)
	at org.easymock.EasyMock.mock(EasyMock.java:69)
	at org.easymock.EasyMock.createMock(EasyMock.java:311)
	at org.apache.catalina.valves.TestCrawlerSessionManagerValve.createRequestExpectations(TestCrawlerSessionManagerValve.java:185)
	at org.apache.catalina.valves.TestCrawlerSessionManagerValve.createRequestExpectations(TestCrawlerSessionManagerValve.java:180)
	at org.apache.catalina.valves.TestCrawlerSessionManagerValve.testCrawlerIpsPositive(TestCrawlerSessionManagerValve.java:62)
	at java.base/jdk.internal.reflect.DirectMethodHandleAccessor.invoke(DirectMethodHandleAccessor.java:103)
	at java.base/java.lang.reflect.Method.invoke(Method.java:580)
	at org.junit.runners.model.FrameworkMethod$1.runReflectiveCall(FrameworkMethod.java:50)
	at org.junit.internal.runners.model.ReflectiveCallable.run(ReflectiveCallable.java:12)
	at org.junit.runners.model.FrameworkMethod.invokeExplosively(FrameworkMethod.java:47)
	at org.junit.internal.runners.statements.InvokeMethod.evaluate(InvokeMethod.java:17)
	at org.junit.runners.ParentRunner.runLeaf(ParentRunner.java:325)
	at org.junit.runners.BlockJUnit4ClassRunner.runChild(BlockJUnit4ClassRunner.java:78)
	at org.junit.runners.BlockJUnit4ClassRunner.runChild(BlockJUnit4ClassRunner.java:57)
	at org.junit.runners.ParentRunner$3.run(ParentRunner.java:290)
	at org.junit.runners.ParentRunner$1.schedule(ParentRunner.java:71)
	at org.junit.runners.ParentRunner.runChildren(ParentRunner.java:288)
	at org.junit.runners.ParentRunner.access$000(ParentRunner.java:58)
	at org.junit.runners.ParentRunner$2.evaluate(ParentRunner.java:268)
	at org.junit.runners.ParentRunner.run(ParentRunner.java:363)
	at org.apache.maven.surefire.junit4.JUnit4Provider.execute(JUnit4Provider.java:252)
	at org.apache.maven.surefire.junit4.JUnit4Provider.executeTestSet(JUnit4Provider.java:141)
	at org.apache.maven.surefire.junit4.JUnit4Provider.invoke(JUnit4Provider.java:112)
	at java.base/jdk.internal.reflect.DirectMethodHandleAccessor.invoke(DirectMethodHandleAccessor.java:103)
	at java.base/java.lang.reflect.Method.invoke(Method.java:580)
	at org.apache.maven.surefire.util.ReflectionUtils.invokeMethodWithArray(ReflectionUtils.java:189)
	at org.apache.maven.surefire.booter.ProviderFactory$ProviderProxy.invoke(ProviderFactory.java:165)
	at org.apache.maven.surefire.booter.ProviderFactory.invokeProvider(ProviderFactory.java:85)
	at org.apache.maven.surefire.booter.ForkedBooter.runSuitesInProcess(ForkedBooter.java:115)
	at org.apache.maven.surefire.booter.ForkedBooter.main(ForkedBooter.java:75)
Caused by: org.easymock.cglib.core.CodeGenerationException: java.lang.reflect.InaccessibleObjectException-->Unable to make protected final java.lang.Class java.lang.ClassLoader.defineClass(java.lang.String,byte[],int,int,java.security.ProtectionDomain) throws java.lang.ClassFormatError accessible: module java.base does not "opens java.lang" to unnamed module @56ed9f5e
	at org.easymock.cglib.core.ReflectUtils.defineClass(ReflectUtils.java:464)
	at org.easymock.cglib.core.AbstractClassGenerator.generate(AbstractClassGenerator.java:336)
	at org.easymock.cglib.core.AbstractClassGenerator$ClassLoaderData$3.apply(AbstractClassGenerator.java:93)
	at org.easymock.cglib.core.AbstractClassGenerator$ClassLoaderData$3.apply(AbstractClassGenerator.java:91)
	at org.easymock.cglib.core.internal.LoadingCache$2.call(LoadingCache.java:54)
	at java.base/java.util.concurrent.FutureTask.run(FutureTask.java:317)
	at org.easymock.cglib.core.internal.LoadingCache.createEntry(LoadingCache.java:61)
	at org.easymock.cglib.core.internal.LoadingCache.get(LoadingCache.java:34)
	at org.easymock.cglib.core.AbstractClassGenerator$ClassLoaderData.get(AbstractClassGenerator.java:116)
	at org.easymock.cglib.core.AbstractClassGenerator.create(AbstractClassGenerator.java:291)
	at org.easymock.cglib.core.KeyFactory$Generator.create(KeyFactory.java:221)
	at org.easymock.cglib.core.KeyFactory.create(KeyFactory.java:174)
	at org.easymock.cglib.core.KeyFactory.create(KeyFactory.java:153)
	at org.easymock.cglib.proxy.Enhancer.<clinit>(Enhancer.java:73)
	... 34 more
Caused by: java.lang.reflect.InaccessibleObjectException: Unable to make protected final java.lang.Class java.lang.ClassLoader.defineClass(java.lang.String,byte[],int,int,java.security.ProtectionDomain) throws java.lang.ClassFormatError accessible: module java.base does not "opens java.lang" to unnamed module @56ed9f5e
	at java.base/java.lang.reflect.AccessibleObject.throwInaccessibleObjectException(AccessibleObject.java:388)
	at java.base/java.lang.reflect.AccessibleObject.checkCanSetAccessible(AccessibleObject.java:364)
	at java.base/java.lang.reflect.AccessibleObject.checkCanSetAccessible(AccessibleObject.java:312)
	at java.base/java.lang.reflect.Method.checkCanSetAccessible(Method.java:203)
	at java.base/java.lang.reflect.Method.setAccessible(Method.java:197)
	at org.easymock.cglib.core.ReflectUtils$1.run(ReflectUtils.java:61)
	at java.base/java.security.AccessController.doPrivileged(AccessController.java:571)
	at org.easymock.cglib.core.ReflectUtils.<clinit>(ReflectUtils.java:52)
	at org.easymock.cglib.core.KeyFactory$Generator.generateClass(KeyFactory.java:243)
	at org.easymock.cglib.core.DefaultGeneratorStrategy.generate(DefaultGeneratorStrategy.java:25)
	at org.easymock.cglib.core.AbstractClassGenerator.generate(AbstractClassGenerator.java:329)
	... 46 more

testCrawlerIpsNegative(org.apache.catalina.valves.TestCrawlerSessionManagerValve)  Time elapsed: 0.001 sec  <<< ERROR!
java.lang.NoClassDefFoundError: Could not initialize class org.easymock.internal.ClassProxyFactory$2
	at org.easymock.internal.ClassProxyFactory.createEnhancer(ClassProxyFactory.java:235)
	at org.easymock.internal.ClassProxyFactory.createProxy(ClassProxyFactory.java:163)
	at org.easymock.internal.MocksControl.createMock(MocksControl.java:116)
	at org.easymock.internal.MocksControl.createMock(MocksControl.java:95)
	at org.easymock.EasyMock.mock(EasyMock.java:69)
	at org.easymock.EasyMock.createMock(EasyMock.java:311)
	at org.apache.catalina.valves.TestCrawlerSessionManagerValve.createRequestExpectations(TestCrawlerSessionManagerValve.java:185)
	at org.apache.catalina.valves.TestCrawlerSessionManagerValve.createRequestExpectations(TestCrawlerSessionManagerValve.java:180)
	at org.apache.catalina.valves.TestCrawlerSessionManagerValve.testCrawlerIpsNegative(TestCrawlerSessionManagerValve.java:78)
	at java.base/jdk.internal.reflect.DirectMethodHandleAccessor.invoke(DirectMethodHandleAccessor.java:103)
	at java.base/java.lang.reflect.Method.invoke(Method.java:580)
	at org.junit.runners.model.FrameworkMethod$1.runReflectiveCall(FrameworkMethod.java:50)
	at org.junit.internal.runners.model.ReflectiveCallable.run(ReflectiveCallable.java:12)
	at org.junit.runners.model.FrameworkMethod.invokeExplosively(FrameworkMethod.java:47)
	at org.junit.internal.runners.statements.InvokeMethod.evaluate(InvokeMethod.java:17)
	at org.junit.runners.ParentRunner.runLeaf(ParentRunner.java:325)
	at org.junit.runners.BlockJUnit4ClassRunner.runChild(BlockJUnit4ClassRunner.java:78)
	at org.junit.runners.BlockJUnit4ClassRunner.runChild(BlockJUnit4ClassRunner.java:57)
	at org.junit.runners.ParentRunner$3.run(ParentRunner.java:290)
	at org.junit.runners.ParentRunner$1.schedule(ParentRunner.java:71)
	at org.junit.runners.ParentRunner.runChildren(ParentRunner.java:288)
	at org.junit.runners.ParentRunner.access$000(ParentRunner.java:58)
	at org.junit.runners.ParentRunner$2.evaluate(ParentRunner.java:268)
	at org.junit.runners.ParentRunner.run(ParentRunner.java:363)
	at org.apache.maven.surefire.junit4.JUnit4Provider.execute(JUnit4Provider.java:252)
	at org.apache.maven.surefire.junit4.JUnit4Provider.executeTestSet(JUnit4Provider.java:141)
	at org.apache.maven.surefire.junit4.JUnit4Provider.invoke(JUnit4Provider.java:112)
	at java.base/jdk.internal.reflect.DirectMethodHandleAccessor.invoke(DirectMethodHandleAccessor.java:103)
	at java.base/java.lang.reflect.Method.invoke(Method.java:580)
	at org.apache.maven.surefire.util.ReflectionUtils.invokeMethodWithArray(ReflectionUtils.java:189)
	at org.apache.maven.surefire.booter.ProviderFactory$ProviderProxy.invoke(ProviderFactory.java:165)
	at org.apache.maven.surefire.booter.ProviderFactory.invokeProvider(ProviderFactory.java:85)
	at org.apache.maven.surefire.booter.ForkedBooter.runSuitesInProcess(ForkedBooter.java:115)
	at org.apache.maven.surefire.booter.ForkedBooter.main(ForkedBooter.java:75)
Caused by: java.lang.ExceptionInInitializerError: Exception java.lang.ExceptionInInitializerError [in thread "main"]
	at org.easymock.internal.ClassProxyFactory.createEnhancer(ClassProxyFactory.java:235)
	at org.easymock.internal.ClassProxyFactory.createProxy(ClassProxyFactory.java:163)
	at org.easymock.internal.MocksControl.createMock(MocksControl.java:116)
	at org.easymock.internal.MocksControl.createMock(MocksControl.java:95)
	at org.easymock.EasyMock.mock(EasyMock.java:69)
	at org.easymock.EasyMock.createMock(EasyMock.java:311)
	at org.apache.catalina.valves.TestCrawlerSessionManagerValve.createRequestExpectations(TestCrawlerSessionManagerValve.java:185)
	at org.apache.catalina.valves.TestCrawlerSessionManagerValve.createRequestExpectations(TestCrawlerSessionManagerValve.java:180)
	at org.apache.catalina.valves.TestCrawlerSessionManagerValve.testCrawlerIpsPositive(TestCrawlerSessionManagerValve.java:62)
	... 25 more

testCrawlerMultipleHostsHostAware(org.apache.catalina.valves.TestCrawlerSessionManagerValve)  Time elapsed: 0 sec  <<< ERROR!
java.lang.NoClassDefFoundError: Could not initialize class org.easymock.internal.ClassProxyFactory$2
	at org.easymock.internal.ClassProxyFactory.createEnhancer(ClassProxyFactory.java:235)
	at org.easymock.internal.ClassProxyFactory.createProxy(ClassProxyFactory.java:163)
	at org.easymock.internal.MocksControl.createMock(MocksControl.java:116)
	at org.easymock.internal.MocksControl.createMock(MocksControl.java:95)
	at org.easymock.EasyMock.mock(EasyMock.java:69)
	at org.easymock.EasyMock.createMock(EasyMock.java:311)
	at org.apache.catalina.valves.TestCrawlerSessionManagerValve.createRequestExpectations(TestCrawlerSessionManagerValve.java:185)
	at org.apache.catalina.valves.TestCrawlerSessionManagerValve.verifyCrawlingLocalhost(TestCrawlerSessionManagerValve.java:141)
	at org.apache.catalina.valves.TestCrawlerSessionManagerValve.testCrawlerMultipleHostsHostAware(TestCrawlerSessionManagerValve.java:95)
	at java.base/jdk.internal.reflect.DirectMethodHandleAccessor.invoke(DirectMethodHandleAccessor.java:103)
	at java.base/java.lang.reflect.Method.invoke(Method.java:580)
	at org.junit.runners.model.FrameworkMethod$1.runReflectiveCall(FrameworkMethod.java:50)
	at org.junit.internal.runners.model.ReflectiveCallable.run(ReflectiveCallable.java:12)
	at org.junit.runners.model.FrameworkMethod.invokeExplosively(FrameworkMethod.java:47)
	at org.junit.internal.runners.statements.InvokeMethod.evaluate(InvokeMethod.java:17)
	at org.junit.runners.ParentRunner.runLeaf(ParentRunner.java:325)
	at org.junit.runners.BlockJUnit4ClassRunner.runChild(BlockJUnit4ClassRunner.java:78)
	at org.junit.runners.BlockJUnit4ClassRunner.runChild(BlockJUnit4ClassRunner.java:57)
	at org.junit.runners.ParentRunner$3.run(ParentRunner.java:290)
	at org.junit.runners.ParentRunner$1.schedule(ParentRunner.java:71)
	at org.junit.runners.ParentRunner.runChildren(ParentRunner.java:288)
	at org.junit.runners.ParentRunner.access$000(ParentRunner.java:58)
	at org.junit.runners.ParentRunner$2.evaluate(ParentRunner.java:268)
	at org.junit.runners.ParentRunner.run(ParentRunner.java:363)
	at org.apache.maven.surefire.junit4.JUnit4Provider.execute(JUnit4Provider.java:252)
	at org.apache.maven.surefire.junit4.JUnit4Provider.executeTestSet(JUnit4Provider.java:141)
	at org.apache.maven.surefire.junit4.JUnit4Provider.invoke(JUnit4Provider.java:112)
	at java.base/jdk.internal.reflect.DirectMethodHandleAccessor.invoke(DirectMethodHandleAccessor.java:103)
	at java.base/java.lang.reflect.Method.invoke(Method.java:580)
	at org.apache.maven.surefire.util.ReflectionUtils.invokeMethodWithArray(ReflectionUtils.java:189)
	at org.apache.maven.surefire.booter.ProviderFactory$ProviderProxy.invoke(ProviderFactory.java:165)
	at org.apache.maven.surefire.booter.ProviderFactory.invokeProvider(ProviderFactory.java:85)
	at org.apache.maven.surefire.booter.ForkedBooter.runSuitesInProcess(ForkedBooter.java:115)
	at org.apache.maven.surefire.booter.ForkedBooter.main(ForkedBooter.java:75)
Caused by: java.lang.ExceptionInInitializerError: Exception java.lang.ExceptionInInitializerError [in thread "main"]
	at org.easymock.internal.ClassProxyFactory.createEnhancer(ClassProxyFactory.java:235)
	at org.easymock.internal.ClassProxyFactory.createProxy(ClassProxyFactory.java:163)
	at org.easymock.internal.MocksControl.createMock(MocksControl.java:116)
	at org.easymock.internal.MocksControl.createMock(MocksControl.java:95)
	at org.easymock.EasyMock.mock(EasyMock.java:69)
	at org.easymock.EasyMock.createMock(EasyMock.java:311)
	at org.apache.catalina.valves.TestCrawlerSessionManagerValve.createRequestExpectations(TestCrawlerSessionManagerValve.java:185)
	at org.apache.catalina.valves.TestCrawlerSessionManagerValve.createRequestExpectations(TestCrawlerSessionManagerValve.java:180)
	at org.apache.catalina.valves.TestCrawlerSessionManagerValve.testCrawlerIpsPositive(TestCrawlerSessionManagerValve.java:62)
	... 25 more

testCrawlerMultipleContextsContextAware(org.apache.catalina.valves.TestCrawlerSessionManagerValve)  Time elapsed: 0 sec  <<< ERROR!
java.lang.NoClassDefFoundError: Could not initialize class org.easymock.internal.ClassProxyFactory$2
	at org.easymock.internal.ClassProxyFactory.createEnhancer(ClassProxyFactory.java:235)
	at org.easymock.internal.ClassProxyFactory.createProxy(ClassProxyFactory.java:163)
	at org.easymock.internal.MocksControl.createMock(MocksControl.java:116)
	at org.easymock.internal.MocksControl.createMock(MocksControl.java:95)
	at org.easymock.EasyMock.mock(EasyMock.java:69)
	at org.easymock.EasyMock.createMock(EasyMock.java:311)
	at org.apache.catalina.valves.TestCrawlerSessionManagerValve.createRequestExpectations(TestCrawlerSessionManagerValve.java:185)
	at org.apache.catalina.valves.TestCrawlerSessionManagerValve.verifyCrawlingContext(TestCrawlerSessionManagerValve.java:154)
	at org.apache.catalina.valves.TestCrawlerSessionManagerValve.testCrawlerMultipleContextsContextAware(TestCrawlerSessionManagerValve.java:107)
	at java.base/jdk.internal.reflect.DirectMethodHandleAccessor.invoke(DirectMethodHandleAccessor.java:103)
	at java.base/java.lang.reflect.Method.invoke(Method.java:580)
	at org.junit.runners.model.FrameworkMethod$1.runReflectiveCall(FrameworkMethod.java:50)
	at org.junit.internal.runners.model.ReflectiveCallable.run(ReflectiveCallable.java:12)
	at org.junit.runners.model.FrameworkMethod.invokeExplosively(FrameworkMethod.java:47)
	at org.junit.internal.runners.statements.InvokeMethod.evaluate(InvokeMethod.java:17)
	at org.junit.runners.ParentRunner.runLeaf(ParentRunner.java:325)
	at org.junit.runners.BlockJUnit4ClassRunner.runChild(BlockJUnit4ClassRunner.java:78)
	at org.junit.runners.BlockJUnit4ClassRunner.runChild(BlockJUnit4ClassRunner.java:57)
	at org.junit.runners.ParentRunner$3.run(ParentRunner.java:290)
	at org.junit.runners.ParentRunner$1.schedule(ParentRunner.java:71)
	at org.junit.runners.ParentRunner.runChildren(ParentRunner.java:288)
	at org.junit.runners.ParentRunner.access$000(ParentRunner.java:58)
	at org.junit.runners.ParentRunner$2.evaluate(ParentRunner.java:268)
	at org.junit.runners.ParentRunner.run(ParentRunner.java:363)
	at org.apache.maven.surefire.junit4.JUnit4Provider.execute(JUnit4Provider.java:252)
	at org.apache.maven.surefire.junit4.JUnit4Provider.executeTestSet(JUnit4Provider.java:141)
	at org.apache.maven.surefire.junit4.JUnit4Provider.invoke(JUnit4Provider.java:112)
	at java.base/jdk.internal.reflect.DirectMethodHandleAccessor.invoke(DirectMethodHandleAccessor.java:103)
	at java.base/java.lang.reflect.Method.invoke(Method.java:580)
	at org.apache.maven.surefire.util.ReflectionUtils.invokeMethodWithArray(ReflectionUtils.java:189)
	at org.apache.maven.surefire.booter.ProviderFactory$ProviderProxy.invoke(ProviderFactory.java:165)
	at org.apache.maven.surefire.booter.ProviderFactory.invokeProvider(ProviderFactory.java:85)
	at org.apache.maven.surefire.booter.ForkedBooter.runSuitesInProcess(ForkedBooter.java:115)
	at org.apache.maven.surefire.booter.ForkedBooter.main(ForkedBooter.java:75)
Caused by: java.lang.ExceptionInInitializerError: Exception java.lang.ExceptionInInitializerError [in thread "main"]
	at org.easymock.internal.ClassProxyFactory.createEnhancer(ClassProxyFactory.java:235)
	at org.easymock.internal.ClassProxyFactory.createProxy(ClassProxyFactory.java:163)
	at org.easymock.internal.MocksControl.createMock(MocksControl.java:116)
	at org.easymock.internal.MocksControl.createMock(MocksControl.java:95)
	at org.easymock.EasyMock.mock(EasyMock.java:69)
	at org.easymock.EasyMock.createMock(EasyMock.java:311)
	at org.apache.catalina.valves.TestCrawlerSessionManagerValve.createRequestExpectations(TestCrawlerSessionManagerValve.java:185)
	at org.apache.catalina.valves.TestCrawlerSessionManagerValve.createRequestExpectations(TestCrawlerSessionManagerValve.java:180)
	at org.apache.catalina.valves.TestCrawlerSessionManagerValve.testCrawlerIpsPositive(TestCrawlerSessionManagerValve.java:62)
	... 25 more

testCrawlersSessionIdIsRemovedAfterSessionExpiry(org.apache.catalina.valves.TestCrawlerSessionManagerValve)  Time elapsed: 0 sec  <<< ERROR!
java.lang.NoClassDefFoundError: Could not initialize class org.easymock.internal.ClassProxyFactory$2
	at org.easymock.internal.ClassProxyFactory.createEnhancer(ClassProxyFactory.java:235)
	at org.easymock.internal.ClassProxyFactory.createProxy(ClassProxyFactory.java:163)
	at org.easymock.internal.MocksControl.createMock(MocksControl.java:116)
	at org.easymock.internal.MocksControl.createMock(MocksControl.java:95)
	at org.easymock.EasyMock.mock(EasyMock.java:69)
	at org.easymock.EasyMock.createMock(EasyMock.java:311)
	at org.apache.catalina.valves.TestCrawlerSessionManagerValve.createRequestExpectations(TestCrawlerSessionManagerValve.java:185)
	at org.apache.catalina.valves.TestCrawlerSessionManagerValve.createRequestExpectations(TestCrawlerSessionManagerValve.java:180)
	at org.apache.catalina.valves.TestCrawlerSessionManagerValve.testCrawlersSessionIdIsRemovedAfterSessionExpiry(TestCrawlerSessionManagerValve.java:122)
	at java.base/jdk.internal.reflect.DirectMethodHandleAccessor.invoke(DirectMethodHandleAccessor.java:103)
	at java.base/java.lang.reflect.Method.invoke(Method.java:580)
	at org.junit.runners.model.FrameworkMethod$1.runReflectiveCall(FrameworkMethod.java:50)
	at org.junit.internal.runners.model.ReflectiveCallable.run(ReflectiveCallable.java:12)
	at org.junit.runners.model.FrameworkMethod.invokeExplosively(FrameworkMethod.java:47)
	at org.junit.internal.runners.statements.InvokeMethod.evaluate(InvokeMethod.java:17)
	at org.junit.runners.ParentRunner.runLeaf(ParentRunner.java:325)
	at org.junit.runners.BlockJUnit4ClassRunner.runChild(BlockJUnit4ClassRunner.java:78)
	at org.junit.runners.BlockJUnit4ClassRunner.runChild(BlockJUnit4ClassRunner.java:57)
	at org.junit.runners.ParentRunner$3.run(ParentRunner.java:290)
	at org.junit.runners.ParentRunner$1.schedule(ParentRunner.java:71)
	at org.junit.runners.ParentRunner.runChildren(ParentRunner.java:288)
	at org.junit.runners.ParentRunner.access$000(ParentRunner.java:58)
	at org.junit.runners.ParentRunner$2.evaluate(ParentRunner.java:268)
	at org.junit.runners.ParentRunner.run(ParentRunner.java:363)
	at org.apache.maven.surefire.junit4.JUnit4Provider.execute(JUnit4Provider.java:252)
	at org.apache.maven.surefire.junit4.JUnit4Provider.executeTestSet(JUnit4Provider.java:141)
	at org.apache.maven.surefire.junit4.JUnit4Provider.invoke(JUnit4Provider.java:112)
	at java.base/jdk.internal.reflect.DirectMethodHandleAccessor.invoke(DirectMethodHandleAccessor.java:103)
	at java.base/java.lang.reflect.Method.invoke(Method.java:580)
	at org.apache.maven.surefire.util.ReflectionUtils.invokeMethodWithArray(ReflectionUtils.java:189)
	at org.apache.maven.surefire.booter.ProviderFactory$ProviderProxy.invoke(ProviderFactory.java:165)
	at org.apache.maven.surefire.booter.ProviderFactory.invokeProvider(ProviderFactory.java:85)
	at org.apache.maven.surefire.booter.ForkedBooter.runSuitesInProcess(ForkedBooter.java:115)
	at org.apache.maven.surefire.booter.ForkedBooter.main(ForkedBooter.java:75)
Caused by: java.lang.ExceptionInInitializerError: Exception java.lang.ExceptionInInitializerError [in thread "main"]
	at org.easymock.internal.ClassProxyFactory.createEnhancer(ClassProxyFactory.java:235)
	at org.easymock.internal.ClassProxyFactory.createProxy(ClassProxyFactory.java:163)
	at org.easymock.internal.MocksControl.createMock(MocksControl.java:116)
	at org.easymock.internal.MocksControl.createMock(MocksControl.java:95)
	at org.easymock.EasyMock.mock(EasyMock.java:69)
	at org.easymock.EasyMock.createMock(EasyMock.java:311)
	at org.apache.catalina.valves.TestCrawlerSessionManagerValve.createRequestExpectations(TestCrawlerSessionManagerValve.java:185)
	at org.apache.catalina.valves.TestCrawlerSessionManagerValve.createRequestExpectations(TestCrawlerSessionManagerValve.java:180)
	at org.apache.catalina.valves.TestCrawlerSessionManagerValve.testCrawlerIpsPositive(TestCrawlerSessionManagerValve.java:62)
	... 25 more

