<?xml version="1.0" encoding="UTF-8" ?>
<testsuite tests="45" failures="0" name="org.apache.catalina.core.TestApplicationContextGetRequestDispatcherB" time="0.171" errors="0" skipped="0">
  <properties>
[...]
</properties>
  <testcase classname="org.apache.catalina.core.TestApplicationContextGetRequestDispatcherB" name="doTest[0: startMapping[/start], startUri[/start], dispatcherType[INCLUDE], targetMapping[/target], targetUri[/target], useEncodedDispatchPaths[true], expectedRequestURI[/test/start], expectedContextPath[/test], expectedServletPath[/start], expectedPathInfo[null], expectedQueryString[null], expectedMappingMatch[EXACT, expectedMappingPattern[/start], expectedMappingMatchValue[start], expectedMappingServletName[rd], expectedDispatcherRequestURI[/test/target], expectedDispatcherContextPath[/test], expectedDispatcherServletPath[/target], expectedDispatcherPathInfo[null], expectedDispatcherQueryString[null], expectedDispatcherMappingMatch[EXACT],expectedDispatcherMappingPattern[/target], expectedDispatcherMappingMatchValue[target],expectedDispatcherMappingServletName[target],expectedBody]" time="0.009"/>
  <testcase classname="org.apache.catalina.core.TestApplicationContextGetRequestDispatcherB" name="doTest[1: startMapping[/start], startUri[/start], dispatcherType[FORWARD], targetMapping[/target], targetUri[/target], useEncodedDispatchPaths[true], expectedRequestURI[/test/target], expectedContextPath[/test], expectedServletPath[/target], expectedPathInfo[null], expectedQueryString[null], expectedMappingMatch[EXACT, expectedMappingPattern[/target], expectedMappingMatchValue[target], expectedMappingServletName[target], expectedDispatcherRequestURI[/test/start], expectedDispatcherContextPath[/test], expectedDispatcherServletPath[/start], expectedDispatcherPathInfo[null], expectedDispatcherQueryString[null], expectedDispatcherMappingMatch[EXACT],expectedDispatcherMappingPattern[/start], expectedDispatcherMappingMatchValue[start],expectedDispatcherMappingServletName[rd],expectedBody]" time="0.004"/>
  <testcase classname="org.apache.catalina.core.TestApplicationContextGetRequestDispatcherB" name="doTest[2: startMapping[/start], startUri[/start], dispatcherType[ASYNC], targetMapping[/target], targetUri[/target], useEncodedDispatchPaths[true], expectedRequestURI[/test/target], expectedContextPath[/test], expectedServletPath[/target], expectedPathInfo[null], expectedQueryString[null], expectedMappingMatch[EXACT, expectedMappingPattern[/target], expectedMappingMatchValue[target], expectedMappingServletName[target], expectedDispatcherRequestURI[/test/start], expectedDispatcherContextPath[/test], expectedDispatcherServletPath[/start], expectedDispatcherPathInfo[null], expectedDispatcherQueryString[null], expectedDispatcherMappingMatch[EXACT],expectedDispatcherMappingPattern[/start], expectedDispatcherMappingMatchValue[start],expectedDispatcherMappingServletName[rd],expectedBody]" time="0.004"/>
  <testcase classname="org.apache.catalina.core.TestApplicationContextGetRequestDispatcherB" name="doTest[3: startMapping[/start], startUri[/start?abcde=fghij], dispatcherType[INCLUDE], targetMapping[/target], targetUri[/target?zyxwv=utsrq], useEncodedDispatchPaths[true], expectedRequestURI[/test/start], expectedContextPath[/test], expectedServletPath[/start], expectedPathInfo[null], expectedQueryString[abcde=fghij], expectedMappingMatch[EXACT, expectedMappingPattern[/start], expectedMappingMatchValue[start], expectedMappingServletName[rd], expectedDispatcherRequestURI[/test/target], expectedDispatcherContextPath[/test], expectedDispatcherServletPath[/target], expectedDispatcherPathInfo[null], expectedDispatcherQueryString[zyxwv=utsrq], expectedDispatcherMappingMatch[EXACT],expectedDispatcherMappingPattern[/target], expectedDispatcherMappingMatchValue[target],expectedDispatcherMappingServletName[target],expectedBody]" time="0.003"/>
  <testcase classname="org.apache.catalina.core.TestApplicationContextGetRequestDispatcherB" name="doTest[4: startMapping[/start], startUri[/start?abcde=fghij], dispatcherType[FORWARD], targetMapping[/target], targetUri[/target?zyxwv=utsrq], useEncodedDispatchPaths[true], expectedRequestURI[/test/target], expectedContextPath[/test], expectedServletPath[/target], expectedPathInfo[null], expectedQueryString[zyxwv=utsrq], expectedMappingMatch[EXACT, expectedMappingPattern[/target], expectedMappingMatchValue[target], expectedMappingServletName[target], expectedDispatcherRequestURI[/test/start], expectedDispatcherContextPath[/test], expectedDispatcherServletPath[/start], expectedDispatcherPathInfo[null], expectedDispatcherQueryString[abcde=fghij], expectedDispatcherMappingMatch[EXACT],expectedDispatcherMappingPattern[/start], expectedDispatcherMappingMatchValue[start],expectedDispatcherMappingServletName[rd],expectedBody]" time="0.004"/>
  <testcase classname="org.apache.catalina.core.TestApplicationContextGetRequestDispatcherB" name="doTest[5: startMapping[/start], startUri[/start?abcde=fghij], dispatcherType[ASYNC], targetMapping[/target], targetUri[/target?zyxwv=utsrq], useEncodedDispatchPaths[true], expectedRequestURI[/test/target], expectedContextPath[/test], expectedServletPath[/target], expectedPathInfo[null], expectedQueryString[zyxwv=utsrq], expectedMappingMatch[EXACT, expectedMappingPattern[/target], expectedMappingMatchValue[target], expectedMappingServletName[target], expectedDispatcherRequestURI[/test/start], expectedDispatcherContextPath[/test], expectedDispatcherServletPath[/start], expectedDispatcherPathInfo[null], expectedDispatcherQueryString[abcde=fghij], expectedDispatcherMappingMatch[EXACT],expectedDispatcherMappingPattern[/start], expectedDispatcherMappingMatchValue[start],expectedDispatcherMappingServletName[rd],expectedBody]" time="0.003"/>
  <testcase classname="org.apache.catalina.core.TestApplicationContextGetRequestDispatcherB" name="doTest[6: startMapping[/start], startUri[/start;abcde=fghij], dispatcherType[INCLUDE], targetMapping[/target], targetUri[/target], useEncodedDispatchPaths[true], expectedRequestURI[/test/start;abcde=fghij], expectedContextPath[/test], expectedServletPath[/start], expectedPathInfo[null], expectedQueryString[null], expectedMappingMatch[EXACT, expectedMappingPattern[/start], expectedMappingMatchValue[start], expectedMappingServletName[rd], expectedDispatcherRequestURI[/test/target], expectedDispatcherContextPath[/test], expectedDispatcherServletPath[/target], expectedDispatcherPathInfo[null], expectedDispatcherQueryString[null], expectedDispatcherMappingMatch[EXACT],expectedDispatcherMappingPattern[/target], expectedDispatcherMappingMatchValue[target],expectedDispatcherMappingServletName[target],expectedBody]" time="0.004"/>
  <testcase classname="org.apache.catalina.core.TestApplicationContextGetRequestDispatcherB" name="doTest[7: startMapping[/start], startUri[/start;abcde=fghij], dispatcherType[FORWARD], targetMapping[/target], targetUri[/target], useEncodedDispatchPaths[true], expectedRequestURI[/test/target], expectedContextPath[/test], expectedServletPath[/target], expectedPathInfo[null], expectedQueryString[null], expectedMappingMatch[EXACT, expectedMappingPattern[/target], expectedMappingMatchValue[target], expectedMappingServletName[target], expectedDispatcherRequestURI[/test/start;abcde=fghij], expectedDispatcherContextPath[/test], expectedDispatcherServletPath[/start], expectedDispatcherPathInfo[null], expectedDispatcherQueryString[null], expectedDispatcherMappingMatch[EXACT],expectedDispatcherMappingPattern[/start], expectedDispatcherMappingMatchValue[start],expectedDispatcherMappingServletName[rd],expectedBody]" time="0.003"/>
  <testcase classname="org.apache.catalina.core.TestApplicationContextGetRequestDispatcherB" name="doTest[8: startMapping[/start], startUri[/start;abcde=fghij], dispatcherType[ASYNC], targetMapping[/target], targetUri[/target], useEncodedDispatchPaths[true], expectedRequestURI[/test/target], expectedContextPath[/test], expectedServletPath[/target], expectedPathInfo[null], expectedQueryString[null], expectedMappingMatch[EXACT, expectedMappingPattern[/target], expectedMappingMatchValue[target], expectedMappingServletName[target], expectedDispatcherRequestURI[/test/start;abcde=fghij], expectedDispatcherContextPath[/test], expectedDispatcherServletPath[/start], expectedDispatcherPathInfo[null], expectedDispatcherQueryString[null], expectedDispatcherMappingMatch[EXACT],expectedDispatcherMappingPattern[/start], expectedDispatcherMappingMatchValue[start],expectedDispatcherMappingServletName[rd],expectedBody]" time="0.003"/>
  <testcase classname="org.apache.catalina.core.TestApplicationContextGetRequestDispatcherB" name="doTest[9: startMapping[/start], startUri[;abcde=fghij/start], dispatcherType[INCLUDE], targetMapping[/target], targetUri[/target], useEncodedDispatchPaths[true], expectedRequestURI[/test;abcde=fghij/start], expectedContextPath[/test;abcde=fghij], expectedServletPath[/start], expectedPathInfo[null], expectedQueryString[null], expectedMappingMatch[EXACT, expectedMappingPattern[/start], expectedMappingMatchValue[start], expectedMappingServletName[rd], expectedDispatcherRequestURI[/test/target], expectedDispatcherContextPath[/test], expectedDispatcherServletPath[/target], expectedDispatcherPathInfo[null], expectedDispatcherQueryString[null], expectedDispatcherMappingMatch[EXACT],expectedDispatcherMappingPattern[/target], expectedDispatcherMappingMatchValue[target],expectedDispatcherMappingServletName[target],expectedBody]" time="0.004"/>
  <testcase classname="org.apache.catalina.core.TestApplicationContextGetRequestDispatcherB" name="doTest[10: startMapping[/start], startUri[;abcde=fghij/start], dispatcherType[FORWARD], targetMapping[/target], targetUri[/target], useEncodedDispatchPaths[true], expectedRequestURI[/test/target], expectedContextPath[/test], expectedServletPath[/target], expectedPathInfo[null], expectedQueryString[null], expectedMappingMatch[EXACT, expectedMappingPattern[/target], expectedMappingMatchValue[target], expectedMappingServletName[target], expectedDispatcherRequestURI[/test;abcde=fghij/start], expectedDispatcherContextPath[/test;abcde=fghij], expectedDispatcherServletPath[/start], expectedDispatcherPathInfo[null], expectedDispatcherQueryString[null], expectedDispatcherMappingMatch[EXACT],expectedDispatcherMappingPattern[/start], expectedDispatcherMappingMatchValue[start],expectedDispatcherMappingServletName[rd],expectedBody]" time="0.004"/>
  <testcase classname="org.apache.catalina.core.TestApplicationContextGetRequestDispatcherB" name="doTest[11: startMapping[/start], startUri[;abcde=fghij/start], dispatcherType[ASYNC], targetMapping[/target], targetUri[/target], useEncodedDispatchPaths[true], expectedRequestURI[/test/target], expectedContextPath[/test], expectedServletPath[/target], expectedPathInfo[null], expectedQueryString[null], expectedMappingMatch[EXACT, expectedMappingPattern[/target], expectedMappingMatchValue[target], expectedMappingServletName[target], expectedDispatcherRequestURI[/test;abcde=fghij/start], expectedDispatcherContextPath[/test;abcde=fghij], expectedDispatcherServletPath[/start], expectedDispatcherPathInfo[null], expectedDispatcherQueryString[null], expectedDispatcherMappingMatch[EXACT],expectedDispatcherMappingPattern[/start], expectedDispatcherMappingMatchValue[start],expectedDispatcherMappingServletName[rd],expectedBody]" time="0.004"/>
  <testcase classname="org.apache.catalina.core.TestApplicationContextGetRequestDispatcherB" name="doTest[12: startMapping[/start], startUri[/start], dispatcherType[INCLUDE], targetMapping[/target], targetUri[/target;abcde=fghij], useEncodedDispatchPaths[true], expectedRequestURI[/test/start], expectedContextPath[/test], expectedServletPath[/start], expectedPathInfo[null], expectedQueryString[null], expectedMappingMatch[EXACT, expectedMappingPattern[/start], expectedMappingMatchValue[start], expectedMappingServletName[rd], expectedDispatcherRequestURI[/test/target;abcde=fghij], expectedDispatcherContextPath[/test], expectedDispatcherServletPath[/target], expectedDispatcherPathInfo[null], expectedDispatcherQueryString[null], expectedDispatcherMappingMatch[EXACT],expectedDispatcherMappingPattern[/target], expectedDispatcherMappingMatchValue[target],expectedDispatcherMappingServletName[target],expectedBody]" time="0.004"/>
  <testcase classname="org.apache.catalina.core.TestApplicationContextGetRequestDispatcherB" name="doTest[13: startMapping[/start], startUri[/start], dispatcherType[FORWARD], targetMapping[/target], targetUri[/target;abcde=fghij], useEncodedDispatchPaths[true], expectedRequestURI[/test/target;abcde=fghij], expectedContextPath[/test], expectedServletPath[/target], expectedPathInfo[null], expectedQueryString[null], expectedMappingMatch[EXACT, expectedMappingPattern[/target], expectedMappingMatchValue[target], expectedMappingServletName[target], expectedDispatcherRequestURI[/test/start], expectedDispatcherContextPath[/test], expectedDispatcherServletPath[/start], expectedDispatcherPathInfo[null], expectedDispatcherQueryString[null], expectedDispatcherMappingMatch[EXACT],expectedDispatcherMappingPattern[/start], expectedDispatcherMappingMatchValue[start],expectedDispatcherMappingServletName[rd],expectedBody]" time="0.004"/>
  <testcase classname="org.apache.catalina.core.TestApplicationContextGetRequestDispatcherB" name="doTest[14: startMapping[/start], startUri[/start], dispatcherType[ASYNC], targetMapping[/target], targetUri[/target;abcde=fghij], useEncodedDispatchPaths[true], expectedRequestURI[/test/target;abcde=fghij], expectedContextPath[/test], expectedServletPath[/target], expectedPathInfo[null], expectedQueryString[null], expectedMappingMatch[EXACT, expectedMappingPattern[/target], expectedMappingMatchValue[target], expectedMappingServletName[target], expectedDispatcherRequestURI[/test/start], expectedDispatcherContextPath[/test], expectedDispatcherServletPath[/start], expectedDispatcherPathInfo[null], expectedDispatcherQueryString[null], expectedDispatcherMappingMatch[EXACT],expectedDispatcherMappingPattern[/start], expectedDispatcherMappingMatchValue[start],expectedDispatcherMappingServletName[rd],expectedBody]" time="0.004"/>
  <testcase classname="org.apache.catalina.core.TestApplicationContextGetRequestDispatcherB" name="doTest[15: startMapping[/start], startUri[/start;abcde=fghij], dispatcherType[INCLUDE], targetMapping[/target], targetUri[;klmno=pqrst/target;uvwxy=z0123], useEncodedDispatchPaths[true], expectedRequestURI[/test/start;abcde=fghij], expectedContextPath[/test], expectedServletPath[/start], expectedPathInfo[null], expectedQueryString[null], expectedMappingMatch[EXACT, expectedMappingPattern[/start], expectedMappingMatchValue[start], expectedMappingServletName[rd], expectedDispatcherRequestURI[/test/;klmno=pqrst/target;uvwxy=z0123], expectedDispatcherContextPath[/test], expectedDispatcherServletPath[/target], expectedDispatcherPathInfo[null], expectedDispatcherQueryString[null], expectedDispatcherMappingMatch[EXACT],expectedDispatcherMappingPattern[/target], expectedDispatcherMappingMatchValue[target],expectedDispatcherMappingServletName[target],expectedBody]" time="0.004"/>
  <testcase classname="org.apache.catalina.core.TestApplicationContextGetRequestDispatcherB" name="doTest[16: startMapping[/start], startUri[/start;abcde=fghij], dispatcherType[FORWARD], targetMapping[/target], targetUri[;klmno=pqrst/target;uvwxy=z0123], useEncodedDispatchPaths[true], expectedRequestURI[/test/;klmno=pqrst/target;uvwxy=z0123], expectedContextPath[/test], expectedServletPath[/target], expectedPathInfo[null], expectedQueryString[null], expectedMappingMatch[EXACT, expectedMappingPattern[/target], expectedMappingMatchValue[target], expectedMappingServletName[target], expectedDispatcherRequestURI[/test/start;abcde=fghij], expectedDispatcherContextPath[/test], expectedDispatcherServletPath[/start], expectedDispatcherPathInfo[null], expectedDispatcherQueryString[null], expectedDispatcherMappingMatch[EXACT],expectedDispatcherMappingPattern[/start], expectedDispatcherMappingMatchValue[start],expectedDispatcherMappingServletName[rd],expectedBody]" time="0.004"/>
  <testcase classname="org.apache.catalina.core.TestApplicationContextGetRequestDispatcherB" name="doTest[17: startMapping[/start], startUri[/start;abcde=fghij], dispatcherType[ASYNC], targetMapping[/target], targetUri[;klmno=pqrst/target;uvwxy=z0123], useEncodedDispatchPaths[true], expectedRequestURI[/test/;klmno=pqrst/target;uvwxy=z0123], expectedContextPath[/test], expectedServletPath[/target], expectedPathInfo[null], expectedQueryString[null], expectedMappingMatch[EXACT, expectedMappingPattern[/target], expectedMappingMatchValue[target], expectedMappingServletName[target], expectedDispatcherRequestURI[/test/start;abcde=fghij], expectedDispatcherContextPath[/test], expectedDispatcherServletPath[/start], expectedDispatcherPathInfo[null], expectedDispatcherQueryString[null], expectedDispatcherMappingMatch[EXACT],expectedDispatcherMappingPattern[/start], expectedDispatcherMappingMatchValue[start],expectedDispatcherMappingServletName[rd],expectedBody]" time="0.004"/>
  <testcase classname="org.apache.catalina.core.TestApplicationContextGetRequestDispatcherB" name="doTest[18: startMapping[/start/*], startUri[/start/foo], dispatcherType[INCLUDE], targetMapping[/target], targetUri[../target], useEncodedDispatchPaths[true], expectedRequestURI[/test/start/foo], expectedContextPath[/test], expectedServletPath[/start], expectedPathInfo[/foo], expectedQueryString[null], expectedMappingMatch[PATH, expectedMappingPattern[/start/*], expectedMappingMatchValue[foo], expectedMappingServletName[rd], expectedDispatcherRequestURI[/test/start/../target], expectedDispatcherContextPath[/test], expectedDispatcherServletPath[/target], expectedDispatcherPathInfo[null], expectedDispatcherQueryString[null], expectedDispatcherMappingMatch[EXACT],expectedDispatcherMappingPattern[/target], expectedDispatcherMappingMatchValue[target],expectedDispatcherMappingServletName[target],expectedBody]" time="0.004"/>
  <testcase classname="org.apache.catalina.core.TestApplicationContextGetRequestDispatcherB" name="doTest[19: startMapping[/start/*], startUri[/start/foo], dispatcherType[FORWARD], targetMapping[/target], targetUri[../target], useEncodedDispatchPaths[true], expectedRequestURI[/test/start/../target], expectedContextPath[/test], expectedServletPath[/target], expectedPathInfo[null], expectedQueryString[null], expectedMappingMatch[EXACT, expectedMappingPattern[/target], expectedMappingMatchValue[target], expectedMappingServletName[target], expectedDispatcherRequestURI[/test/start/foo], expectedDispatcherContextPath[/test], expectedDispatcherServletPath[/start], expectedDispatcherPathInfo[/foo], expectedDispatcherQueryString[null], expectedDispatcherMappingMatch[PATH],expectedDispatcherMappingPattern[/start/*], expectedDispatcherMappingMatchValue[foo],expectedDispatcherMappingServletName[rd],expectedBody]" time="0.003"/>
  <testcase classname="org.apache.catalina.core.TestApplicationContextGetRequestDispatcherB" name="doTest[20: startMapping[/start/*], startUri[/start/foo], dispatcherType[ASYNC], targetMapping[/target], targetUri[../target], useEncodedDispatchPaths[true], expectedRequestURI[/test/start/../target], expectedContextPath[/test], expectedServletPath[/target], expectedPathInfo[null], expectedQueryString[null], expectedMappingMatch[EXACT, expectedMappingPattern[/target], expectedMappingMatchValue[target], expectedMappingServletName[target], expectedDispatcherRequestURI[/test/start/foo], expectedDispatcherContextPath[/test], expectedDispatcherServletPath[/start], expectedDispatcherPathInfo[/foo], expectedDispatcherQueryString[null], expectedDispatcherMappingMatch[PATH],expectedDispatcherMappingPattern[/start/*], expectedDispatcherMappingMatchValue[foo],expectedDispatcherMappingServletName[rd],expectedBody]" time="0.004"/>
  <testcase classname="org.apache.catalina.core.TestApplicationContextGetRequestDispatcherB" name="doTest[21: startMapping[/start/*], startUri[/start;abcde=fghij/foo], dispatcherType[INCLUDE], targetMapping[/target], targetUri[../target;klmno=pqrst], useEncodedDispatchPaths[true], expectedRequestURI[/test/start;abcde=fghij/foo], expectedContextPath[/test], expectedServletPath[/start], expectedPathInfo[/foo], expectedQueryString[null], expectedMappingMatch[PATH, expectedMappingPattern[/start/*], expectedMappingMatchValue[foo], expectedMappingServletName[rd], expectedDispatcherRequestURI[/test/start/../target;klmno=pqrst], expectedDispatcherContextPath[/test], expectedDispatcherServletPath[/target], expectedDispatcherPathInfo[null], expectedDispatcherQueryString[null], expectedDispatcherMappingMatch[EXACT],expectedDispatcherMappingPattern[/target], expectedDispatcherMappingMatchValue[target],expectedDispatcherMappingServletName[target],expectedBody]" time="0.004"/>
  <testcase classname="org.apache.catalina.core.TestApplicationContextGetRequestDispatcherB" name="doTest[22: startMapping[/start/*], startUri[/start;abcde=fghij/foo], dispatcherType[FORWARD], targetMapping[/target], targetUri[../target;klmno=pqrst], useEncodedDispatchPaths[true], expectedRequestURI[/test/start/../target;klmno=pqrst], expectedContextPath[/test], expectedServletPath[/target], expectedPathInfo[null], expectedQueryString[null], expectedMappingMatch[EXACT, expectedMappingPattern[/target], expectedMappingMatchValue[target], expectedMappingServletName[target], expectedDispatcherRequestURI[/test/start;abcde=fghij/foo], expectedDispatcherContextPath[/test], expectedDispatcherServletPath[/start], expectedDispatcherPathInfo[/foo], expectedDispatcherQueryString[null], expectedDispatcherMappingMatch[PATH],expectedDispatcherMappingPattern[/start/*], expectedDispatcherMappingMatchValue[foo],expectedDispatcherMappingServletName[rd],expectedBody]" time="0.006"/>
  <testcase classname="org.apache.catalina.core.TestApplicationContextGetRequestDispatcherB" name="doTest[23: startMapping[/start/*], startUri[/start;abcde=fghij/foo], dispatcherType[ASYNC], targetMapping[/target], targetUri[../target;klmno=pqrst], useEncodedDispatchPaths[true], expectedRequestURI[/test/start;abcde=fghij/../target;klmno=pqrst], expectedContextPath[/test], expectedServletPath[/target], expectedPathInfo[null], expectedQueryString[null], expectedMappingMatch[EXACT, expectedMappingPattern[/target], expectedMappingMatchValue[target], expectedMappingServletName[target], expectedDispatcherRequestURI[/test/start;abcde=fghij/foo], expectedDispatcherContextPath[/test], expectedDispatcherServletPath[/start], expectedDispatcherPathInfo[/foo], expectedDispatcherQueryString[null], expectedDispatcherMappingMatch[PATH],expectedDispatcherMappingPattern[/start/*], expectedDispatcherMappingMatchValue[foo],expectedDispatcherMappingServletName[rd],expectedBody]" time="0.004"/>
  <testcase classname="org.apache.catalina.core.TestApplicationContextGetRequestDispatcherB" name="doTest[24: startMapping[/start/*], startUri[/start/foo], dispatcherType[INCLUDE], targetMapping[/target], targetUri[../../target], useEncodedDispatchPaths[true], expectedRequestURI[/test/start/foo], expectedContextPath[/test], expectedServletPath[/start], expectedPathInfo[/foo], expectedQueryString[null], expectedMappingMatch[PATH, expectedMappingPattern[/start/*], expectedMappingMatchValue[foo], expectedMappingServletName[rd], expectedDispatcherRequestURI[/test/start/../target], expectedDispatcherContextPath[/test], expectedDispatcherServletPath[/target], expectedDispatcherPathInfo[null], expectedDispatcherQueryString[null], expectedDispatcherMappingMatch[EXACT],expectedDispatcherMappingPattern[/target], expectedDispatcherMappingMatchValue[target],expectedDispatcherMappingServletName[target],expectedBody]" time="0.003"/>
  <testcase classname="org.apache.catalina.core.TestApplicationContextGetRequestDispatcherB" name="doTest[25: startMapping[/start/*], startUri[/start/foo], dispatcherType[FORWARD], targetMapping[/target], targetUri[../../target], useEncodedDispatchPaths[true], expectedRequestURI[/test/start/../target], expectedContextPath[/test], expectedServletPath[/target], expectedPathInfo[null], expectedQueryString[null], expectedMappingMatch[EXACT, expectedMappingPattern[/target], expectedMappingMatchValue[target], expectedMappingServletName[target], expectedDispatcherRequestURI[/test/start/foo], expectedDispatcherContextPath[/test], expectedDispatcherServletPath[/start], expectedDispatcherPathInfo[/foo], expectedDispatcherQueryString[null], expectedDispatcherMappingMatch[PATH],expectedDispatcherMappingPattern[/start/*], expectedDispatcherMappingMatchValue[foo],expectedDispatcherMappingServletName[rd],expectedBody]" time="0.003"/>
  <testcase classname="org.apache.catalina.core.TestApplicationContextGetRequestDispatcherB" name="doTest[26: startMapping[/start/*], startUri[/start/foo], dispatcherType[ASYNC], targetMapping[/target], targetUri[../../target], useEncodedDispatchPaths[true], expectedRequestURI[/test/start/../target], expectedContextPath[/test], expectedServletPath[/target], expectedPathInfo[null], expectedQueryString[null], expectedMappingMatch[EXACT, expectedMappingPattern[/target], expectedMappingMatchValue[target], expectedMappingServletName[target], expectedDispatcherRequestURI[/test/start/foo], expectedDispatcherContextPath[/test], expectedDispatcherServletPath[/start], expectedDispatcherPathInfo[/foo], expectedDispatcherQueryString[null], expectedDispatcherMappingMatch[PATH],expectedDispatcherMappingPattern[/start/*], expectedDispatcherMappingMatchValue[foo],expectedDispatcherMappingServletName[rd],expectedBody]" time="0.003"/>
  <testcase classname="org.apache.catalina.core.TestApplicationContextGetRequestDispatcherB" name="doTest[27: startMapping[/start], startUri[/start], dispatcherType[INCLUDE], targetMapping[/target], targetUri[/does-not-exist], useEncodedDispatchPaths[true], expectedRequestURI[/test/start], expectedContextPath[/test], expectedServletPath[/start], expectedPathInfo[null], expectedQueryString[null], expectedMappingMatch[EXACT, expectedMappingPattern[/start], expectedMappingMatchValue[start], expectedMappingServletName[rd], expectedDispatcherRequestURI[/test/target], expectedDispatcherContextPath[/test], expectedDispatcherServletPath[/target], expectedDispatcherPathInfo[null], expectedDispatcherQueryString[null], expectedDispatcherMappingMatch[EXACT],expectedDispatcherMappingPattern[/target], expectedDispatcherMappingMatchValue[target],expectedDispatcherMappingServletName[target],expectedBody]" time="0.003"/>
  <testcase classname="org.apache.catalina.core.TestApplicationContextGetRequestDispatcherB" name="doTest[28: startMapping[/start], startUri[/start], dispatcherType[FORWARD], targetMapping[/target], targetUri[/does-not-exist], useEncodedDispatchPaths[true], expectedRequestURI[/test/target], expectedContextPath[/test], expectedServletPath[/target], expectedPathInfo[null], expectedQueryString[null], expectedMappingMatch[EXACT, expectedMappingPattern[/target], expectedMappingMatchValue[target], expectedMappingServletName[target], expectedDispatcherRequestURI[/test/start], expectedDispatcherContextPath[/test], expectedDispatcherServletPath[/start], expectedDispatcherPathInfo[null], expectedDispatcherQueryString[null], expectedDispatcherMappingMatch[EXACT],expectedDispatcherMappingPattern[/start], expectedDispatcherMappingMatchValue[start],expectedDispatcherMappingServletName[rd],expectedBody]" time="0.003"/>
  <testcase classname="org.apache.catalina.core.TestApplicationContextGetRequestDispatcherB" name="doTest[29: startMapping[/start], startUri[/start], dispatcherType[ASYNC], targetMapping[/target], targetUri[/does-not-exist], useEncodedDispatchPaths[true], expectedRequestURI[/test/target], expectedContextPath[/test], expectedServletPath[/target], expectedPathInfo[null], expectedQueryString[null], expectedMappingMatch[EXACT, expectedMappingPattern[/target], expectedMappingMatchValue[target], expectedMappingServletName[target], expectedDispatcherRequestURI[/test/start], expectedDispatcherContextPath[/test], expectedDispatcherServletPath[/start], expectedDispatcherPathInfo[null], expectedDispatcherQueryString[null], expectedDispatcherMappingMatch[EXACT],expectedDispatcherMappingPattern[/start], expectedDispatcherMappingMatchValue[start],expectedDispatcherMappingServletName[rd],expectedBody]" time="0.003"/>
  <testcase classname="org.apache.catalina.core.TestApplicationContextGetRequestDispatcherB" name="doTest[30: startMapping[/start], startUri[/start], dispatcherType[INCLUDE], targetMapping[*.html], targetUri[/], useEncodedDispatchPaths[true], expectedRequestURI[/test/start], expectedContextPath[/test], expectedServletPath[/start], expectedPathInfo[null], expectedQueryString[null], expectedMappingMatch[EXACT, expectedMappingPattern[/start], expectedMappingMatchValue[start], expectedMappingServletName[rd], expectedDispatcherRequestURI[/test/], expectedDispatcherContextPath[/test], expectedDispatcherServletPath[/index.html], expectedDispatcherPathInfo[null], expectedDispatcherQueryString[null], expectedDispatcherMappingMatch[EXTENSION],expectedDispatcherMappingPattern[*.html], expectedDispatcherMappingMatchValue[index],expectedDispatcherMappingServletName[target],expectedBody]" time="0.005"/>
  <testcase classname="org.apache.catalina.core.TestApplicationContextGetRequestDispatcherB" name="doTest[31: startMapping[/start], startUri[/start], dispatcherType[FORWARD], targetMapping[*.html], targetUri[/], useEncodedDispatchPaths[true], expectedRequestURI[/test/], expectedContextPath[/test], expectedServletPath[/index.html], expectedPathInfo[null], expectedQueryString[null], expectedMappingMatch[EXTENSION, expectedMappingPattern[*.html], expectedMappingMatchValue[index], expectedMappingServletName[target], expectedDispatcherRequestURI[/test/start], expectedDispatcherContextPath[/test], expectedDispatcherServletPath[/start], expectedDispatcherPathInfo[null], expectedDispatcherQueryString[null], expectedDispatcherMappingMatch[EXACT],expectedDispatcherMappingPattern[/start], expectedDispatcherMappingMatchValue[start],expectedDispatcherMappingServletName[rd],expectedBody]" time="0.003"/>
  <testcase classname="org.apache.catalina.core.TestApplicationContextGetRequestDispatcherB" name="doTest[32: startMapping[/start], startUri[/start], dispatcherType[ASYNC], targetMapping[*.html], targetUri[/], useEncodedDispatchPaths[true], expectedRequestURI[/test/], expectedContextPath[/test], expectedServletPath[/index.html], expectedPathInfo[null], expectedQueryString[null], expectedMappingMatch[EXTENSION, expectedMappingPattern[*.html], expectedMappingMatchValue[index], expectedMappingServletName[target], expectedDispatcherRequestURI[/test/start], expectedDispatcherContextPath[/test], expectedDispatcherServletPath[/start], expectedDispatcherPathInfo[null], expectedDispatcherQueryString[null], expectedDispatcherMappingMatch[EXACT],expectedDispatcherMappingPattern[/start], expectedDispatcherMappingMatchValue[start],expectedDispatcherMappingServletName[rd],expectedBody]" time="0.004"/>
  <testcase classname="org.apache.catalina.core.TestApplicationContextGetRequestDispatcherB" name="doTest[33: startMapping[/start], startUri[/start?abcde=fghij], dispatcherType[INCLUDE], targetMapping[*.html], targetUri[/?zyxwv=utsrq], useEncodedDispatchPaths[true], expectedRequestURI[/test/start], expectedContextPath[/test], expectedServletPath[/start], expectedPathInfo[null], expectedQueryString[abcde=fghij], expectedMappingMatch[EXACT, expectedMappingPattern[/start], expectedMappingMatchValue[start], expectedMappingServletName[rd], expectedDispatcherRequestURI[/test/], expectedDispatcherContextPath[/test], expectedDispatcherServletPath[/index.html], expectedDispatcherPathInfo[null], expectedDispatcherQueryString[zyxwv=utsrq], expectedDispatcherMappingMatch[EXTENSION],expectedDispatcherMappingPattern[*.html], expectedDispatcherMappingMatchValue[index],expectedDispatcherMappingServletName[target],expectedBody]" time="0.003"/>
  <testcase classname="org.apache.catalina.core.TestApplicationContextGetRequestDispatcherB" name="doTest[34: startMapping[/start], startUri[/start?abcde=fghij], dispatcherType[FORWARD], targetMapping[*.html], targetUri[/?zyxwv=utsrq], useEncodedDispatchPaths[true], expectedRequestURI[/test/], expectedContextPath[/test], expectedServletPath[/index.html], expectedPathInfo[null], expectedQueryString[zyxwv=utsrq], expectedMappingMatch[EXTENSION, expectedMappingPattern[*.html], expectedMappingMatchValue[index], expectedMappingServletName[target], expectedDispatcherRequestURI[/test/start], expectedDispatcherContextPath[/test], expectedDispatcherServletPath[/start], expectedDispatcherPathInfo[null], expectedDispatcherQueryString[abcde=fghij], expectedDispatcherMappingMatch[EXACT],expectedDispatcherMappingPattern[/start], expectedDispatcherMappingMatchValue[start],expectedDispatcherMappingServletName[rd],expectedBody]" time="0.003"/>
  <testcase classname="org.apache.catalina.core.TestApplicationContextGetRequestDispatcherB" name="doTest[35: startMapping[/start], startUri[/start?abcde=fghij], dispatcherType[ASYNC], targetMapping[*.html], targetUri[/?zyxwv=utsrq], useEncodedDispatchPaths[true], expectedRequestURI[/test/], expectedContextPath[/test], expectedServletPath[/index.html], expectedPathInfo[null], expectedQueryString[zyxwv=utsrq], expectedMappingMatch[EXTENSION, expectedMappingPattern[*.html], expectedMappingMatchValue[index], expectedMappingServletName[target], expectedDispatcherRequestURI[/test/start], expectedDispatcherContextPath[/test], expectedDispatcherServletPath[/start], expectedDispatcherPathInfo[null], expectedDispatcherQueryString[abcde=fghij], expectedDispatcherMappingMatch[EXACT],expectedDispatcherMappingPattern[/start], expectedDispatcherMappingMatchValue[start],expectedDispatcherMappingServletName[rd],expectedBody]" time="0.003"/>
  <testcase classname="org.apache.catalina.core.TestApplicationContextGetRequestDispatcherB" name="doTest[36: startMapping[/start], startUri[/start;abcde=fghij], dispatcherType[INCLUDE], targetMapping[*.html], targetUri[/], useEncodedDispatchPaths[true], expectedRequestURI[/test/start;abcde=fghij], expectedContextPath[/test], expectedServletPath[/start], expectedPathInfo[null], expectedQueryString[null], expectedMappingMatch[EXACT, expectedMappingPattern[/start], expectedMappingMatchValue[start], expectedMappingServletName[rd], expectedDispatcherRequestURI[/test/], expectedDispatcherContextPath[/test], expectedDispatcherServletPath[/index.html], expectedDispatcherPathInfo[null], expectedDispatcherQueryString[null], expectedDispatcherMappingMatch[EXTENSION],expectedDispatcherMappingPattern[*.html], expectedDispatcherMappingMatchValue[index],expectedDispatcherMappingServletName[target],expectedBody]" time="0.004"/>
  <testcase classname="org.apache.catalina.core.TestApplicationContextGetRequestDispatcherB" name="doTest[37: startMapping[/start], startUri[/start;abcde=fghij], dispatcherType[FORWARD], targetMapping[*.html], targetUri[/], useEncodedDispatchPaths[true], expectedRequestURI[/test/], expectedContextPath[/test], expectedServletPath[/index.html], expectedPathInfo[null], expectedQueryString[null], expectedMappingMatch[EXTENSION, expectedMappingPattern[*.html], expectedMappingMatchValue[index], expectedMappingServletName[target], expectedDispatcherRequestURI[/test/start;abcde=fghij], expectedDispatcherContextPath[/test], expectedDispatcherServletPath[/start], expectedDispatcherPathInfo[null], expectedDispatcherQueryString[null], expectedDispatcherMappingMatch[EXACT],expectedDispatcherMappingPattern[/start], expectedDispatcherMappingMatchValue[start],expectedDispatcherMappingServletName[rd],expectedBody]" time="0.004"/>
  <testcase classname="org.apache.catalina.core.TestApplicationContextGetRequestDispatcherB" name="doTest[38: startMapping[/start], startUri[/start;abcde=fghij], dispatcherType[ASYNC], targetMapping[*.html], targetUri[/], useEncodedDispatchPaths[true], expectedRequestURI[/test/], expectedContextPath[/test], expectedServletPath[/index.html], expectedPathInfo[null], expectedQueryString[null], expectedMappingMatch[EXTENSION, expectedMappingPattern[*.html], expectedMappingMatchValue[index], expectedMappingServletName[target], expectedDispatcherRequestURI[/test/start;abcde=fghij], expectedDispatcherContextPath[/test], expectedDispatcherServletPath[/start], expectedDispatcherPathInfo[null], expectedDispatcherQueryString[null], expectedDispatcherMappingMatch[EXACT],expectedDispatcherMappingPattern[/start], expectedDispatcherMappingMatchValue[start],expectedDispatcherMappingServletName[rd],expectedBody]" time="0.003"/>
  <testcase classname="org.apache.catalina.core.TestApplicationContextGetRequestDispatcherB" name="doTest[39: startMapping[/start], startUri[;abcde=fghij/start], dispatcherType[INCLUDE], targetMapping[*.html], targetUri[/], useEncodedDispatchPaths[true], expectedRequestURI[/test;abcde=fghij/start], expectedContextPath[/test;abcde=fghij], expectedServletPath[/start], expectedPathInfo[null], expectedQueryString[null], expectedMappingMatch[EXACT, expectedMappingPattern[/start], expectedMappingMatchValue[start], expectedMappingServletName[rd], expectedDispatcherRequestURI[/test/], expectedDispatcherContextPath[/test], expectedDispatcherServletPath[/index.html], expectedDispatcherPathInfo[null], expectedDispatcherQueryString[null], expectedDispatcherMappingMatch[EXTENSION],expectedDispatcherMappingPattern[*.html], expectedDispatcherMappingMatchValue[index],expectedDispatcherMappingServletName[target],expectedBody]" time="0.004"/>
  <testcase classname="org.apache.catalina.core.TestApplicationContextGetRequestDispatcherB" name="doTest[40: startMapping[/start], startUri[;abcde=fghij/start], dispatcherType[FORWARD], targetMapping[*.html], targetUri[/], useEncodedDispatchPaths[true], expectedRequestURI[/test/], expectedContextPath[/test], expectedServletPath[/index.html], expectedPathInfo[null], expectedQueryString[null], expectedMappingMatch[EXTENSION, expectedMappingPattern[*.html], expectedMappingMatchValue[index], expectedMappingServletName[target], expectedDispatcherRequestURI[/test;abcde=fghij/start], expectedDispatcherContextPath[/test;abcde=fghij], expectedDispatcherServletPath[/start], expectedDispatcherPathInfo[null], expectedDispatcherQueryString[null], expectedDispatcherMappingMatch[EXACT],expectedDispatcherMappingPattern[/start], expectedDispatcherMappingMatchValue[start],expectedDispatcherMappingServletName[rd],expectedBody]" time="0.003"/>
  <testcase classname="org.apache.catalina.core.TestApplicationContextGetRequestDispatcherB" name="doTest[41: startMapping[/start], startUri[;abcde=fghij/start], dispatcherType[ASYNC], targetMapping[*.html], targetUri[/], useEncodedDispatchPaths[true], expectedRequestURI[/test/], expectedContextPath[/test], expectedServletPath[/index.html], expectedPathInfo[null], expectedQueryString[null], expectedMappingMatch[EXTENSION, expectedMappingPattern[*.html], expectedMappingMatchValue[index], expectedMappingServletName[target], expectedDispatcherRequestURI[/test;abcde=fghij/start], expectedDispatcherContextPath[/test;abcde=fghij], expectedDispatcherServletPath[/start], expectedDispatcherPathInfo[null], expectedDispatcherQueryString[null], expectedDispatcherMappingMatch[EXACT],expectedDispatcherMappingPattern[/start], expectedDispatcherMappingMatchValue[start],expectedDispatcherMappingServletName[rd],expectedBody]" time="0.004"/>
  <testcase classname="org.apache.catalina.core.TestApplicationContextGetRequestDispatcherB" name="doTest[42: startMapping[/start], startUri[/start], dispatcherType[INCLUDE], targetMapping[*.html], targetUri[/;abcde=fghij], useEncodedDispatchPaths[true], expectedRequestURI[/test/start], expectedContextPath[/test], expectedServletPath[/start], expectedPathInfo[null], expectedQueryString[null], expectedMappingMatch[EXACT, expectedMappingPattern[/start], expectedMappingMatchValue[start], expectedMappingServletName[rd], expectedDispatcherRequestURI[/test/;abcde=fghij], expectedDispatcherContextPath[/test], expectedDispatcherServletPath[/index.html], expectedDispatcherPathInfo[null], expectedDispatcherQueryString[null], expectedDispatcherMappingMatch[EXTENSION],expectedDispatcherMappingPattern[*.html], expectedDispatcherMappingMatchValue[index],expectedDispatcherMappingServletName[target],expectedBody]" time="0.004"/>
  <testcase classname="org.apache.catalina.core.TestApplicationContextGetRequestDispatcherB" name="doTest[43: startMapping[/start], startUri[/start], dispatcherType[FORWARD], targetMapping[*.html], targetUri[/;abcde=fghij], useEncodedDispatchPaths[true], expectedRequestURI[/test/;abcde=fghij], expectedContextPath[/test], expectedServletPath[/index.html], expectedPathInfo[null], expectedQueryString[null], expectedMappingMatch[EXTENSION, expectedMappingPattern[*.html], expectedMappingMatchValue[index], expectedMappingServletName[target], expectedDispatcherRequestURI[/test/start], expectedDispatcherContextPath[/test], expectedDispatcherServletPath[/start], expectedDispatcherPathInfo[null], expectedDispatcherQueryString[null], expectedDispatcherMappingMatch[EXACT],expectedDispatcherMappingPattern[/start], expectedDispatcherMappingMatchValue[start],expectedDispatcherMappingServletName[rd],expectedBody]" time="0.004"/>
  <testcase classname="org.apache.catalina.core.TestApplicationContextGetRequestDispatcherB" name="doTest[44: startMapping[/start], startUri[/start], dispatcherType[ASYNC], targetMapping[*.html], targetUri[/;abcde=fghij], useEncodedDispatchPaths[true], expectedRequestURI[/test/;abcde=fghij], expectedContextPath[/test], expectedServletPath[/index.html], expectedPathInfo[null], expectedQueryString[null], expectedMappingMatch[EXTENSION, expectedMappingPattern[*.html], expectedMappingMatchValue[index], expectedMappingServletName[target], expectedDispatcherRequestURI[/test/start], expectedDispatcherContextPath[/test], expectedDispatcherServletPath[/start], expectedDispatcherPathInfo[null], expectedDispatcherQueryString[null], expectedDispatcherMappingMatch[EXACT],expectedDispatcherMappingPattern[/start], expectedDispatcherMappingMatchValue[start],expectedDispatcherMappingServletName[rd],expectedBody]" time="0.004"/>
</testsuite>