<?xml version="1.0" encoding="UTF-8" ?>
<testsuite tests="70" failures="0" name="org.apache.catalina.core.TestAsyncContextImpl" time="58.796" errors="4" skipped="0">
  <properties>
    <property name="idea.version" value="2023.1.2"/>
    <property name="java.runtime.name" value="OpenJDK Runtime Environment"/>
    <property name="java.vm.version" value="22.0.1+8-16"/>
    <property name="sun.boot.library.path" value="/Users/icourt/Library/Java/JavaVirtualMachines/openjdk-22.0.1/Contents/Home/lib"/>
    <property name="maven.multiModuleProjectDirectory" value="/Users/icourt/project/openSourceProject/tomcat"/>
    <property name="java.vm.vendor" value="Oracle Corporation"/>
    <property name="java.vendor.url" value="https://java.oracle.com/"/>
    <property name="guice.disable.misplaced.annotation.check" value="true"/>
    <property name="path.separator" value=":"/>
    <property name="java.vm.name" value="OpenJDK 64-Bit Server VM"/>
    <property name="user.script" value="Hans"/>
    <property name="user.country" value="CN"/>
    <property name="sun.java.launcher" value="SUN_STANDARD"/>
    <property name="java.vm.specification.name" value="Java Virtual Machine Specification"/>
    <property name="user.dir" value="/Users/icourt/project/openSourceProject/tomcat"/>
    <property name="java.vm.compressedOopsMode" value="Zero based"/>
    <property name="java.runtime.version" value="22.0.1+8-16"/>
    <property name="os.arch" value="aarch64"/>
    <property name="visualgc.id" value="8370830629500"/>
    <property name="visualvm.id" value="8370830649833"/>
    <property name="java.io.tmpdir" value="/var/folders/9n/8l8yg6m178v_t033y6_5bqs40000gn/T/"/>
    <property name="line.separator" value="
"/>
    <property name="socksProxyPort" value="1086"/>
    <property name="java.vm.specification.vendor" value="Oracle Corporation"/>
    <property name="stderr.encoding" value="UTF-8"/>
    <property name="os.name" value="Mac OS X"/>
    <property name="maven.ext.class.path" value="/Applications/IntelliJ IDEA.app/Contents/plugins/maven/lib/maven-event-listener.jar"/>
    <property name="classworlds.conf" value="/Applications/IntelliJ IDEA.app/Contents/plugins/maven/lib/maven3/bin/m2.conf"/>
    <property name="sun.jnu.encoding" value="UTF-8"/>
    <property name="stdout.encoding" value="UTF-8"/>
    <property name="java.library.path" value="/Users/icourt/Library/Java/Extensions:/Library/Java/Extensions:/Network/Library/Java/Extensions:/System/Library/Java/Extensions:/usr/lib/java:."/>
    <property name="jansi.passthrough" value="true"/>
    <property name="maven.conf" value="/Applications/IntelliJ IDEA.app/Contents/plugins/maven/lib/maven3/conf"/>
    <property name="jdk.debug" value="release"/>
    <property name="java.class.version" value="66.0"/>
    <property name="java.specification.name" value="Java Platform API Specification"/>
    <property name="sun.management.compiler" value="HotSpot 64-Bit Tiered Compilers"/>
    <property name="os.version" value="14.3"/>
    <property name="http.nonProxyHosts" value="feishu.cn|*.feishu.cn|127.0.0.1|FD00::/8|*.FD00::/8|10.0.0.0/8|*.10.0.0.0/8|localhost|*.localhost|alphalawyer.cnÔºå|*.alphalawyer.cnÔºå|FE80::/64|*.FE80::/64|::1|192.168.0.0/16|*.192.168.0.0/16"/>
    <property name="user.home" value="/Users/icourt"/>
    <property name="user.timezone" value="Asia/Shanghai"/>
    <property name="file.encoding" value="UTF-8"/>
    <property name="java.specification.version" value="22"/>
    <property name="user.name" value="icourt"/>
    <property name="java.class.path" value="/Applications/IntelliJ IDEA.app/Contents/plugins/maven/lib/maven3/boot/plexus-classworlds.license:/Applications/IntelliJ IDEA.app/Contents/plugins/maven/lib/maven3/boot/plexus-classworlds-2.6.0.jar"/>
    <property name="socksProxyHost" value="127.0.0.1"/>
    <property name="java.vm.specification.version" value="22"/>
    <property name="sun.arch.data.model" value="64"/>
    <property name="sun.java.command" value="org.codehaus.classworlds.Launcher -Didea.version=2023.1.2 package"/>
    <property name="java.home" value="/Users/icourt/Library/Java/JavaVirtualMachines/openjdk-22.0.1/Contents/Home"/>
    <property name="apple.awt.application.name" value="Launcher"/>
    <property name="user.language" value="zh"/>
    <property name="java.specification.vendor" value="Oracle Corporation"/>
    <property name="java.vm.info" value="mixed mode, sharing"/>
    <property name="java.version" value="22.0.1"/>
    <property name="native.encoding" value="UTF-8"/>
    <property name="java.vendor" value="Oracle Corporation"/>
    <property name="sun.stderr.encoding" value="UTF-8"/>
    <property name="maven.home" value="/Applications/IntelliJ IDEA.app/Contents/plugins/maven/lib/maven3"/>
    <property name="file.separator" value="/"/>
    <property name="java.version.date" value="2024-04-16"/>
    <property name="java.vendor.url.bug" value="https://bugreport.java.com/bugreport/"/>
    <property name="sun.io.unicode.encoding" value="UnicodeBig"/>
    <property name="sun.cpu.endian" value="little"/>
    <property name="sun.stdout.encoding" value="UTF-8"/>
    <property name="socksNonProxyHosts" value="feishu.cn|*.feishu.cn|127.0.0.1|FD00::/8|*.FD00::/8|10.0.0.0/8|*.10.0.0.0/8|localhost|*.localhost|alphalawyer.cnÔºå|*.alphalawyer.cnÔºå|FE80::/64|*.FE80::/64|::1|192.168.0.0/16|*.192.168.0.0/16"/>
    <property name="ftp.nonProxyHosts" value="feishu.cn|*.feishu.cn|127.0.0.1|FD00::/8|*.FD00::/8|10.0.0.0/8|*.10.0.0.0/8|localhost|*.localhost|alphalawyer.cnÔºå|*.alphalawyer.cnÔºå|FE80::/64|*.FE80::/64|::1|192.168.0.0/16|*.192.168.0.0/16"/>
  </properties>
  <testcase classname="org.apache.catalina.core.TestAsyncContextImpl" name="testDispatchErrorWithThreadSingleThenComplete" time="0.633"/>
  <testcase classname="org.apache.catalina.core.TestAsyncContextImpl" name="testDispatchErrorSingleThenComplete" time="0.522"/>
  <testcase classname="org.apache.catalina.core.TestAsyncContextImpl" name="testTimeoutListenerCompleteNonAsyncDispatch" time="1.025"/>
  <testcase classname="org.apache.catalina.core.TestAsyncContextImpl" name="testTimeoutListenerNoCompleteAsyncDispatch" time="4.022"/>
  <testcase classname="org.apache.catalina.core.TestAsyncContextImpl" name="testCanceledPostNoChunking" time="2.072"/>
  <testcase classname="org.apache.catalina.core.TestAsyncContextImpl" name="testDispatchErrorWithThreadMultiple" time="0.524"/>
  <testcase classname="org.apache.catalina.core.TestAsyncContextImpl" name="testDispatchErrorMultiple" time="0.524"/>
  <testcase classname="org.apache.catalina.core.TestAsyncContextImpl" name="testDispatchMultiple" time="0.013"/>
  <testcase classname="org.apache.catalina.core.TestAsyncContextImpl" name="testDispatchFromOtherContainerThread" time="0.11"/>
  <testcase classname="org.apache.catalina.core.TestAsyncContextImpl" name="testBug49528" time="1.013"/>
  <testcase classname="org.apache.catalina.core.TestAsyncContextImpl" name="testBug49567" time="1.017"/>
  <testcase classname="org.apache.catalina.core.TestAsyncContextImpl" name="testBug50352" time="3.019"/>
  <testcase classname="org.apache.catalina.core.TestAsyncContextImpl" name="testBug50753" time="5.018"/>
  <testcase classname="org.apache.catalina.core.TestAsyncContextImpl" name="testBug53337" time="0.007"/>
  <testcase classname="org.apache.catalina.core.TestAsyncContextImpl" name="testBug53843" time="3.019"/>
  <testcase classname="org.apache.catalina.core.TestAsyncContextImpl" name="testBug54178" time="0.013"/>
  <testcase classname="org.apache.catalina.core.TestAsyncContextImpl" name="testBug61185" time="0.01"/>
  <testcase classname="org.apache.catalina.core.TestAsyncContextImpl" name="testBug63816" time="0.008"/>
  <testcase classname="org.apache.catalina.core.TestAsyncContextImpl" name="testEmptyDispatch" time="0.01"/>
  <testcase classname="org.apache.catalina.core.TestAsyncContextImpl" name="testDispatchWithCustomRequestResponse" time="0.006"/>
  <testcase classname="org.apache.catalina.core.TestAsyncContextImpl" name="testTimeoutListenerNoCompleteNoDispatch" time="1.015"/>
  <testcase classname="org.apache.catalina.core.TestAsyncContextImpl" name="testTimeoutErrorDispatchNonAsync" time="1.022"/>
  <testcase classname="org.apache.catalina.core.TestAsyncContextImpl" name="testListeners" time="1.02"/>
  <testcase classname="org.apache.catalina.core.TestAsyncContextImpl" name="testTimeoutDispatchCustomErrorPage" time="6.013"/>
  <testcase classname="org.apache.catalina.core.TestAsyncContextImpl" name="testAsyncContextListenerClearing" time="0.005"/>
  <testcase classname="org.apache.catalina.core.TestAsyncContextImpl" name="testAsyncStartNoComplete" time="3.006"/>
  <testcase classname="org.apache.catalina.core.TestAsyncContextImpl" name="testGetResponseISE" time="0.004"/>
  <testcase classname="org.apache.catalina.core.TestAsyncContextImpl" name="testBug51197a" time="1.508"/>
  <testcase classname="org.apache.catalina.core.TestAsyncContextImpl" name="testBug51197b" time="1.522"/>
  <testcase classname="org.apache.catalina.core.TestAsyncContextImpl" name="testBug51197c" time="1.525"/>
  <testcase classname="org.apache.catalina.core.TestAsyncContextImpl" name="testBug51197d" time="1.524"/>
  <testcase classname="org.apache.catalina.core.TestAsyncContextImpl" name="testBug59219a" time="0.014"/>
  <testcase classname="org.apache.catalina.core.TestAsyncContextImpl" name="testBug59219b" time="0.007"/>
  <testcase classname="org.apache.catalina.core.TestAsyncContextImpl" name="testCanceledPostChunked" time="2.056"/>
  <testcase classname="org.apache.catalina.core.TestAsyncContextImpl" name="testAsyncDispatchUrlWithSpaces" time="0.016"/>
  <testcase classname="org.apache.catalina.core.TestAsyncContextImpl" name="testAsyncStartWithComplete" time="0.01"/>
  <testcase classname="org.apache.catalina.core.TestAsyncContextImpl" name="testDispatchWithThreadDouble" time="0.005"/>
  <testcase classname="org.apache.catalina.core.TestAsyncContextImpl" name="testEmptyDispatchWithCustomRequestResponse" time="0.007"/>
  <testcase classname="org.apache.catalina.core.TestAsyncContextImpl" name="testDispatchWithThreadSingle" time="0.004"/>
  <testcase classname="org.apache.catalina.core.TestAsyncContextImpl" name="testTimeoutListenerCompleteNoDispatch" time="1.013"/>
  <testcase classname="org.apache.catalina.core.TestAsyncContextImpl" name="testTimeoutErrorDispatchAsyncComplete" time="1.023"/>
  <testcase classname="org.apache.catalina.core.TestAsyncContextImpl" name="testDispatchErrorWithThreadDouble" time="0.524"/>
  <testcase classname="org.apache.catalina.core.TestAsyncContextImpl" name="testAsyncIoEnd00" time="0.002">
    <error message="Cannot invoke &quot;java.util.logging.Logger.setLevel(java.util.logging.Level)&quot; because the return value of &quot;java.util.logging.LogManager.getLogger(String)&quot; is null" type="java.lang.NullPointerException">java.lang.NullPointerException: Cannot invoke &quot;java.util.logging.Logger.setLevel(java.util.logging.Level)&quot; because the return value of &quot;java.util.logging.LogManager.getLogger(String)&quot; is null
	at org.apache.catalina.core.TestAsyncContextImpl.doTestAsyncIoEnd(TestAsyncContextImpl.java:2748)
	at org.apache.catalina.core.TestAsyncContextImpl.testAsyncIoEnd00(TestAsyncContextImpl.java:2725)
	at java.base/jdk.internal.reflect.DirectMethodHandleAccessor.invoke(DirectMethodHandleAccessor.java:103)
	at java.base/java.lang.reflect.Method.invoke(Method.java:580)
	at org.junit.runners.model.FrameworkMethod$1.runReflectiveCall(FrameworkMethod.java:50)
	at org.junit.internal.runners.model.ReflectiveCallable.run(ReflectiveCallable.java:12)
	at org.junit.runners.model.FrameworkMethod.invokeExplosively(FrameworkMethod.java:47)
	at org.junit.internal.runners.statements.InvokeMethod.evaluate(InvokeMethod.java:17)
	at org.junit.internal.runners.statements.RunBefores.evaluate(RunBefores.java:26)
	at org.junit.internal.runners.statements.RunAfters.evaluate(RunAfters.java:27)
	at org.junit.rules.TestWatcher$1.evaluate(TestWatcher.java:55)
	at org.junit.rules.RunRules.evaluate(RunRules.java:20)
	at org.junit.runners.ParentRunner.runLeaf(ParentRunner.java:325)
	at org.junit.runners.BlockJUnit4ClassRunner.runChild(BlockJUnit4ClassRunner.java:78)
	at org.junit.runners.BlockJUnit4ClassRunner.runChild(BlockJUnit4ClassRunner.java:57)
	at org.junit.runners.ParentRunner$3.run(ParentRunner.java:290)
	at org.junit.runners.ParentRunner$1.schedule(ParentRunner.java:71)
	at org.junit.runners.ParentRunner.runChildren(ParentRunner.java:288)
	at org.junit.runners.ParentRunner.access$000(ParentRunner.java:58)
	at org.junit.runners.ParentRunner$2.evaluate(ParentRunner.java:268)
	at org.junit.internal.runners.statements.RunBefores.evaluate(RunBefores.java:26)
	at org.junit.internal.runners.statements.RunAfters.evaluate(RunAfters.java:27)
	at org.junit.runners.ParentRunner.run(ParentRunner.java:363)
	at org.apache.maven.surefire.junit4.JUnit4Provider.execute(JUnit4Provider.java:252)
	at org.apache.maven.surefire.junit4.JUnit4Provider.executeTestSet(JUnit4Provider.java:141)
	at org.apache.maven.surefire.junit4.JUnit4Provider.invoke(JUnit4Provider.java:112)
	at java.base/jdk.internal.reflect.DirectMethodHandleAccessor.invoke(DirectMethodHandleAccessor.java:103)
	at java.base/java.lang.reflect.Method.invoke(Method.java:580)
	at org.apache.maven.surefire.util.ReflectionUtils.invokeMethodWithArray(ReflectionUtils.java:189)
	at org.apache.maven.surefire.booter.ProviderFactory$ProviderProxy.invoke(ProviderFactory.java:165)
	at org.apache.maven.surefire.booter.ProviderFactory.invokeProvider(ProviderFactory.java:85)
	at org.apache.maven.surefire.booter.ForkedBooter.runSuitesInProcess(ForkedBooter.java:115)
	at org.apache.maven.surefire.booter.ForkedBooter.main(ForkedBooter.java:75)
</error>
  </testcase>
  <testcase classname="org.apache.catalina.core.TestAsyncContextImpl" name="testAsyncIoEnd01" time="0">
    <error message="Cannot invoke &quot;java.util.logging.Logger.setLevel(java.util.logging.Level)&quot; because the return value of &quot;java.util.logging.LogManager.getLogger(String)&quot; is null" type="java.lang.NullPointerException">java.lang.NullPointerException: Cannot invoke &quot;java.util.logging.Logger.setLevel(java.util.logging.Level)&quot; because the return value of &quot;java.util.logging.LogManager.getLogger(String)&quot; is null
	at org.apache.catalina.core.TestAsyncContextImpl.doTestAsyncIoEnd(TestAsyncContextImpl.java:2748)
	at org.apache.catalina.core.TestAsyncContextImpl.testAsyncIoEnd01(TestAsyncContextImpl.java:2731)
	at java.base/jdk.internal.reflect.DirectMethodHandleAccessor.invoke(DirectMethodHandleAccessor.java:103)
	at java.base/java.lang.reflect.Method.invoke(Method.java:580)
	at org.junit.runners.model.FrameworkMethod$1.runReflectiveCall(FrameworkMethod.java:50)
	at org.junit.internal.runners.model.ReflectiveCallable.run(ReflectiveCallable.java:12)
	at org.junit.runners.model.FrameworkMethod.invokeExplosively(FrameworkMethod.java:47)
	at org.junit.internal.runners.statements.InvokeMethod.evaluate(InvokeMethod.java:17)
	at org.junit.internal.runners.statements.RunBefores.evaluate(RunBefores.java:26)
	at org.junit.internal.runners.statements.RunAfters.evaluate(RunAfters.java:27)
	at org.junit.rules.TestWatcher$1.evaluate(TestWatcher.java:55)
	at org.junit.rules.RunRules.evaluate(RunRules.java:20)
	at org.junit.runners.ParentRunner.runLeaf(ParentRunner.java:325)
	at org.junit.runners.BlockJUnit4ClassRunner.runChild(BlockJUnit4ClassRunner.java:78)
	at org.junit.runners.BlockJUnit4ClassRunner.runChild(BlockJUnit4ClassRunner.java:57)
	at org.junit.runners.ParentRunner$3.run(ParentRunner.java:290)
	at org.junit.runners.ParentRunner$1.schedule(ParentRunner.java:71)
	at org.junit.runners.ParentRunner.runChildren(ParentRunner.java:288)
	at org.junit.runners.ParentRunner.access$000(ParentRunner.java:58)
	at org.junit.runners.ParentRunner$2.evaluate(ParentRunner.java:268)
	at org.junit.internal.runners.statements.RunBefores.evaluate(RunBefores.java:26)
	at org.junit.internal.runners.statements.RunAfters.evaluate(RunAfters.java:27)
	at org.junit.runners.ParentRunner.run(ParentRunner.java:363)
	at org.apache.maven.surefire.junit4.JUnit4Provider.execute(JUnit4Provider.java:252)
	at org.apache.maven.surefire.junit4.JUnit4Provider.executeTestSet(JUnit4Provider.java:141)
	at org.apache.maven.surefire.junit4.JUnit4Provider.invoke(JUnit4Provider.java:112)
	at java.base/jdk.internal.reflect.DirectMethodHandleAccessor.invoke(DirectMethodHandleAccessor.java:103)
	at java.base/java.lang.reflect.Method.invoke(Method.java:580)
	at org.apache.maven.surefire.util.ReflectionUtils.invokeMethodWithArray(ReflectionUtils.java:189)
	at org.apache.maven.surefire.booter.ProviderFactory$ProviderProxy.invoke(ProviderFactory.java:165)
	at org.apache.maven.surefire.booter.ProviderFactory.invokeProvider(ProviderFactory.java:85)
	at org.apache.maven.surefire.booter.ForkedBooter.runSuitesInProcess(ForkedBooter.java:115)
	at org.apache.maven.surefire.booter.ForkedBooter.main(ForkedBooter.java:75)
</error>
  </testcase>
  <testcase classname="org.apache.catalina.core.TestAsyncContextImpl" name="testAsyncIoEnd02" time="0.001">
    <error message="Cannot invoke &quot;java.util.logging.Logger.setLevel(java.util.logging.Level)&quot; because the return value of &quot;java.util.logging.LogManager.getLogger(String)&quot; is null" type="java.lang.NullPointerException">java.lang.NullPointerException: Cannot invoke &quot;java.util.logging.Logger.setLevel(java.util.logging.Level)&quot; because the return value of &quot;java.util.logging.LogManager.getLogger(String)&quot; is null
	at org.apache.catalina.core.TestAsyncContextImpl.doTestAsyncIoEnd(TestAsyncContextImpl.java:2748)
	at org.apache.catalina.core.TestAsyncContextImpl.testAsyncIoEnd02(TestAsyncContextImpl.java:2737)
	at java.base/jdk.internal.reflect.DirectMethodHandleAccessor.invoke(DirectMethodHandleAccessor.java:103)
	at java.base/java.lang.reflect.Method.invoke(Method.java:580)
	at org.junit.runners.model.FrameworkMethod$1.runReflectiveCall(FrameworkMethod.java:50)
	at org.junit.internal.runners.model.ReflectiveCallable.run(ReflectiveCallable.java:12)
	at org.junit.runners.model.FrameworkMethod.invokeExplosively(FrameworkMethod.java:47)
	at org.junit.internal.runners.statements.InvokeMethod.evaluate(InvokeMethod.java:17)
	at org.junit.internal.runners.statements.RunBefores.evaluate(RunBefores.java:26)
	at org.junit.internal.runners.statements.RunAfters.evaluate(RunAfters.java:27)
	at org.junit.rules.TestWatcher$1.evaluate(TestWatcher.java:55)
	at org.junit.rules.RunRules.evaluate(RunRules.java:20)
	at org.junit.runners.ParentRunner.runLeaf(ParentRunner.java:325)
	at org.junit.runners.BlockJUnit4ClassRunner.runChild(BlockJUnit4ClassRunner.java:78)
	at org.junit.runners.BlockJUnit4ClassRunner.runChild(BlockJUnit4ClassRunner.java:57)
	at org.junit.runners.ParentRunner$3.run(ParentRunner.java:290)
	at org.junit.runners.ParentRunner$1.schedule(ParentRunner.java:71)
	at org.junit.runners.ParentRunner.runChildren(ParentRunner.java:288)
	at org.junit.runners.ParentRunner.access$000(ParentRunner.java:58)
	at org.junit.runners.ParentRunner$2.evaluate(ParentRunner.java:268)
	at org.junit.internal.runners.statements.RunBefores.evaluate(RunBefores.java:26)
	at org.junit.internal.runners.statements.RunAfters.evaluate(RunAfters.java:27)
	at org.junit.runners.ParentRunner.run(ParentRunner.java:363)
	at org.apache.maven.surefire.junit4.JUnit4Provider.execute(JUnit4Provider.java:252)
	at org.apache.maven.surefire.junit4.JUnit4Provider.executeTestSet(JUnit4Provider.java:141)
	at org.apache.maven.surefire.junit4.JUnit4Provider.invoke(JUnit4Provider.java:112)
	at java.base/jdk.internal.reflect.DirectMethodHandleAccessor.invoke(DirectMethodHandleAccessor.java:103)
	at java.base/java.lang.reflect.Method.invoke(Method.java:580)
	at org.apache.maven.surefire.util.ReflectionUtils.invokeMethodWithArray(ReflectionUtils.java:189)
	at org.apache.maven.surefire.booter.ProviderFactory$ProviderProxy.invoke(ProviderFactory.java:165)
	at org.apache.maven.surefire.booter.ProviderFactory.invokeProvider(ProviderFactory.java:85)
	at org.apache.maven.surefire.booter.ForkedBooter.runSuitesInProcess(ForkedBooter.java:115)
	at org.apache.maven.surefire.booter.ForkedBooter.main(ForkedBooter.java:75)
</error>
  </testcase>
  <testcase classname="org.apache.catalina.core.TestAsyncContextImpl" name="testAsyncIoEnd03" time="0.001">
    <error message="Cannot invoke &quot;java.util.logging.Logger.setLevel(java.util.logging.Level)&quot; because the return value of &quot;java.util.logging.LogManager.getLogger(String)&quot; is null" type="java.lang.NullPointerException">java.lang.NullPointerException: Cannot invoke &quot;java.util.logging.Logger.setLevel(java.util.logging.Level)&quot; because the return value of &quot;java.util.logging.LogManager.getLogger(String)&quot; is null
	at org.apache.catalina.core.TestAsyncContextImpl.doTestAsyncIoEnd(TestAsyncContextImpl.java:2748)
	at org.apache.catalina.core.TestAsyncContextImpl.testAsyncIoEnd03(TestAsyncContextImpl.java:2743)
	at java.base/jdk.internal.reflect.DirectMethodHandleAccessor.invoke(DirectMethodHandleAccessor.java:103)
	at java.base/java.lang.reflect.Method.invoke(Method.java:580)
	at org.junit.runners.model.FrameworkMethod$1.runReflectiveCall(FrameworkMethod.java:50)
	at org.junit.internal.runners.model.ReflectiveCallable.run(ReflectiveCallable.java:12)
	at org.junit.runners.model.FrameworkMethod.invokeExplosively(FrameworkMethod.java:47)
	at org.junit.internal.runners.statements.InvokeMethod.evaluate(InvokeMethod.java:17)
	at org.junit.internal.runners.statements.RunBefores.evaluate(RunBefores.java:26)
	at org.junit.internal.runners.statements.RunAfters.evaluate(RunAfters.java:27)
	at org.junit.rules.TestWatcher$1.evaluate(TestWatcher.java:55)
	at org.junit.rules.RunRules.evaluate(RunRules.java:20)
	at org.junit.runners.ParentRunner.runLeaf(ParentRunner.java:325)
	at org.junit.runners.BlockJUnit4ClassRunner.runChild(BlockJUnit4ClassRunner.java:78)
	at org.junit.runners.BlockJUnit4ClassRunner.runChild(BlockJUnit4ClassRunner.java:57)
	at org.junit.runners.ParentRunner$3.run(ParentRunner.java:290)
	at org.junit.runners.ParentRunner$1.schedule(ParentRunner.java:71)
	at org.junit.runners.ParentRunner.runChildren(ParentRunner.java:288)
	at org.junit.runners.ParentRunner.access$000(ParentRunner.java:58)
	at org.junit.runners.ParentRunner$2.evaluate(ParentRunner.java:268)
	at org.junit.internal.runners.statements.RunBefores.evaluate(RunBefores.java:26)
	at org.junit.internal.runners.statements.RunAfters.evaluate(RunAfters.java:27)
	at org.junit.runners.ParentRunner.run(ParentRunner.java:363)
	at org.apache.maven.surefire.junit4.JUnit4Provider.execute(JUnit4Provider.java:252)
	at org.apache.maven.surefire.junit4.JUnit4Provider.executeTestSet(JUnit4Provider.java:141)
	at org.apache.maven.surefire.junit4.JUnit4Provider.invoke(JUnit4Provider.java:112)
	at java.base/jdk.internal.reflect.DirectMethodHandleAccessor.invoke(DirectMethodHandleAccessor.java:103)
	at java.base/java.lang.reflect.Method.invoke(Method.java:580)
	at org.apache.maven.surefire.util.ReflectionUtils.invokeMethodWithArray(ReflectionUtils.java:189)
	at org.apache.maven.surefire.booter.ProviderFactory$ProviderProxy.invoke(ProviderFactory.java:165)
	at org.apache.maven.surefire.booter.ProviderFactory.invokeProvider(ProviderFactory.java:85)
	at org.apache.maven.surefire.booter.ForkedBooter.runSuitesInProcess(ForkedBooter.java:115)
	at org.apache.maven.surefire.booter.ForkedBooter.main(ForkedBooter.java:75)
</error>
  </testcase>
  <testcase classname="org.apache.catalina.core.TestAsyncContextImpl" name="testErrorHandling" time="2.028"/>
  <testcase classname="org.apache.catalina.core.TestAsyncContextImpl" name="testDispatchDouble" time="0.011"/>
  <testcase classname="org.apache.catalina.core.TestAsyncContextImpl" name="testDispatchErrorDouble" time="0.52"/>
  <testcase classname="org.apache.catalina.core.TestAsyncContextImpl" name="testCommitOnComplete" time="1.522"/>
  <testcase classname="org.apache.catalina.core.TestAsyncContextImpl" name="testDispatchErrorWithThreadDoubleThenComplete" time="0.523"/>
  <testcase classname="org.apache.catalina.core.TestAsyncContextImpl" name="testDispatchErrorWithThreadSingle" time="0.521"/>
  <testcase classname="org.apache.catalina.core.TestAsyncContextImpl" name="testDispatchErrorDoubleThenComplete" time="0.516"/>
  <testcase classname="org.apache.catalina.core.TestAsyncContextImpl" name="testDispatchSingle" time="0.005"/>
  <testcase classname="org.apache.catalina.core.TestAsyncContextImpl" name="testDispatchErrorSingle" time="0.519"/>
  <testcase classname="org.apache.catalina.core.TestAsyncContextImpl" name="testTimeoutNoListener" time="1.011"/>
  <testcase classname="org.apache.catalina.core.TestAsyncContextImpl" name="testDispatchWithThreadMultiple" time="0.011"/>
  <testcase classname="org.apache.catalina.core.TestAsyncContextImpl" name="testGetRequestISE" time="0.006"/>
  <testcase classname="org.apache.catalina.core.TestAsyncContextImpl" name="testTimeoutErrorDispatchAsyncDispatch" time="1.01"/>
  <testcase classname="org.apache.catalina.core.TestAsyncContextImpl" name="testAsyncRequestURI_24" time="0.007"/>
  <testcase classname="org.apache.catalina.core.TestAsyncContextImpl" name="testAsyncRequestURI_25" time="0.005"/>
  <testcase classname="org.apache.catalina.core.TestAsyncContextImpl" name="testTimeoutErrorDispatchNone" time="1.01"/>
  <testcase classname="org.apache.catalina.core.TestAsyncContextImpl" name="testForbiddenDispatching" time="0.011"/>
  <testcase classname="org.apache.catalina.core.TestAsyncContextImpl" name="testAsyncListenerSupplyRequestResponse" time="0.007"/>
  <testcase classname="org.apache.catalina.core.TestAsyncContextImpl" name="testDispatchErrorWithThreadMultipleThenComplete" time="0.523"/>
  <testcase classname="org.apache.catalina.core.TestAsyncContextImpl" name="testTimeoutListenerNoCompleteNonAsyncDispatch" time="1.019"/>
  <testcase classname="org.apache.catalina.core.TestAsyncContextImpl" name="testTimeoutErrorDispatchAsyncStart" time="1.021"/>
  <testcase classname="org.apache.catalina.core.TestAsyncContextImpl" name="testForwardDispatchUrlWithSpaces" time="0.011"/>
  <testcase classname="org.apache.catalina.core.TestAsyncContextImpl" name="testTimeoutListenerCompleteAsyncDispatch" time="1.024"/>
  <testcase classname="org.apache.catalina.core.TestAsyncContextImpl" name="testDispatchErrorMultipleThenComplete" time="0.523"/>
</testsuite>