<?xml version="1.0" encoding="UTF-8" ?>
<testsuite tests="18" failures="0" name="org.apache.catalina.core.TestAsyncContextStateChanges" time="8.228" errors="0" skipped="0">
  <properties>
[...]
</properties>
  <testcase classname="org.apache.catalina.core.TestAsyncContextStateChanges" name="testAsync[0: end [NONE], timing [INLINE]]" time="1.013"/>
  <testcase classname="org.apache.catalina.core.TestAsyncContextStateChanges" name="testAsync[1: end [NONE], timing [THREAD_COMPLETES_BEFORE_SERVLET_EXIT]]" time="1.014"/>
  <testcase classname="org.apache.catalina.core.TestAsyncContextStateChanges" name="testAsync[2: end [NONE], timing [THREAD_COMPLETES_AFTER_SERVLET_EXIT]]" time="1.015"/>
  <testcase classname="org.apache.catalina.core.TestAsyncContextStateChanges" name="testAsync[3: end [COMPLETE], timing [INLINE]]" time="0.01"/>
  <testcase classname="org.apache.catalina.core.TestAsyncContextStateChanges" name="testAsync[4: end [COMPLETE], timing [THREAD_COMPLETES_BEFORE_SERVLET_EXIT]]" time="0.01"/>
  <testcase classname="org.apache.catalina.core.TestAsyncContextStateChanges" name="testAsync[5: end [COMPLETE], timing [THREAD_COMPLETES_AFTER_SERVLET_EXIT]]" time="1.014"/>
  <testcase classname="org.apache.catalina.core.TestAsyncContextStateChanges" name="testAsync[6: end [DISPATCH], timing [INLINE]]" time="0.012"/>
  <testcase classname="org.apache.catalina.core.TestAsyncContextStateChanges" name="testAsync[7: end [DISPATCH], timing [THREAD_COMPLETES_BEFORE_SERVLET_EXIT]]" time="0.01"/>
  <testcase classname="org.apache.catalina.core.TestAsyncContextStateChanges" name="testAsync[8: end [DISPATCH], timing [THREAD_COMPLETES_AFTER_SERVLET_EXIT]]" time="1.014"/>
  <testcase classname="org.apache.catalina.core.TestAsyncContextStateChanges" name="testAsync[9: end [ERROR_NONE], timing [INLINE]]" time="0.012"/>
  <testcase classname="org.apache.catalina.core.TestAsyncContextStateChanges" name="testAsync[10: end [ERROR_NONE], timing [THREAD_COMPLETES_BEFORE_SERVLET_EXIT]]" time="0.007"/>
  <testcase classname="org.apache.catalina.core.TestAsyncContextStateChanges" name="testAsync[11: end [ERROR_NONE], timing [THREAD_COMPLETES_AFTER_SERVLET_EXIT]]" time="1.019"/>
  <testcase classname="org.apache.catalina.core.TestAsyncContextStateChanges" name="testAsync[12: end [ERROR_COMPLETE], timing [INLINE]]" time="0.012"/>
  <testcase classname="org.apache.catalina.core.TestAsyncContextStateChanges" name="testAsync[13: end [ERROR_COMPLETE], timing [THREAD_COMPLETES_BEFORE_SERVLET_EXIT]]" time="0.008"/>
  <testcase classname="org.apache.catalina.core.TestAsyncContextStateChanges" name="testAsync[14: end [ERROR_COMPLETE], timing [THREAD_COMPLETES_AFTER_SERVLET_EXIT]]" time="1.021"/>
  <testcase classname="org.apache.catalina.core.TestAsyncContextStateChanges" name="testAsync[15: end [ERROR_DISPATCH], timing [INLINE]]" time="0.012"/>
  <testcase classname="org.apache.catalina.core.TestAsyncContextStateChanges" name="testAsync[16: end [ERROR_DISPATCH], timing [THREAD_COMPLETES_BEFORE_SERVLET_EXIT]]" time="0.007"/>
  <testcase classname="org.apache.catalina.core.TestAsyncContextStateChanges" name="testAsync[17: end [ERROR_DISPATCH], timing [THREAD_COMPLETES_AFTER_SERVLET_EXIT]]" time="1.018"/>
</testsuite>