<?xml version="1.0" encoding="UTF-8" ?>
<testsuite tests="4" failures="0" name="org.apache.catalina.util.TestParameterMap" time="0.001" errors="0" skipped="0">
  <properties>
[...]
</properties>
  <testcase classname="org.apache.catalina.util.TestParameterMap" name="testKeySetImmutabilityAfterLocked" time="0"/>
  <testcase classname="org.apache.catalina.util.TestParameterMap" name="testMapImmutabilityAfterLocked" time="0.001"/>
  <testcase classname="org.apache.catalina.util.TestParameterMap" name="testEntrySetImmutabilityAfterLocked" time="0"/>
  <testcase classname="org.apache.catalina.util.TestParameterMap" name="testValuesImmutabilityAfterLocked" time="0"/>
</testsuite>