<?xml version="1.0" encoding="UTF-8" ?>
<testsuite tests="64" failures="0" name="org.apache.catalina.valves.TestLoadBalancerDrainingValve" time="0.021" errors="64" skipped="0">
  <properties>
[...]
</properties>
  <testcase classname="org.apache.catalina.valves.TestLoadBalancerDrainingValve" name="runValve[0: activation[ACT], validSessionID[true], expectInvokeNext[true], enableIgnore[true], queryString[null]]" time="0.009">
    <error message="Could not initialize class org.easymock.internal.ClassProxyFactory$2" type="java.lang.NoClassDefFoundError">java.lang.NoClassDefFoundError: Could not initialize class org.easymock.internal.ClassProxyFactory$2
	at org.easymock.internal.ClassProxyFactory.createEnhancer(ClassProxyFactory.java:235)
	at org.easymock.internal.ClassProxyFactory.createProxy(ClassProxyFactory.java:163)
	at org.easymock.internal.MocksControl.createMock(MocksControl.java:116)
	at org.easymock.internal.MocksControl.createMock(MocksControl.java:95)
	at org.apache.catalina.valves.TestLoadBalancerDrainingValve.runValve(TestLoadBalancerDrainingValve.java:103)
	at java.base/jdk.internal.reflect.DirectMethodHandleAccessor.invoke(DirectMethodHandleAccessor.java:103)
	at java.base/java.lang.reflect.Method.invoke(Method.java:580)
	at org.junit.runners.model.FrameworkMethod$1.runReflectiveCall(FrameworkMethod.java:50)
	at org.junit.internal.runners.model.ReflectiveCallable.run(ReflectiveCallable.java:12)
	at org.junit.runners.model.FrameworkMethod.invokeExplosively(FrameworkMethod.java:47)
	at org.junit.internal.runners.statements.InvokeMethod.evaluate(InvokeMethod.java:17)
	at org.junit.runners.ParentRunner.runLeaf(ParentRunner.java:325)
	at org.junit.runners.BlockJUnit4ClassRunner.runChild(BlockJUnit4ClassRunner.java:78)
	at org.junit.runners.BlockJUnit4ClassRunner.runChild(BlockJUnit4ClassRunner.java:57)
	at org.junit.runners.ParentRunner$3.run(ParentRunner.java:290)
	at org.junit.runners.ParentRunner$1.schedule(ParentRunner.java:71)
	at org.junit.runners.ParentRunner.runChildren(ParentRunner.java:288)
	at org.junit.runners.ParentRunner.access$000(ParentRunner.java:58)
	at org.junit.runners.ParentRunner$2.evaluate(ParentRunner.java:268)
	at org.junit.runners.ParentRunner.run(ParentRunner.java:363)
	at org.junit.runners.Suite.runChild(Suite.java:128)
	at org.junit.runners.Suite.runChild(Suite.java:27)
	at org.junit.runners.ParentRunner$3.run(ParentRunner.java:290)
	at org.junit.runners.ParentRunner$1.schedule(ParentRunner.java:71)
	at org.junit.runners.ParentRunner.runChildren(ParentRunner.java:288)
	at org.junit.runners.ParentRunner.access$000(ParentRunner.java:58)
	at org.junit.runners.ParentRunner$2.evaluate(ParentRunner.java:268)
	at org.junit.runners.ParentRunner.run(ParentRunner.java:363)
	at org.apache.maven.surefire.junit4.JUnit4Provider.execute(JUnit4Provider.java:252)
	at org.apache.maven.surefire.junit4.JUnit4Provider.executeTestSet(JUnit4Provider.java:141)
	at org.apache.maven.surefire.junit4.JUnit4Provider.invoke(JUnit4Provider.java:112)
	at java.base/jdk.internal.reflect.DirectMethodHandleAccessor.invoke(DirectMethodHandleAccessor.java:103)
	at java.base/java.lang.reflect.Method.invoke(Method.java:580)
	at org.apache.maven.surefire.util.ReflectionUtils.invokeMethodWithArray(ReflectionUtils.java:189)
	at org.apache.maven.surefire.booter.ProviderFactory$ProviderProxy.invoke(ProviderFactory.java:165)
	at org.apache.maven.surefire.booter.ProviderFactory.invokeProvider(ProviderFactory.java:85)
	at org.apache.maven.surefire.booter.ForkedBooter.runSuitesInProcess(ForkedBooter.java:115)
	at org.apache.maven.surefire.booter.ForkedBooter.main(ForkedBooter.java:75)
Caused by: java.lang.ExceptionInInitializerError: Exception java.lang.ExceptionInInitializerError [in thread &quot;main&quot;]
	at org.easymock.internal.ClassProxyFactory.createEnhancer(ClassProxyFactory.java:235)
	at org.easymock.internal.ClassProxyFactory.createProxy(ClassProxyFactory.java:163)
	at org.easymock.internal.MocksControl.createMock(MocksControl.java:116)
	at org.easymock.internal.MocksControl.createMock(MocksControl.java:95)
	at org.easymock.EasyMock.mock(EasyMock.java:69)
	at org.easymock.EasyMock.createMock(EasyMock.java:311)
	at org.apache.catalina.valves.TestCrawlerSessionManagerValve.createRequestExpectations(TestCrawlerSessionManagerValve.java:185)
	at org.apache.catalina.valves.TestCrawlerSessionManagerValve.createRequestExpectations(TestCrawlerSessionManagerValve.java:180)
	at org.apache.catalina.valves.TestCrawlerSessionManagerValve.testCrawlerIpsPositive(TestCrawlerSessionManagerValve.java:62)
	at java.base/jdk.internal.reflect.DirectMethodHandleAccessor.invoke(DirectMethodHandleAccessor.java:103)
	at java.base/java.lang.reflect.Method.invoke(Method.java:580)
	at org.junit.runners.model.FrameworkMethod$1.runReflectiveCall(FrameworkMethod.java:50)
	at org.junit.internal.runners.model.ReflectiveCallable.run(ReflectiveCallable.java:12)
	at org.junit.runners.model.FrameworkMethod.invokeExplosively(FrameworkMethod.java:47)
	at org.junit.internal.runners.statements.InvokeMethod.evaluate(InvokeMethod.java:17)
	at org.junit.runners.ParentRunner.runLeaf(ParentRunner.java:325)
	at org.junit.runners.BlockJUnit4ClassRunner.runChild(BlockJUnit4ClassRunner.java:78)
	at org.junit.runners.BlockJUnit4ClassRunner.runChild(BlockJUnit4ClassRunner.java:57)
	... 16 more
</error>
  </testcase>
  <testcase classname="org.apache.catalina.valves.TestLoadBalancerDrainingValve" name="runValve[1: activation[ACT], validSessionID[true], expectInvokeNext[true], enableIgnore[true], queryString[null]]" time="0">
    <error message="Could not initialize class org.easymock.internal.ClassProxyFactory$2" type="java.lang.NoClassDefFoundError">java.lang.NoClassDefFoundError: Could not initialize class org.easymock.internal.ClassProxyFactory$2
	at org.easymock.internal.ClassProxyFactory.createEnhancer(ClassProxyFactory.java:235)
	at org.easymock.internal.ClassProxyFactory.createProxy(ClassProxyFactory.java:163)
	at org.easymock.internal.MocksControl.createMock(MocksControl.java:116)
	at org.easymock.internal.MocksControl.createMock(MocksControl.java:95)
	at org.apache.catalina.valves.TestLoadBalancerDrainingValve.runValve(TestLoadBalancerDrainingValve.java:103)
	at java.base/jdk.internal.reflect.DirectMethodHandleAccessor.invoke(DirectMethodHandleAccessor.java:103)
	at java.base/java.lang.reflect.Method.invoke(Method.java:580)
	at org.junit.runners.model.FrameworkMethod$1.runReflectiveCall(FrameworkMethod.java:50)
	at org.junit.internal.runners.model.ReflectiveCallable.run(ReflectiveCallable.java:12)
	at org.junit.runners.model.FrameworkMethod.invokeExplosively(FrameworkMethod.java:47)
	at org.junit.internal.runners.statements.InvokeMethod.evaluate(InvokeMethod.java:17)
	at org.junit.runners.ParentRunner.runLeaf(ParentRunner.java:325)
	at org.junit.runners.BlockJUnit4ClassRunner.runChild(BlockJUnit4ClassRunner.java:78)
	at org.junit.runners.BlockJUnit4ClassRunner.runChild(BlockJUnit4ClassRunner.java:57)
	at org.junit.runners.ParentRunner$3.run(ParentRunner.java:290)
	at org.junit.runners.ParentRunner$1.schedule(ParentRunner.java:71)
	at org.junit.runners.ParentRunner.runChildren(ParentRunner.java:288)
	at org.junit.runners.ParentRunner.access$000(ParentRunner.java:58)
	at org.junit.runners.ParentRunner$2.evaluate(ParentRunner.java:268)
	at org.junit.runners.ParentRunner.run(ParentRunner.java:363)
	at org.junit.runners.Suite.runChild(Suite.java:128)
	at org.junit.runners.Suite.runChild(Suite.java:27)
	at org.junit.runners.ParentRunner$3.run(ParentRunner.java:290)
	at org.junit.runners.ParentRunner$1.schedule(ParentRunner.java:71)
	at org.junit.runners.ParentRunner.runChildren(ParentRunner.java:288)
	at org.junit.runners.ParentRunner.access$000(ParentRunner.java:58)
	at org.junit.runners.ParentRunner$2.evaluate(ParentRunner.java:268)
	at org.junit.runners.ParentRunner.run(ParentRunner.java:363)
	at org.apache.maven.surefire.junit4.JUnit4Provider.execute(JUnit4Provider.java:252)
	at org.apache.maven.surefire.junit4.JUnit4Provider.executeTestSet(JUnit4Provider.java:141)
	at org.apache.maven.surefire.junit4.JUnit4Provider.invoke(JUnit4Provider.java:112)
	at java.base/jdk.internal.reflect.DirectMethodHandleAccessor.invoke(DirectMethodHandleAccessor.java:103)
	at java.base/java.lang.reflect.Method.invoke(Method.java:580)
	at org.apache.maven.surefire.util.ReflectionUtils.invokeMethodWithArray(ReflectionUtils.java:189)
	at org.apache.maven.surefire.booter.ProviderFactory$ProviderProxy.invoke(ProviderFactory.java:165)
	at org.apache.maven.surefire.booter.ProviderFactory.invokeProvider(ProviderFactory.java:85)
	at org.apache.maven.surefire.booter.ForkedBooter.runSuitesInProcess(ForkedBooter.java:115)
	at org.apache.maven.surefire.booter.ForkedBooter.main(ForkedBooter.java:75)
Caused by: java.lang.ExceptionInInitializerError: Exception java.lang.ExceptionInInitializerError [in thread &quot;main&quot;]
	at org.easymock.internal.ClassProxyFactory.createEnhancer(ClassProxyFactory.java:235)
	at org.easymock.internal.ClassProxyFactory.createProxy(ClassProxyFactory.java:163)
	at org.easymock.internal.MocksControl.createMock(MocksControl.java:116)
	at org.easymock.internal.MocksControl.createMock(MocksControl.java:95)
	at org.easymock.EasyMock.mock(EasyMock.java:69)
	at org.easymock.EasyMock.createMock(EasyMock.java:311)
	at org.apache.catalina.valves.TestCrawlerSessionManagerValve.createRequestExpectations(TestCrawlerSessionManagerValve.java:185)
	at org.apache.catalina.valves.TestCrawlerSessionManagerValve.createRequestExpectations(TestCrawlerSessionManagerValve.java:180)
	at org.apache.catalina.valves.TestCrawlerSessionManagerValve.testCrawlerIpsPositive(TestCrawlerSessionManagerValve.java:62)
	at java.base/jdk.internal.reflect.DirectMethodHandleAccessor.invoke(DirectMethodHandleAccessor.java:103)
	at java.base/java.lang.reflect.Method.invoke(Method.java:580)
	at org.junit.runners.model.FrameworkMethod$1.runReflectiveCall(FrameworkMethod.java:50)
	at org.junit.internal.runners.model.ReflectiveCallable.run(ReflectiveCallable.java:12)
	at org.junit.runners.model.FrameworkMethod.invokeExplosively(FrameworkMethod.java:47)
	at org.junit.internal.runners.statements.InvokeMethod.evaluate(InvokeMethod.java:17)
	at org.junit.runners.ParentRunner.runLeaf(ParentRunner.java:325)
	at org.junit.runners.BlockJUnit4ClassRunner.runChild(BlockJUnit4ClassRunner.java:78)
	at org.junit.runners.BlockJUnit4ClassRunner.runChild(BlockJUnit4ClassRunner.java:57)
	... 16 more
</error>
  </testcase>
  <testcase classname="org.apache.catalina.valves.TestLoadBalancerDrainingValve" name="runValve[2: activation[ACT], validSessionID[true], expectInvokeNext[true], enableIgnore[true], queryString[null]]" time="0">
    <error message="Could not initialize class org.easymock.internal.ClassProxyFactory$2" type="java.lang.NoClassDefFoundError">java.lang.NoClassDefFoundError: Could not initialize class org.easymock.internal.ClassProxyFactory$2
	at org.easymock.internal.ClassProxyFactory.createEnhancer(ClassProxyFactory.java:235)
	at org.easymock.internal.ClassProxyFactory.createProxy(ClassProxyFactory.java:163)
	at org.easymock.internal.MocksControl.createMock(MocksControl.java:116)
	at org.easymock.internal.MocksControl.createMock(MocksControl.java:95)
	at org.apache.catalina.valves.TestLoadBalancerDrainingValve.runValve(TestLoadBalancerDrainingValve.java:103)
	at java.base/jdk.internal.reflect.DirectMethodHandleAccessor.invoke(DirectMethodHandleAccessor.java:103)
	at java.base/java.lang.reflect.Method.invoke(Method.java:580)
	at org.junit.runners.model.FrameworkMethod$1.runReflectiveCall(FrameworkMethod.java:50)
	at org.junit.internal.runners.model.ReflectiveCallable.run(ReflectiveCallable.java:12)
	at org.junit.runners.model.FrameworkMethod.invokeExplosively(FrameworkMethod.java:47)
	at org.junit.internal.runners.statements.InvokeMethod.evaluate(InvokeMethod.java:17)
	at org.junit.runners.ParentRunner.runLeaf(ParentRunner.java:325)
	at org.junit.runners.BlockJUnit4ClassRunner.runChild(BlockJUnit4ClassRunner.java:78)
	at org.junit.runners.BlockJUnit4ClassRunner.runChild(BlockJUnit4ClassRunner.java:57)
	at org.junit.runners.ParentRunner$3.run(ParentRunner.java:290)
	at org.junit.runners.ParentRunner$1.schedule(ParentRunner.java:71)
	at org.junit.runners.ParentRunner.runChildren(ParentRunner.java:288)
	at org.junit.runners.ParentRunner.access$000(ParentRunner.java:58)
	at org.junit.runners.ParentRunner$2.evaluate(ParentRunner.java:268)
	at org.junit.runners.ParentRunner.run(ParentRunner.java:363)
	at org.junit.runners.Suite.runChild(Suite.java:128)
	at org.junit.runners.Suite.runChild(Suite.java:27)
	at org.junit.runners.ParentRunner$3.run(ParentRunner.java:290)
	at org.junit.runners.ParentRunner$1.schedule(ParentRunner.java:71)
	at org.junit.runners.ParentRunner.runChildren(ParentRunner.java:288)
	at org.junit.runners.ParentRunner.access$000(ParentRunner.java:58)
	at org.junit.runners.ParentRunner$2.evaluate(ParentRunner.java:268)
	at org.junit.runners.ParentRunner.run(ParentRunner.java:363)
	at org.apache.maven.surefire.junit4.JUnit4Provider.execute(JUnit4Provider.java:252)
	at org.apache.maven.surefire.junit4.JUnit4Provider.executeTestSet(JUnit4Provider.java:141)
	at org.apache.maven.surefire.junit4.JUnit4Provider.invoke(JUnit4Provider.java:112)
	at java.base/jdk.internal.reflect.DirectMethodHandleAccessor.invoke(DirectMethodHandleAccessor.java:103)
	at java.base/java.lang.reflect.Method.invoke(Method.java:580)
	at org.apache.maven.surefire.util.ReflectionUtils.invokeMethodWithArray(ReflectionUtils.java:189)
	at org.apache.maven.surefire.booter.ProviderFactory$ProviderProxy.invoke(ProviderFactory.java:165)
	at org.apache.maven.surefire.booter.ProviderFactory.invokeProvider(ProviderFactory.java:85)
	at org.apache.maven.surefire.booter.ForkedBooter.runSuitesInProcess(ForkedBooter.java:115)
	at org.apache.maven.surefire.booter.ForkedBooter.main(ForkedBooter.java:75)
Caused by: java.lang.ExceptionInInitializerError: Exception java.lang.ExceptionInInitializerError [in thread &quot;main&quot;]
	at org.easymock.internal.ClassProxyFactory.createEnhancer(ClassProxyFactory.java:235)
	at org.easymock.internal.ClassProxyFactory.createProxy(ClassProxyFactory.java:163)
	at org.easymock.internal.MocksControl.createMock(MocksControl.java:116)
	at org.easymock.internal.MocksControl.createMock(MocksControl.java:95)
	at org.easymock.EasyMock.mock(EasyMock.java:69)
	at org.easymock.EasyMock.createMock(EasyMock.java:311)
	at org.apache.catalina.valves.TestCrawlerSessionManagerValve.createRequestExpectations(TestCrawlerSessionManagerValve.java:185)
	at org.apache.catalina.valves.TestCrawlerSessionManagerValve.createRequestExpectations(TestCrawlerSessionManagerValve.java:180)
	at org.apache.catalina.valves.TestCrawlerSessionManagerValve.testCrawlerIpsPositive(TestCrawlerSessionManagerValve.java:62)
	at java.base/jdk.internal.reflect.DirectMethodHandleAccessor.invoke(DirectMethodHandleAccessor.java:103)
	at java.base/java.lang.reflect.Method.invoke(Method.java:580)
	at org.junit.runners.model.FrameworkMethod$1.runReflectiveCall(FrameworkMethod.java:50)
	at org.junit.internal.runners.model.ReflectiveCallable.run(ReflectiveCallable.java:12)
	at org.junit.runners.model.FrameworkMethod.invokeExplosively(FrameworkMethod.java:47)
	at org.junit.internal.runners.statements.InvokeMethod.evaluate(InvokeMethod.java:17)
	at org.junit.runners.ParentRunner.runLeaf(ParentRunner.java:325)
	at org.junit.runners.BlockJUnit4ClassRunner.runChild(BlockJUnit4ClassRunner.java:78)
	at org.junit.runners.BlockJUnit4ClassRunner.runChild(BlockJUnit4ClassRunner.java:57)
	... 16 more
</error>
  </testcase>
  <testcase classname="org.apache.catalina.valves.TestLoadBalancerDrainingValve" name="runValve[3: activation[ACT], validSessionID[true], expectInvokeNext[true], enableIgnore[true], queryString[null]]" time="0">
    <error message="Could not initialize class org.easymock.internal.ClassProxyFactory$2" type="java.lang.NoClassDefFoundError">java.lang.NoClassDefFoundError: Could not initialize class org.easymock.internal.ClassProxyFactory$2
	at org.easymock.internal.ClassProxyFactory.createEnhancer(ClassProxyFactory.java:235)
	at org.easymock.internal.ClassProxyFactory.createProxy(ClassProxyFactory.java:163)
	at org.easymock.internal.MocksControl.createMock(MocksControl.java:116)
	at org.easymock.internal.MocksControl.createMock(MocksControl.java:95)
	at org.apache.catalina.valves.TestLoadBalancerDrainingValve.runValve(TestLoadBalancerDrainingValve.java:103)
	at java.base/jdk.internal.reflect.DirectMethodHandleAccessor.invoke(DirectMethodHandleAccessor.java:103)
	at java.base/java.lang.reflect.Method.invoke(Method.java:580)
	at org.junit.runners.model.FrameworkMethod$1.runReflectiveCall(FrameworkMethod.java:50)
	at org.junit.internal.runners.model.ReflectiveCallable.run(ReflectiveCallable.java:12)
	at org.junit.runners.model.FrameworkMethod.invokeExplosively(FrameworkMethod.java:47)
	at org.junit.internal.runners.statements.InvokeMethod.evaluate(InvokeMethod.java:17)
	at org.junit.runners.ParentRunner.runLeaf(ParentRunner.java:325)
	at org.junit.runners.BlockJUnit4ClassRunner.runChild(BlockJUnit4ClassRunner.java:78)
	at org.junit.runners.BlockJUnit4ClassRunner.runChild(BlockJUnit4ClassRunner.java:57)
	at org.junit.runners.ParentRunner$3.run(ParentRunner.java:290)
	at org.junit.runners.ParentRunner$1.schedule(ParentRunner.java:71)
	at org.junit.runners.ParentRunner.runChildren(ParentRunner.java:288)
	at org.junit.runners.ParentRunner.access$000(ParentRunner.java:58)
	at org.junit.runners.ParentRunner$2.evaluate(ParentRunner.java:268)
	at org.junit.runners.ParentRunner.run(ParentRunner.java:363)
	at org.junit.runners.Suite.runChild(Suite.java:128)
	at org.junit.runners.Suite.runChild(Suite.java:27)
	at org.junit.runners.ParentRunner$3.run(ParentRunner.java:290)
	at org.junit.runners.ParentRunner$1.schedule(ParentRunner.java:71)
	at org.junit.runners.ParentRunner.runChildren(ParentRunner.java:288)
	at org.junit.runners.ParentRunner.access$000(ParentRunner.java:58)
	at org.junit.runners.ParentRunner$2.evaluate(ParentRunner.java:268)
	at org.junit.runners.ParentRunner.run(ParentRunner.java:363)
	at org.apache.maven.surefire.junit4.JUnit4Provider.execute(JUnit4Provider.java:252)
	at org.apache.maven.surefire.junit4.JUnit4Provider.executeTestSet(JUnit4Provider.java:141)
	at org.apache.maven.surefire.junit4.JUnit4Provider.invoke(JUnit4Provider.java:112)
	at java.base/jdk.internal.reflect.DirectMethodHandleAccessor.invoke(DirectMethodHandleAccessor.java:103)
	at java.base/java.lang.reflect.Method.invoke(Method.java:580)
	at org.apache.maven.surefire.util.ReflectionUtils.invokeMethodWithArray(ReflectionUtils.java:189)
	at org.apache.maven.surefire.booter.ProviderFactory$ProviderProxy.invoke(ProviderFactory.java:165)
	at org.apache.maven.surefire.booter.ProviderFactory.invokeProvider(ProviderFactory.java:85)
	at org.apache.maven.surefire.booter.ForkedBooter.runSuitesInProcess(ForkedBooter.java:115)
	at org.apache.maven.surefire.booter.ForkedBooter.main(ForkedBooter.java:75)
Caused by: java.lang.ExceptionInInitializerError: Exception java.lang.ExceptionInInitializerError [in thread &quot;main&quot;]
	at org.easymock.internal.ClassProxyFactory.createEnhancer(ClassProxyFactory.java:235)
	at org.easymock.internal.ClassProxyFactory.createProxy(ClassProxyFactory.java:163)
	at org.easymock.internal.MocksControl.createMock(MocksControl.java:116)
	at org.easymock.internal.MocksControl.createMock(MocksControl.java:95)
	at org.easymock.EasyMock.mock(EasyMock.java:69)
	at org.easymock.EasyMock.createMock(EasyMock.java:311)
	at org.apache.catalina.valves.TestCrawlerSessionManagerValve.createRequestExpectations(TestCrawlerSessionManagerValve.java:185)
	at org.apache.catalina.valves.TestCrawlerSessionManagerValve.createRequestExpectations(TestCrawlerSessionManagerValve.java:180)
	at org.apache.catalina.valves.TestCrawlerSessionManagerValve.testCrawlerIpsPositive(TestCrawlerSessionManagerValve.java:62)
	at java.base/jdk.internal.reflect.DirectMethodHandleAccessor.invoke(DirectMethodHandleAccessor.java:103)
	at java.base/java.lang.reflect.Method.invoke(Method.java:580)
	at org.junit.runners.model.FrameworkMethod$1.runReflectiveCall(FrameworkMethod.java:50)
	at org.junit.internal.runners.model.ReflectiveCallable.run(ReflectiveCallable.java:12)
	at org.junit.runners.model.FrameworkMethod.invokeExplosively(FrameworkMethod.java:47)
	at org.junit.internal.runners.statements.InvokeMethod.evaluate(InvokeMethod.java:17)
	at org.junit.runners.ParentRunner.runLeaf(ParentRunner.java:325)
	at org.junit.runners.BlockJUnit4ClassRunner.runChild(BlockJUnit4ClassRunner.java:78)
	at org.junit.runners.BlockJUnit4ClassRunner.runChild(BlockJUnit4ClassRunner.java:57)
	... 16 more
</error>
  </testcase>
  <testcase classname="org.apache.catalina.valves.TestLoadBalancerDrainingValve" name="runValve[4: activation[ACT], validSessionID[true], expectInvokeNext[true], enableIgnore[true], queryString[foo=bar]]" time="0.001">
    <error message="Could not initialize class org.easymock.internal.ClassProxyFactory$2" type="java.lang.NoClassDefFoundError">java.lang.NoClassDefFoundError: Could not initialize class org.easymock.internal.ClassProxyFactory$2
	at org.easymock.internal.ClassProxyFactory.createEnhancer(ClassProxyFactory.java:235)
	at org.easymock.internal.ClassProxyFactory.createProxy(ClassProxyFactory.java:163)
	at org.easymock.internal.MocksControl.createMock(MocksControl.java:116)
	at org.easymock.internal.MocksControl.createMock(MocksControl.java:95)
	at org.apache.catalina.valves.TestLoadBalancerDrainingValve.runValve(TestLoadBalancerDrainingValve.java:103)
	at java.base/jdk.internal.reflect.DirectMethodHandleAccessor.invoke(DirectMethodHandleAccessor.java:103)
	at java.base/java.lang.reflect.Method.invoke(Method.java:580)
	at org.junit.runners.model.FrameworkMethod$1.runReflectiveCall(FrameworkMethod.java:50)
	at org.junit.internal.runners.model.ReflectiveCallable.run(ReflectiveCallable.java:12)
	at org.junit.runners.model.FrameworkMethod.invokeExplosively(FrameworkMethod.java:47)
	at org.junit.internal.runners.statements.InvokeMethod.evaluate(InvokeMethod.java:17)
	at org.junit.runners.ParentRunner.runLeaf(ParentRunner.java:325)
	at org.junit.runners.BlockJUnit4ClassRunner.runChild(BlockJUnit4ClassRunner.java:78)
	at org.junit.runners.BlockJUnit4ClassRunner.runChild(BlockJUnit4ClassRunner.java:57)
	at org.junit.runners.ParentRunner$3.run(ParentRunner.java:290)
	at org.junit.runners.ParentRunner$1.schedule(ParentRunner.java:71)
	at org.junit.runners.ParentRunner.runChildren(ParentRunner.java:288)
	at org.junit.runners.ParentRunner.access$000(ParentRunner.java:58)
	at org.junit.runners.ParentRunner$2.evaluate(ParentRunner.java:268)
	at org.junit.runners.ParentRunner.run(ParentRunner.java:363)
	at org.junit.runners.Suite.runChild(Suite.java:128)
	at org.junit.runners.Suite.runChild(Suite.java:27)
	at org.junit.runners.ParentRunner$3.run(ParentRunner.java:290)
	at org.junit.runners.ParentRunner$1.schedule(ParentRunner.java:71)
	at org.junit.runners.ParentRunner.runChildren(ParentRunner.java:288)
	at org.junit.runners.ParentRunner.access$000(ParentRunner.java:58)
	at org.junit.runners.ParentRunner$2.evaluate(ParentRunner.java:268)
	at org.junit.runners.ParentRunner.run(ParentRunner.java:363)
	at org.apache.maven.surefire.junit4.JUnit4Provider.execute(JUnit4Provider.java:252)
	at org.apache.maven.surefire.junit4.JUnit4Provider.executeTestSet(JUnit4Provider.java:141)
	at org.apache.maven.surefire.junit4.JUnit4Provider.invoke(JUnit4Provider.java:112)
	at java.base/jdk.internal.reflect.DirectMethodHandleAccessor.invoke(DirectMethodHandleAccessor.java:103)
	at java.base/java.lang.reflect.Method.invoke(Method.java:580)
	at org.apache.maven.surefire.util.ReflectionUtils.invokeMethodWithArray(ReflectionUtils.java:189)
	at org.apache.maven.surefire.booter.ProviderFactory$ProviderProxy.invoke(ProviderFactory.java:165)
	at org.apache.maven.surefire.booter.ProviderFactory.invokeProvider(ProviderFactory.java:85)
	at org.apache.maven.surefire.booter.ForkedBooter.runSuitesInProcess(ForkedBooter.java:115)
	at org.apache.maven.surefire.booter.ForkedBooter.main(ForkedBooter.java:75)
Caused by: java.lang.ExceptionInInitializerError: Exception java.lang.ExceptionInInitializerError [in thread &quot;main&quot;]
	at org.easymock.internal.ClassProxyFactory.createEnhancer(ClassProxyFactory.java:235)
	at org.easymock.internal.ClassProxyFactory.createProxy(ClassProxyFactory.java:163)
	at org.easymock.internal.MocksControl.createMock(MocksControl.java:116)
	at org.easymock.internal.MocksControl.createMock(MocksControl.java:95)
	at org.easymock.EasyMock.mock(EasyMock.java:69)
	at org.easymock.EasyMock.createMock(EasyMock.java:311)
	at org.apache.catalina.valves.TestCrawlerSessionManagerValve.createRequestExpectations(TestCrawlerSessionManagerValve.java:185)
	at org.apache.catalina.valves.TestCrawlerSessionManagerValve.createRequestExpectations(TestCrawlerSessionManagerValve.java:180)
	at org.apache.catalina.valves.TestCrawlerSessionManagerValve.testCrawlerIpsPositive(TestCrawlerSessionManagerValve.java:62)
	at java.base/jdk.internal.reflect.DirectMethodHandleAccessor.invoke(DirectMethodHandleAccessor.java:103)
	at java.base/java.lang.reflect.Method.invoke(Method.java:580)
	at org.junit.runners.model.FrameworkMethod$1.runReflectiveCall(FrameworkMethod.java:50)
	at org.junit.internal.runners.model.ReflectiveCallable.run(ReflectiveCallable.java:12)
	at org.junit.runners.model.FrameworkMethod.invokeExplosively(FrameworkMethod.java:47)
	at org.junit.internal.runners.statements.InvokeMethod.evaluate(InvokeMethod.java:17)
	at org.junit.runners.ParentRunner.runLeaf(ParentRunner.java:325)
	at org.junit.runners.BlockJUnit4ClassRunner.runChild(BlockJUnit4ClassRunner.java:78)
	at org.junit.runners.BlockJUnit4ClassRunner.runChild(BlockJUnit4ClassRunner.java:57)
	... 16 more
</error>
  </testcase>
  <testcase classname="org.apache.catalina.valves.TestLoadBalancerDrainingValve" name="runValve[5: activation[ACT], validSessionID[true], expectInvokeNext[true], enableIgnore[true], queryString[foo=bar]]" time="0">
    <error message="Could not initialize class org.easymock.internal.ClassProxyFactory$2" type="java.lang.NoClassDefFoundError">java.lang.NoClassDefFoundError: Could not initialize class org.easymock.internal.ClassProxyFactory$2
	at org.easymock.internal.ClassProxyFactory.createEnhancer(ClassProxyFactory.java:235)
	at org.easymock.internal.ClassProxyFactory.createProxy(ClassProxyFactory.java:163)
	at org.easymock.internal.MocksControl.createMock(MocksControl.java:116)
	at org.easymock.internal.MocksControl.createMock(MocksControl.java:95)
	at org.apache.catalina.valves.TestLoadBalancerDrainingValve.runValve(TestLoadBalancerDrainingValve.java:103)
	at java.base/jdk.internal.reflect.DirectMethodHandleAccessor.invoke(DirectMethodHandleAccessor.java:103)
	at java.base/java.lang.reflect.Method.invoke(Method.java:580)
	at org.junit.runners.model.FrameworkMethod$1.runReflectiveCall(FrameworkMethod.java:50)
	at org.junit.internal.runners.model.ReflectiveCallable.run(ReflectiveCallable.java:12)
	at org.junit.runners.model.FrameworkMethod.invokeExplosively(FrameworkMethod.java:47)
	at org.junit.internal.runners.statements.InvokeMethod.evaluate(InvokeMethod.java:17)
	at org.junit.runners.ParentRunner.runLeaf(ParentRunner.java:325)
	at org.junit.runners.BlockJUnit4ClassRunner.runChild(BlockJUnit4ClassRunner.java:78)
	at org.junit.runners.BlockJUnit4ClassRunner.runChild(BlockJUnit4ClassRunner.java:57)
	at org.junit.runners.ParentRunner$3.run(ParentRunner.java:290)
	at org.junit.runners.ParentRunner$1.schedule(ParentRunner.java:71)
	at org.junit.runners.ParentRunner.runChildren(ParentRunner.java:288)
	at org.junit.runners.ParentRunner.access$000(ParentRunner.java:58)
	at org.junit.runners.ParentRunner$2.evaluate(ParentRunner.java:268)
	at org.junit.runners.ParentRunner.run(ParentRunner.java:363)
	at org.junit.runners.Suite.runChild(Suite.java:128)
	at org.junit.runners.Suite.runChild(Suite.java:27)
	at org.junit.runners.ParentRunner$3.run(ParentRunner.java:290)
	at org.junit.runners.ParentRunner$1.schedule(ParentRunner.java:71)
	at org.junit.runners.ParentRunner.runChildren(ParentRunner.java:288)
	at org.junit.runners.ParentRunner.access$000(ParentRunner.java:58)
	at org.junit.runners.ParentRunner$2.evaluate(ParentRunner.java:268)
	at org.junit.runners.ParentRunner.run(ParentRunner.java:363)
	at org.apache.maven.surefire.junit4.JUnit4Provider.execute(JUnit4Provider.java:252)
	at org.apache.maven.surefire.junit4.JUnit4Provider.executeTestSet(JUnit4Provider.java:141)
	at org.apache.maven.surefire.junit4.JUnit4Provider.invoke(JUnit4Provider.java:112)
	at java.base/jdk.internal.reflect.DirectMethodHandleAccessor.invoke(DirectMethodHandleAccessor.java:103)
	at java.base/java.lang.reflect.Method.invoke(Method.java:580)
	at org.apache.maven.surefire.util.ReflectionUtils.invokeMethodWithArray(ReflectionUtils.java:189)
	at org.apache.maven.surefire.booter.ProviderFactory$ProviderProxy.invoke(ProviderFactory.java:165)
	at org.apache.maven.surefire.booter.ProviderFactory.invokeProvider(ProviderFactory.java:85)
	at org.apache.maven.surefire.booter.ForkedBooter.runSuitesInProcess(ForkedBooter.java:115)
	at org.apache.maven.surefire.booter.ForkedBooter.main(ForkedBooter.java:75)
Caused by: java.lang.ExceptionInInitializerError: Exception java.lang.ExceptionInInitializerError [in thread &quot;main&quot;]
	at org.easymock.internal.ClassProxyFactory.createEnhancer(ClassProxyFactory.java:235)
	at org.easymock.internal.ClassProxyFactory.createProxy(ClassProxyFactory.java:163)
	at org.easymock.internal.MocksControl.createMock(MocksControl.java:116)
	at org.easymock.internal.MocksControl.createMock(MocksControl.java:95)
	at org.easymock.EasyMock.mock(EasyMock.java:69)
	at org.easymock.EasyMock.createMock(EasyMock.java:311)
	at org.apache.catalina.valves.TestCrawlerSessionManagerValve.createRequestExpectations(TestCrawlerSessionManagerValve.java:185)
	at org.apache.catalina.valves.TestCrawlerSessionManagerValve.createRequestExpectations(TestCrawlerSessionManagerValve.java:180)
	at org.apache.catalina.valves.TestCrawlerSessionManagerValve.testCrawlerIpsPositive(TestCrawlerSessionManagerValve.java:62)
	at java.base/jdk.internal.reflect.DirectMethodHandleAccessor.invoke(DirectMethodHandleAccessor.java:103)
	at java.base/java.lang.reflect.Method.invoke(Method.java:580)
	at org.junit.runners.model.FrameworkMethod$1.runReflectiveCall(FrameworkMethod.java:50)
	at org.junit.internal.runners.model.ReflectiveCallable.run(ReflectiveCallable.java:12)
	at org.junit.runners.model.FrameworkMethod.invokeExplosively(FrameworkMethod.java:47)
	at org.junit.internal.runners.statements.InvokeMethod.evaluate(InvokeMethod.java:17)
	at org.junit.runners.ParentRunner.runLeaf(ParentRunner.java:325)
	at org.junit.runners.BlockJUnit4ClassRunner.runChild(BlockJUnit4ClassRunner.java:78)
	at org.junit.runners.BlockJUnit4ClassRunner.runChild(BlockJUnit4ClassRunner.java:57)
	... 16 more
</error>
  </testcase>
  <testcase classname="org.apache.catalina.valves.TestLoadBalancerDrainingValve" name="runValve[6: activation[ACT], validSessionID[true], expectInvokeNext[true], enableIgnore[true], queryString[foo=bar]]" time="0">
    <error message="Could not initialize class org.easymock.internal.ClassProxyFactory$2" type="java.lang.NoClassDefFoundError">java.lang.NoClassDefFoundError: Could not initialize class org.easymock.internal.ClassProxyFactory$2
	at org.easymock.internal.ClassProxyFactory.createEnhancer(ClassProxyFactory.java:235)
	at org.easymock.internal.ClassProxyFactory.createProxy(ClassProxyFactory.java:163)
	at org.easymock.internal.MocksControl.createMock(MocksControl.java:116)
	at org.easymock.internal.MocksControl.createMock(MocksControl.java:95)
	at org.apache.catalina.valves.TestLoadBalancerDrainingValve.runValve(TestLoadBalancerDrainingValve.java:103)
	at java.base/jdk.internal.reflect.DirectMethodHandleAccessor.invoke(DirectMethodHandleAccessor.java:103)
	at java.base/java.lang.reflect.Method.invoke(Method.java:580)
	at org.junit.runners.model.FrameworkMethod$1.runReflectiveCall(FrameworkMethod.java:50)
	at org.junit.internal.runners.model.ReflectiveCallable.run(ReflectiveCallable.java:12)
	at org.junit.runners.model.FrameworkMethod.invokeExplosively(FrameworkMethod.java:47)
	at org.junit.internal.runners.statements.InvokeMethod.evaluate(InvokeMethod.java:17)
	at org.junit.runners.ParentRunner.runLeaf(ParentRunner.java:325)
	at org.junit.runners.BlockJUnit4ClassRunner.runChild(BlockJUnit4ClassRunner.java:78)
	at org.junit.runners.BlockJUnit4ClassRunner.runChild(BlockJUnit4ClassRunner.java:57)
	at org.junit.runners.ParentRunner$3.run(ParentRunner.java:290)
	at org.junit.runners.ParentRunner$1.schedule(ParentRunner.java:71)
	at org.junit.runners.ParentRunner.runChildren(ParentRunner.java:288)
	at org.junit.runners.ParentRunner.access$000(ParentRunner.java:58)
	at org.junit.runners.ParentRunner$2.evaluate(ParentRunner.java:268)
	at org.junit.runners.ParentRunner.run(ParentRunner.java:363)
	at org.junit.runners.Suite.runChild(Suite.java:128)
	at org.junit.runners.Suite.runChild(Suite.java:27)
	at org.junit.runners.ParentRunner$3.run(ParentRunner.java:290)
	at org.junit.runners.ParentRunner$1.schedule(ParentRunner.java:71)
	at org.junit.runners.ParentRunner.runChildren(ParentRunner.java:288)
	at org.junit.runners.ParentRunner.access$000(ParentRunner.java:58)
	at org.junit.runners.ParentRunner$2.evaluate(ParentRunner.java:268)
	at org.junit.runners.ParentRunner.run(ParentRunner.java:363)
	at org.apache.maven.surefire.junit4.JUnit4Provider.execute(JUnit4Provider.java:252)
	at org.apache.maven.surefire.junit4.JUnit4Provider.executeTestSet(JUnit4Provider.java:141)
	at org.apache.maven.surefire.junit4.JUnit4Provider.invoke(JUnit4Provider.java:112)
	at java.base/jdk.internal.reflect.DirectMethodHandleAccessor.invoke(DirectMethodHandleAccessor.java:103)
	at java.base/java.lang.reflect.Method.invoke(Method.java:580)
	at org.apache.maven.surefire.util.ReflectionUtils.invokeMethodWithArray(ReflectionUtils.java:189)
	at org.apache.maven.surefire.booter.ProviderFactory$ProviderProxy.invoke(ProviderFactory.java:165)
	at org.apache.maven.surefire.booter.ProviderFactory.invokeProvider(ProviderFactory.java:85)
	at org.apache.maven.surefire.booter.ForkedBooter.runSuitesInProcess(ForkedBooter.java:115)
	at org.apache.maven.surefire.booter.ForkedBooter.main(ForkedBooter.java:75)
Caused by: java.lang.ExceptionInInitializerError: Exception java.lang.ExceptionInInitializerError [in thread &quot;main&quot;]
	at org.easymock.internal.ClassProxyFactory.createEnhancer(ClassProxyFactory.java:235)
	at org.easymock.internal.ClassProxyFactory.createProxy(ClassProxyFactory.java:163)
	at org.easymock.internal.MocksControl.createMock(MocksControl.java:116)
	at org.easymock.internal.MocksControl.createMock(MocksControl.java:95)
	at org.easymock.EasyMock.mock(EasyMock.java:69)
	at org.easymock.EasyMock.createMock(EasyMock.java:311)
	at org.apache.catalina.valves.TestCrawlerSessionManagerValve.createRequestExpectations(TestCrawlerSessionManagerValve.java:185)
	at org.apache.catalina.valves.TestCrawlerSessionManagerValve.createRequestExpectations(TestCrawlerSessionManagerValve.java:180)
	at org.apache.catalina.valves.TestCrawlerSessionManagerValve.testCrawlerIpsPositive(TestCrawlerSessionManagerValve.java:62)
	at java.base/jdk.internal.reflect.DirectMethodHandleAccessor.invoke(DirectMethodHandleAccessor.java:103)
	at java.base/java.lang.reflect.Method.invoke(Method.java:580)
	at org.junit.runners.model.FrameworkMethod$1.runReflectiveCall(FrameworkMethod.java:50)
	at org.junit.internal.runners.model.ReflectiveCallable.run(ReflectiveCallable.java:12)
	at org.junit.runners.model.FrameworkMethod.invokeExplosively(FrameworkMethod.java:47)
	at org.junit.internal.runners.statements.InvokeMethod.evaluate(InvokeMethod.java:17)
	at org.junit.runners.ParentRunner.runLeaf(ParentRunner.java:325)
	at org.junit.runners.BlockJUnit4ClassRunner.runChild(BlockJUnit4ClassRunner.java:78)
	at org.junit.runners.BlockJUnit4ClassRunner.runChild(BlockJUnit4ClassRunner.java:57)
	... 16 more
</error>
  </testcase>
  <testcase classname="org.apache.catalina.valves.TestLoadBalancerDrainingValve" name="runValve[7: activation[ACT], validSessionID[true], expectInvokeNext[true], enableIgnore[true], queryString[foo=bar]]" time="0">
    <error message="Could not initialize class org.easymock.internal.ClassProxyFactory$2" type="java.lang.NoClassDefFoundError">java.lang.NoClassDefFoundError: Could not initialize class org.easymock.internal.ClassProxyFactory$2
	at org.easymock.internal.ClassProxyFactory.createEnhancer(ClassProxyFactory.java:235)
	at org.easymock.internal.ClassProxyFactory.createProxy(ClassProxyFactory.java:163)
	at org.easymock.internal.MocksControl.createMock(MocksControl.java:116)
	at org.easymock.internal.MocksControl.createMock(MocksControl.java:95)
	at org.apache.catalina.valves.TestLoadBalancerDrainingValve.runValve(TestLoadBalancerDrainingValve.java:103)
	at java.base/jdk.internal.reflect.DirectMethodHandleAccessor.invoke(DirectMethodHandleAccessor.java:103)
	at java.base/java.lang.reflect.Method.invoke(Method.java:580)
	at org.junit.runners.model.FrameworkMethod$1.runReflectiveCall(FrameworkMethod.java:50)
	at org.junit.internal.runners.model.ReflectiveCallable.run(ReflectiveCallable.java:12)
	at org.junit.runners.model.FrameworkMethod.invokeExplosively(FrameworkMethod.java:47)
	at org.junit.internal.runners.statements.InvokeMethod.evaluate(InvokeMethod.java:17)
	at org.junit.runners.ParentRunner.runLeaf(ParentRunner.java:325)
	at org.junit.runners.BlockJUnit4ClassRunner.runChild(BlockJUnit4ClassRunner.java:78)
	at org.junit.runners.BlockJUnit4ClassRunner.runChild(BlockJUnit4ClassRunner.java:57)
	at org.junit.runners.ParentRunner$3.run(ParentRunner.java:290)
	at org.junit.runners.ParentRunner$1.schedule(ParentRunner.java:71)
	at org.junit.runners.ParentRunner.runChildren(ParentRunner.java:288)
	at org.junit.runners.ParentRunner.access$000(ParentRunner.java:58)
	at org.junit.runners.ParentRunner$2.evaluate(ParentRunner.java:268)
	at org.junit.runners.ParentRunner.run(ParentRunner.java:363)
	at org.junit.runners.Suite.runChild(Suite.java:128)
	at org.junit.runners.Suite.runChild(Suite.java:27)
	at org.junit.runners.ParentRunner$3.run(ParentRunner.java:290)
	at org.junit.runners.ParentRunner$1.schedule(ParentRunner.java:71)
	at org.junit.runners.ParentRunner.runChildren(ParentRunner.java:288)
	at org.junit.runners.ParentRunner.access$000(ParentRunner.java:58)
	at org.junit.runners.ParentRunner$2.evaluate(ParentRunner.java:268)
	at org.junit.runners.ParentRunner.run(ParentRunner.java:363)
	at org.apache.maven.surefire.junit4.JUnit4Provider.execute(JUnit4Provider.java:252)
	at org.apache.maven.surefire.junit4.JUnit4Provider.executeTestSet(JUnit4Provider.java:141)
	at org.apache.maven.surefire.junit4.JUnit4Provider.invoke(JUnit4Provider.java:112)
	at java.base/jdk.internal.reflect.DirectMethodHandleAccessor.invoke(DirectMethodHandleAccessor.java:103)
	at java.base/java.lang.reflect.Method.invoke(Method.java:580)
	at org.apache.maven.surefire.util.ReflectionUtils.invokeMethodWithArray(ReflectionUtils.java:189)
	at org.apache.maven.surefire.booter.ProviderFactory$ProviderProxy.invoke(ProviderFactory.java:165)
	at org.apache.maven.surefire.booter.ProviderFactory.invokeProvider(ProviderFactory.java:85)
	at org.apache.maven.surefire.booter.ForkedBooter.runSuitesInProcess(ForkedBooter.java:115)
	at org.apache.maven.surefire.booter.ForkedBooter.main(ForkedBooter.java:75)
Caused by: java.lang.ExceptionInInitializerError: Exception java.lang.ExceptionInInitializerError [in thread &quot;main&quot;]
	at org.easymock.internal.ClassProxyFactory.createEnhancer(ClassProxyFactory.java:235)
	at org.easymock.internal.ClassProxyFactory.createProxy(ClassProxyFactory.java:163)
	at org.easymock.internal.MocksControl.createMock(MocksControl.java:116)
	at org.easymock.internal.MocksControl.createMock(MocksControl.java:95)
	at org.easymock.EasyMock.mock(EasyMock.java:69)
	at org.easymock.EasyMock.createMock(EasyMock.java:311)
	at org.apache.catalina.valves.TestCrawlerSessionManagerValve.createRequestExpectations(TestCrawlerSessionManagerValve.java:185)
	at org.apache.catalina.valves.TestCrawlerSessionManagerValve.createRequestExpectations(TestCrawlerSessionManagerValve.java:180)
	at org.apache.catalina.valves.TestCrawlerSessionManagerValve.testCrawlerIpsPositive(TestCrawlerSessionManagerValve.java:62)
	at java.base/jdk.internal.reflect.DirectMethodHandleAccessor.invoke(DirectMethodHandleAccessor.java:103)
	at java.base/java.lang.reflect.Method.invoke(Method.java:580)
	at org.junit.runners.model.FrameworkMethod$1.runReflectiveCall(FrameworkMethod.java:50)
	at org.junit.internal.runners.model.ReflectiveCallable.run(ReflectiveCallable.java:12)
	at org.junit.runners.model.FrameworkMethod.invokeExplosively(FrameworkMethod.java:47)
	at org.junit.internal.runners.statements.InvokeMethod.evaluate(InvokeMethod.java:17)
	at org.junit.runners.ParentRunner.runLeaf(ParentRunner.java:325)
	at org.junit.runners.BlockJUnit4ClassRunner.runChild(BlockJUnit4ClassRunner.java:78)
	at org.junit.runners.BlockJUnit4ClassRunner.runChild(BlockJUnit4ClassRunner.java:57)
	... 16 more
</error>
  </testcase>
  <testcase classname="org.apache.catalina.valves.TestLoadBalancerDrainingValve" name="runValve[8: activation[ACT], validSessionID[true], expectInvokeNext[true], enableIgnore[false], queryString[null]]" time="0">
    <error message="Could not initialize class org.easymock.internal.ClassProxyFactory$2" type="java.lang.NoClassDefFoundError">java.lang.NoClassDefFoundError: Could not initialize class org.easymock.internal.ClassProxyFactory$2
	at org.easymock.internal.ClassProxyFactory.createEnhancer(ClassProxyFactory.java:235)
	at org.easymock.internal.ClassProxyFactory.createProxy(ClassProxyFactory.java:163)
	at org.easymock.internal.MocksControl.createMock(MocksControl.java:116)
	at org.easymock.internal.MocksControl.createMock(MocksControl.java:95)
	at org.apache.catalina.valves.TestLoadBalancerDrainingValve.runValve(TestLoadBalancerDrainingValve.java:103)
	at java.base/jdk.internal.reflect.DirectMethodHandleAccessor.invoke(DirectMethodHandleAccessor.java:103)
	at java.base/java.lang.reflect.Method.invoke(Method.java:580)
	at org.junit.runners.model.FrameworkMethod$1.runReflectiveCall(FrameworkMethod.java:50)
	at org.junit.internal.runners.model.ReflectiveCallable.run(ReflectiveCallable.java:12)
	at org.junit.runners.model.FrameworkMethod.invokeExplosively(FrameworkMethod.java:47)
	at org.junit.internal.runners.statements.InvokeMethod.evaluate(InvokeMethod.java:17)
	at org.junit.runners.ParentRunner.runLeaf(ParentRunner.java:325)
	at org.junit.runners.BlockJUnit4ClassRunner.runChild(BlockJUnit4ClassRunner.java:78)
	at org.junit.runners.BlockJUnit4ClassRunner.runChild(BlockJUnit4ClassRunner.java:57)
	at org.junit.runners.ParentRunner$3.run(ParentRunner.java:290)
	at org.junit.runners.ParentRunner$1.schedule(ParentRunner.java:71)
	at org.junit.runners.ParentRunner.runChildren(ParentRunner.java:288)
	at org.junit.runners.ParentRunner.access$000(ParentRunner.java:58)
	at org.junit.runners.ParentRunner$2.evaluate(ParentRunner.java:268)
	at org.junit.runners.ParentRunner.run(ParentRunner.java:363)
	at org.junit.runners.Suite.runChild(Suite.java:128)
	at org.junit.runners.Suite.runChild(Suite.java:27)
	at org.junit.runners.ParentRunner$3.run(ParentRunner.java:290)
	at org.junit.runners.ParentRunner$1.schedule(ParentRunner.java:71)
	at org.junit.runners.ParentRunner.runChildren(ParentRunner.java:288)
	at org.junit.runners.ParentRunner.access$000(ParentRunner.java:58)
	at org.junit.runners.ParentRunner$2.evaluate(ParentRunner.java:268)
	at org.junit.runners.ParentRunner.run(ParentRunner.java:363)
	at org.apache.maven.surefire.junit4.JUnit4Provider.execute(JUnit4Provider.java:252)
	at org.apache.maven.surefire.junit4.JUnit4Provider.executeTestSet(JUnit4Provider.java:141)
	at org.apache.maven.surefire.junit4.JUnit4Provider.invoke(JUnit4Provider.java:112)
	at java.base/jdk.internal.reflect.DirectMethodHandleAccessor.invoke(DirectMethodHandleAccessor.java:103)
	at java.base/java.lang.reflect.Method.invoke(Method.java:580)
	at org.apache.maven.surefire.util.ReflectionUtils.invokeMethodWithArray(ReflectionUtils.java:189)
	at org.apache.maven.surefire.booter.ProviderFactory$ProviderProxy.invoke(ProviderFactory.java:165)
	at org.apache.maven.surefire.booter.ProviderFactory.invokeProvider(ProviderFactory.java:85)
	at org.apache.maven.surefire.booter.ForkedBooter.runSuitesInProcess(ForkedBooter.java:115)
	at org.apache.maven.surefire.booter.ForkedBooter.main(ForkedBooter.java:75)
Caused by: java.lang.ExceptionInInitializerError: Exception java.lang.ExceptionInInitializerError [in thread &quot;main&quot;]
	at org.easymock.internal.ClassProxyFactory.createEnhancer(ClassProxyFactory.java:235)
	at org.easymock.internal.ClassProxyFactory.createProxy(ClassProxyFactory.java:163)
	at org.easymock.internal.MocksControl.createMock(MocksControl.java:116)
	at org.easymock.internal.MocksControl.createMock(MocksControl.java:95)
	at org.easymock.EasyMock.mock(EasyMock.java:69)
	at org.easymock.EasyMock.createMock(EasyMock.java:311)
	at org.apache.catalina.valves.TestCrawlerSessionManagerValve.createRequestExpectations(TestCrawlerSessionManagerValve.java:185)
	at org.apache.catalina.valves.TestCrawlerSessionManagerValve.createRequestExpectations(TestCrawlerSessionManagerValve.java:180)
	at org.apache.catalina.valves.TestCrawlerSessionManagerValve.testCrawlerIpsPositive(TestCrawlerSessionManagerValve.java:62)
	at java.base/jdk.internal.reflect.DirectMethodHandleAccessor.invoke(DirectMethodHandleAccessor.java:103)
	at java.base/java.lang.reflect.Method.invoke(Method.java:580)
	at org.junit.runners.model.FrameworkMethod$1.runReflectiveCall(FrameworkMethod.java:50)
	at org.junit.internal.runners.model.ReflectiveCallable.run(ReflectiveCallable.java:12)
	at org.junit.runners.model.FrameworkMethod.invokeExplosively(FrameworkMethod.java:47)
	at org.junit.internal.runners.statements.InvokeMethod.evaluate(InvokeMethod.java:17)
	at org.junit.runners.ParentRunner.runLeaf(ParentRunner.java:325)
	at org.junit.runners.BlockJUnit4ClassRunner.runChild(BlockJUnit4ClassRunner.java:78)
	at org.junit.runners.BlockJUnit4ClassRunner.runChild(BlockJUnit4ClassRunner.java:57)
	... 16 more
</error>
  </testcase>
  <testcase classname="org.apache.catalina.valves.TestLoadBalancerDrainingValve" name="runValve[9: activation[ACT], validSessionID[true], expectInvokeNext[true], enableIgnore[false], queryString[null]]" time="0">
    <error message="Could not initialize class org.easymock.internal.ClassProxyFactory$2" type="java.lang.NoClassDefFoundError">java.lang.NoClassDefFoundError: Could not initialize class org.easymock.internal.ClassProxyFactory$2
	at org.easymock.internal.ClassProxyFactory.createEnhancer(ClassProxyFactory.java:235)
	at org.easymock.internal.ClassProxyFactory.createProxy(ClassProxyFactory.java:163)
	at org.easymock.internal.MocksControl.createMock(MocksControl.java:116)
	at org.easymock.internal.MocksControl.createMock(MocksControl.java:95)
	at org.apache.catalina.valves.TestLoadBalancerDrainingValve.runValve(TestLoadBalancerDrainingValve.java:103)
	at java.base/jdk.internal.reflect.DirectMethodHandleAccessor.invoke(DirectMethodHandleAccessor.java:103)
	at java.base/java.lang.reflect.Method.invoke(Method.java:580)
	at org.junit.runners.model.FrameworkMethod$1.runReflectiveCall(FrameworkMethod.java:50)
	at org.junit.internal.runners.model.ReflectiveCallable.run(ReflectiveCallable.java:12)
	at org.junit.runners.model.FrameworkMethod.invokeExplosively(FrameworkMethod.java:47)
	at org.junit.internal.runners.statements.InvokeMethod.evaluate(InvokeMethod.java:17)
	at org.junit.runners.ParentRunner.runLeaf(ParentRunner.java:325)
	at org.junit.runners.BlockJUnit4ClassRunner.runChild(BlockJUnit4ClassRunner.java:78)
	at org.junit.runners.BlockJUnit4ClassRunner.runChild(BlockJUnit4ClassRunner.java:57)
	at org.junit.runners.ParentRunner$3.run(ParentRunner.java:290)
	at org.junit.runners.ParentRunner$1.schedule(ParentRunner.java:71)
	at org.junit.runners.ParentRunner.runChildren(ParentRunner.java:288)
	at org.junit.runners.ParentRunner.access$000(ParentRunner.java:58)
	at org.junit.runners.ParentRunner$2.evaluate(ParentRunner.java:268)
	at org.junit.runners.ParentRunner.run(ParentRunner.java:363)
	at org.junit.runners.Suite.runChild(Suite.java:128)
	at org.junit.runners.Suite.runChild(Suite.java:27)
	at org.junit.runners.ParentRunner$3.run(ParentRunner.java:290)
	at org.junit.runners.ParentRunner$1.schedule(ParentRunner.java:71)
	at org.junit.runners.ParentRunner.runChildren(ParentRunner.java:288)
	at org.junit.runners.ParentRunner.access$000(ParentRunner.java:58)
	at org.junit.runners.ParentRunner$2.evaluate(ParentRunner.java:268)
	at org.junit.runners.ParentRunner.run(ParentRunner.java:363)
	at org.apache.maven.surefire.junit4.JUnit4Provider.execute(JUnit4Provider.java:252)
	at org.apache.maven.surefire.junit4.JUnit4Provider.executeTestSet(JUnit4Provider.java:141)
	at org.apache.maven.surefire.junit4.JUnit4Provider.invoke(JUnit4Provider.java:112)
	at java.base/jdk.internal.reflect.DirectMethodHandleAccessor.invoke(DirectMethodHandleAccessor.java:103)
	at java.base/java.lang.reflect.Method.invoke(Method.java:580)
	at org.apache.maven.surefire.util.ReflectionUtils.invokeMethodWithArray(ReflectionUtils.java:189)
	at org.apache.maven.surefire.booter.ProviderFactory$ProviderProxy.invoke(ProviderFactory.java:165)
	at org.apache.maven.surefire.booter.ProviderFactory.invokeProvider(ProviderFactory.java:85)
	at org.apache.maven.surefire.booter.ForkedBooter.runSuitesInProcess(ForkedBooter.java:115)
	at org.apache.maven.surefire.booter.ForkedBooter.main(ForkedBooter.java:75)
Caused by: java.lang.ExceptionInInitializerError: Exception java.lang.ExceptionInInitializerError [in thread &quot;main&quot;]
	at org.easymock.internal.ClassProxyFactory.createEnhancer(ClassProxyFactory.java:235)
	at org.easymock.internal.ClassProxyFactory.createProxy(ClassProxyFactory.java:163)
	at org.easymock.internal.MocksControl.createMock(MocksControl.java:116)
	at org.easymock.internal.MocksControl.createMock(MocksControl.java:95)
	at org.easymock.EasyMock.mock(EasyMock.java:69)
	at org.easymock.EasyMock.createMock(EasyMock.java:311)
	at org.apache.catalina.valves.TestCrawlerSessionManagerValve.createRequestExpectations(TestCrawlerSessionManagerValve.java:185)
	at org.apache.catalina.valves.TestCrawlerSessionManagerValve.createRequestExpectations(TestCrawlerSessionManagerValve.java:180)
	at org.apache.catalina.valves.TestCrawlerSessionManagerValve.testCrawlerIpsPositive(TestCrawlerSessionManagerValve.java:62)
	at java.base/jdk.internal.reflect.DirectMethodHandleAccessor.invoke(DirectMethodHandleAccessor.java:103)
	at java.base/java.lang.reflect.Method.invoke(Method.java:580)
	at org.junit.runners.model.FrameworkMethod$1.runReflectiveCall(FrameworkMethod.java:50)
	at org.junit.internal.runners.model.ReflectiveCallable.run(ReflectiveCallable.java:12)
	at org.junit.runners.model.FrameworkMethod.invokeExplosively(FrameworkMethod.java:47)
	at org.junit.internal.runners.statements.InvokeMethod.evaluate(InvokeMethod.java:17)
	at org.junit.runners.ParentRunner.runLeaf(ParentRunner.java:325)
	at org.junit.runners.BlockJUnit4ClassRunner.runChild(BlockJUnit4ClassRunner.java:78)
	at org.junit.runners.BlockJUnit4ClassRunner.runChild(BlockJUnit4ClassRunner.java:57)
	... 16 more
</error>
  </testcase>
  <testcase classname="org.apache.catalina.valves.TestLoadBalancerDrainingValve" name="runValve[10: activation[ACT], validSessionID[true], expectInvokeNext[true], enableIgnore[false], queryString[null]]" time="0.001">
    <error message="Could not initialize class org.easymock.internal.ClassProxyFactory$2" type="java.lang.NoClassDefFoundError">java.lang.NoClassDefFoundError: Could not initialize class org.easymock.internal.ClassProxyFactory$2
	at org.easymock.internal.ClassProxyFactory.createEnhancer(ClassProxyFactory.java:235)
	at org.easymock.internal.ClassProxyFactory.createProxy(ClassProxyFactory.java:163)
	at org.easymock.internal.MocksControl.createMock(MocksControl.java:116)
	at org.easymock.internal.MocksControl.createMock(MocksControl.java:95)
	at org.apache.catalina.valves.TestLoadBalancerDrainingValve.runValve(TestLoadBalancerDrainingValve.java:103)
	at java.base/jdk.internal.reflect.DirectMethodHandleAccessor.invoke(DirectMethodHandleAccessor.java:103)
	at java.base/java.lang.reflect.Method.invoke(Method.java:580)
	at org.junit.runners.model.FrameworkMethod$1.runReflectiveCall(FrameworkMethod.java:50)
	at org.junit.internal.runners.model.ReflectiveCallable.run(ReflectiveCallable.java:12)
	at org.junit.runners.model.FrameworkMethod.invokeExplosively(FrameworkMethod.java:47)
	at org.junit.internal.runners.statements.InvokeMethod.evaluate(InvokeMethod.java:17)
	at org.junit.runners.ParentRunner.runLeaf(ParentRunner.java:325)
	at org.junit.runners.BlockJUnit4ClassRunner.runChild(BlockJUnit4ClassRunner.java:78)
	at org.junit.runners.BlockJUnit4ClassRunner.runChild(BlockJUnit4ClassRunner.java:57)
	at org.junit.runners.ParentRunner$3.run(ParentRunner.java:290)
	at org.junit.runners.ParentRunner$1.schedule(ParentRunner.java:71)
	at org.junit.runners.ParentRunner.runChildren(ParentRunner.java:288)
	at org.junit.runners.ParentRunner.access$000(ParentRunner.java:58)
	at org.junit.runners.ParentRunner$2.evaluate(ParentRunner.java:268)
	at org.junit.runners.ParentRunner.run(ParentRunner.java:363)
	at org.junit.runners.Suite.runChild(Suite.java:128)
	at org.junit.runners.Suite.runChild(Suite.java:27)
	at org.junit.runners.ParentRunner$3.run(ParentRunner.java:290)
	at org.junit.runners.ParentRunner$1.schedule(ParentRunner.java:71)
	at org.junit.runners.ParentRunner.runChildren(ParentRunner.java:288)
	at org.junit.runners.ParentRunner.access$000(ParentRunner.java:58)
	at org.junit.runners.ParentRunner$2.evaluate(ParentRunner.java:268)
	at org.junit.runners.ParentRunner.run(ParentRunner.java:363)
	at org.apache.maven.surefire.junit4.JUnit4Provider.execute(JUnit4Provider.java:252)
	at org.apache.maven.surefire.junit4.JUnit4Provider.executeTestSet(JUnit4Provider.java:141)
	at org.apache.maven.surefire.junit4.JUnit4Provider.invoke(JUnit4Provider.java:112)
	at java.base/jdk.internal.reflect.DirectMethodHandleAccessor.invoke(DirectMethodHandleAccessor.java:103)
	at java.base/java.lang.reflect.Method.invoke(Method.java:580)
	at org.apache.maven.surefire.util.ReflectionUtils.invokeMethodWithArray(ReflectionUtils.java:189)
	at org.apache.maven.surefire.booter.ProviderFactory$ProviderProxy.invoke(ProviderFactory.java:165)
	at org.apache.maven.surefire.booter.ProviderFactory.invokeProvider(ProviderFactory.java:85)
	at org.apache.maven.surefire.booter.ForkedBooter.runSuitesInProcess(ForkedBooter.java:115)
	at org.apache.maven.surefire.booter.ForkedBooter.main(ForkedBooter.java:75)
Caused by: java.lang.ExceptionInInitializerError: Exception java.lang.ExceptionInInitializerError [in thread &quot;main&quot;]
	at org.easymock.internal.ClassProxyFactory.createEnhancer(ClassProxyFactory.java:235)
	at org.easymock.internal.ClassProxyFactory.createProxy(ClassProxyFactory.java:163)
	at org.easymock.internal.MocksControl.createMock(MocksControl.java:116)
	at org.easymock.internal.MocksControl.createMock(MocksControl.java:95)
	at org.easymock.EasyMock.mock(EasyMock.java:69)
	at org.easymock.EasyMock.createMock(EasyMock.java:311)
	at org.apache.catalina.valves.TestCrawlerSessionManagerValve.createRequestExpectations(TestCrawlerSessionManagerValve.java:185)
	at org.apache.catalina.valves.TestCrawlerSessionManagerValve.createRequestExpectations(TestCrawlerSessionManagerValve.java:180)
	at org.apache.catalina.valves.TestCrawlerSessionManagerValve.testCrawlerIpsPositive(TestCrawlerSessionManagerValve.java:62)
	at java.base/jdk.internal.reflect.DirectMethodHandleAccessor.invoke(DirectMethodHandleAccessor.java:103)
	at java.base/java.lang.reflect.Method.invoke(Method.java:580)
	at org.junit.runners.model.FrameworkMethod$1.runReflectiveCall(FrameworkMethod.java:50)
	at org.junit.internal.runners.model.ReflectiveCallable.run(ReflectiveCallable.java:12)
	at org.junit.runners.model.FrameworkMethod.invokeExplosively(FrameworkMethod.java:47)
	at org.junit.internal.runners.statements.InvokeMethod.evaluate(InvokeMethod.java:17)
	at org.junit.runners.ParentRunner.runLeaf(ParentRunner.java:325)
	at org.junit.runners.BlockJUnit4ClassRunner.runChild(BlockJUnit4ClassRunner.java:78)
	at org.junit.runners.BlockJUnit4ClassRunner.runChild(BlockJUnit4ClassRunner.java:57)
	... 16 more
</error>
  </testcase>
  <testcase classname="org.apache.catalina.valves.TestLoadBalancerDrainingValve" name="runValve[11: activation[ACT], validSessionID[true], expectInvokeNext[true], enableIgnore[false], queryString[null]]" time="0">
    <error message="Could not initialize class org.easymock.internal.ClassProxyFactory$2" type="java.lang.NoClassDefFoundError">java.lang.NoClassDefFoundError: Could not initialize class org.easymock.internal.ClassProxyFactory$2
	at org.easymock.internal.ClassProxyFactory.createEnhancer(ClassProxyFactory.java:235)
	at org.easymock.internal.ClassProxyFactory.createProxy(ClassProxyFactory.java:163)
	at org.easymock.internal.MocksControl.createMock(MocksControl.java:116)
	at org.easymock.internal.MocksControl.createMock(MocksControl.java:95)
	at org.apache.catalina.valves.TestLoadBalancerDrainingValve.runValve(TestLoadBalancerDrainingValve.java:103)
	at java.base/jdk.internal.reflect.DirectMethodHandleAccessor.invoke(DirectMethodHandleAccessor.java:103)
	at java.base/java.lang.reflect.Method.invoke(Method.java:580)
	at org.junit.runners.model.FrameworkMethod$1.runReflectiveCall(FrameworkMethod.java:50)
	at org.junit.internal.runners.model.ReflectiveCallable.run(ReflectiveCallable.java:12)
	at org.junit.runners.model.FrameworkMethod.invokeExplosively(FrameworkMethod.java:47)
	at org.junit.internal.runners.statements.InvokeMethod.evaluate(InvokeMethod.java:17)
	at org.junit.runners.ParentRunner.runLeaf(ParentRunner.java:325)
	at org.junit.runners.BlockJUnit4ClassRunner.runChild(BlockJUnit4ClassRunner.java:78)
	at org.junit.runners.BlockJUnit4ClassRunner.runChild(BlockJUnit4ClassRunner.java:57)
	at org.junit.runners.ParentRunner$3.run(ParentRunner.java:290)
	at org.junit.runners.ParentRunner$1.schedule(ParentRunner.java:71)
	at org.junit.runners.ParentRunner.runChildren(ParentRunner.java:288)
	at org.junit.runners.ParentRunner.access$000(ParentRunner.java:58)
	at org.junit.runners.ParentRunner$2.evaluate(ParentRunner.java:268)
	at org.junit.runners.ParentRunner.run(ParentRunner.java:363)
	at org.junit.runners.Suite.runChild(Suite.java:128)
	at org.junit.runners.Suite.runChild(Suite.java:27)
	at org.junit.runners.ParentRunner$3.run(ParentRunner.java:290)
	at org.junit.runners.ParentRunner$1.schedule(ParentRunner.java:71)
	at org.junit.runners.ParentRunner.runChildren(ParentRunner.java:288)
	at org.junit.runners.ParentRunner.access$000(ParentRunner.java:58)
	at org.junit.runners.ParentRunner$2.evaluate(ParentRunner.java:268)
	at org.junit.runners.ParentRunner.run(ParentRunner.java:363)
	at org.apache.maven.surefire.junit4.JUnit4Provider.execute(JUnit4Provider.java:252)
	at org.apache.maven.surefire.junit4.JUnit4Provider.executeTestSet(JUnit4Provider.java:141)
	at org.apache.maven.surefire.junit4.JUnit4Provider.invoke(JUnit4Provider.java:112)
	at java.base/jdk.internal.reflect.DirectMethodHandleAccessor.invoke(DirectMethodHandleAccessor.java:103)
	at java.base/java.lang.reflect.Method.invoke(Method.java:580)
	at org.apache.maven.surefire.util.ReflectionUtils.invokeMethodWithArray(ReflectionUtils.java:189)
	at org.apache.maven.surefire.booter.ProviderFactory$ProviderProxy.invoke(ProviderFactory.java:165)
	at org.apache.maven.surefire.booter.ProviderFactory.invokeProvider(ProviderFactory.java:85)
	at org.apache.maven.surefire.booter.ForkedBooter.runSuitesInProcess(ForkedBooter.java:115)
	at org.apache.maven.surefire.booter.ForkedBooter.main(ForkedBooter.java:75)
Caused by: java.lang.ExceptionInInitializerError: Exception java.lang.ExceptionInInitializerError [in thread &quot;main&quot;]
	at org.easymock.internal.ClassProxyFactory.createEnhancer(ClassProxyFactory.java:235)
	at org.easymock.internal.ClassProxyFactory.createProxy(ClassProxyFactory.java:163)
	at org.easymock.internal.MocksControl.createMock(MocksControl.java:116)
	at org.easymock.internal.MocksControl.createMock(MocksControl.java:95)
	at org.easymock.EasyMock.mock(EasyMock.java:69)
	at org.easymock.EasyMock.createMock(EasyMock.java:311)
	at org.apache.catalina.valves.TestCrawlerSessionManagerValve.createRequestExpectations(TestCrawlerSessionManagerValve.java:185)
	at org.apache.catalina.valves.TestCrawlerSessionManagerValve.createRequestExpectations(TestCrawlerSessionManagerValve.java:180)
	at org.apache.catalina.valves.TestCrawlerSessionManagerValve.testCrawlerIpsPositive(TestCrawlerSessionManagerValve.java:62)
	at java.base/jdk.internal.reflect.DirectMethodHandleAccessor.invoke(DirectMethodHandleAccessor.java:103)
	at java.base/java.lang.reflect.Method.invoke(Method.java:580)
	at org.junit.runners.model.FrameworkMethod$1.runReflectiveCall(FrameworkMethod.java:50)
	at org.junit.internal.runners.model.ReflectiveCallable.run(ReflectiveCallable.java:12)
	at org.junit.runners.model.FrameworkMethod.invokeExplosively(FrameworkMethod.java:47)
	at org.junit.internal.runners.statements.InvokeMethod.evaluate(InvokeMethod.java:17)
	at org.junit.runners.ParentRunner.runLeaf(ParentRunner.java:325)
	at org.junit.runners.BlockJUnit4ClassRunner.runChild(BlockJUnit4ClassRunner.java:78)
	at org.junit.runners.BlockJUnit4ClassRunner.runChild(BlockJUnit4ClassRunner.java:57)
	... 16 more
</error>
  </testcase>
  <testcase classname="org.apache.catalina.valves.TestLoadBalancerDrainingValve" name="runValve[12: activation[ACT], validSessionID[true], expectInvokeNext[true], enableIgnore[false], queryString[foo=bar]]" time="0">
    <error message="Could not initialize class org.easymock.internal.ClassProxyFactory$2" type="java.lang.NoClassDefFoundError">java.lang.NoClassDefFoundError: Could not initialize class org.easymock.internal.ClassProxyFactory$2
	at org.easymock.internal.ClassProxyFactory.createEnhancer(ClassProxyFactory.java:235)
	at org.easymock.internal.ClassProxyFactory.createProxy(ClassProxyFactory.java:163)
	at org.easymock.internal.MocksControl.createMock(MocksControl.java:116)
	at org.easymock.internal.MocksControl.createMock(MocksControl.java:95)
	at org.apache.catalina.valves.TestLoadBalancerDrainingValve.runValve(TestLoadBalancerDrainingValve.java:103)
	at java.base/jdk.internal.reflect.DirectMethodHandleAccessor.invoke(DirectMethodHandleAccessor.java:103)
	at java.base/java.lang.reflect.Method.invoke(Method.java:580)
	at org.junit.runners.model.FrameworkMethod$1.runReflectiveCall(FrameworkMethod.java:50)
	at org.junit.internal.runners.model.ReflectiveCallable.run(ReflectiveCallable.java:12)
	at org.junit.runners.model.FrameworkMethod.invokeExplosively(FrameworkMethod.java:47)
	at org.junit.internal.runners.statements.InvokeMethod.evaluate(InvokeMethod.java:17)
	at org.junit.runners.ParentRunner.runLeaf(ParentRunner.java:325)
	at org.junit.runners.BlockJUnit4ClassRunner.runChild(BlockJUnit4ClassRunner.java:78)
	at org.junit.runners.BlockJUnit4ClassRunner.runChild(BlockJUnit4ClassRunner.java:57)
	at org.junit.runners.ParentRunner$3.run(ParentRunner.java:290)
	at org.junit.runners.ParentRunner$1.schedule(ParentRunner.java:71)
	at org.junit.runners.ParentRunner.runChildren(ParentRunner.java:288)
	at org.junit.runners.ParentRunner.access$000(ParentRunner.java:58)
	at org.junit.runners.ParentRunner$2.evaluate(ParentRunner.java:268)
	at org.junit.runners.ParentRunner.run(ParentRunner.java:363)
	at org.junit.runners.Suite.runChild(Suite.java:128)
	at org.junit.runners.Suite.runChild(Suite.java:27)
	at org.junit.runners.ParentRunner$3.run(ParentRunner.java:290)
	at org.junit.runners.ParentRunner$1.schedule(ParentRunner.java:71)
	at org.junit.runners.ParentRunner.runChildren(ParentRunner.java:288)
	at org.junit.runners.ParentRunner.access$000(ParentRunner.java:58)
	at org.junit.runners.ParentRunner$2.evaluate(ParentRunner.java:268)
	at org.junit.runners.ParentRunner.run(ParentRunner.java:363)
	at org.apache.maven.surefire.junit4.JUnit4Provider.execute(JUnit4Provider.java:252)
	at org.apache.maven.surefire.junit4.JUnit4Provider.executeTestSet(JUnit4Provider.java:141)
	at org.apache.maven.surefire.junit4.JUnit4Provider.invoke(JUnit4Provider.java:112)
	at java.base/jdk.internal.reflect.DirectMethodHandleAccessor.invoke(DirectMethodHandleAccessor.java:103)
	at java.base/java.lang.reflect.Method.invoke(Method.java:580)
	at org.apache.maven.surefire.util.ReflectionUtils.invokeMethodWithArray(ReflectionUtils.java:189)
	at org.apache.maven.surefire.booter.ProviderFactory$ProviderProxy.invoke(ProviderFactory.java:165)
	at org.apache.maven.surefire.booter.ProviderFactory.invokeProvider(ProviderFactory.java:85)
	at org.apache.maven.surefire.booter.ForkedBooter.runSuitesInProcess(ForkedBooter.java:115)
	at org.apache.maven.surefire.booter.ForkedBooter.main(ForkedBooter.java:75)
Caused by: java.lang.ExceptionInInitializerError: Exception java.lang.ExceptionInInitializerError [in thread &quot;main&quot;]
	at org.easymock.internal.ClassProxyFactory.createEnhancer(ClassProxyFactory.java:235)
	at org.easymock.internal.ClassProxyFactory.createProxy(ClassProxyFactory.java:163)
	at org.easymock.internal.MocksControl.createMock(MocksControl.java:116)
	at org.easymock.internal.MocksControl.createMock(MocksControl.java:95)
	at org.easymock.EasyMock.mock(EasyMock.java:69)
	at org.easymock.EasyMock.createMock(EasyMock.java:311)
	at org.apache.catalina.valves.TestCrawlerSessionManagerValve.createRequestExpectations(TestCrawlerSessionManagerValve.java:185)
	at org.apache.catalina.valves.TestCrawlerSessionManagerValve.createRequestExpectations(TestCrawlerSessionManagerValve.java:180)
	at org.apache.catalina.valves.TestCrawlerSessionManagerValve.testCrawlerIpsPositive(TestCrawlerSessionManagerValve.java:62)
	at java.base/jdk.internal.reflect.DirectMethodHandleAccessor.invoke(DirectMethodHandleAccessor.java:103)
	at java.base/java.lang.reflect.Method.invoke(Method.java:580)
	at org.junit.runners.model.FrameworkMethod$1.runReflectiveCall(FrameworkMethod.java:50)
	at org.junit.internal.runners.model.ReflectiveCallable.run(ReflectiveCallable.java:12)
	at org.junit.runners.model.FrameworkMethod.invokeExplosively(FrameworkMethod.java:47)
	at org.junit.internal.runners.statements.InvokeMethod.evaluate(InvokeMethod.java:17)
	at org.junit.runners.ParentRunner.runLeaf(ParentRunner.java:325)
	at org.junit.runners.BlockJUnit4ClassRunner.runChild(BlockJUnit4ClassRunner.java:78)
	at org.junit.runners.BlockJUnit4ClassRunner.runChild(BlockJUnit4ClassRunner.java:57)
	... 16 more
</error>
  </testcase>
  <testcase classname="org.apache.catalina.valves.TestLoadBalancerDrainingValve" name="runValve[13: activation[ACT], validSessionID[true], expectInvokeNext[true], enableIgnore[false], queryString[foo=bar]]" time="0">
    <error message="Could not initialize class org.easymock.internal.ClassProxyFactory$2" type="java.lang.NoClassDefFoundError">java.lang.NoClassDefFoundError: Could not initialize class org.easymock.internal.ClassProxyFactory$2
	at org.easymock.internal.ClassProxyFactory.createEnhancer(ClassProxyFactory.java:235)
	at org.easymock.internal.ClassProxyFactory.createProxy(ClassProxyFactory.java:163)
	at org.easymock.internal.MocksControl.createMock(MocksControl.java:116)
	at org.easymock.internal.MocksControl.createMock(MocksControl.java:95)
	at org.apache.catalina.valves.TestLoadBalancerDrainingValve.runValve(TestLoadBalancerDrainingValve.java:103)
	at java.base/jdk.internal.reflect.DirectMethodHandleAccessor.invoke(DirectMethodHandleAccessor.java:103)
	at java.base/java.lang.reflect.Method.invoke(Method.java:580)
	at org.junit.runners.model.FrameworkMethod$1.runReflectiveCall(FrameworkMethod.java:50)
	at org.junit.internal.runners.model.ReflectiveCallable.run(ReflectiveCallable.java:12)
	at org.junit.runners.model.FrameworkMethod.invokeExplosively(FrameworkMethod.java:47)
	at org.junit.internal.runners.statements.InvokeMethod.evaluate(InvokeMethod.java:17)
	at org.junit.runners.ParentRunner.runLeaf(ParentRunner.java:325)
	at org.junit.runners.BlockJUnit4ClassRunner.runChild(BlockJUnit4ClassRunner.java:78)
	at org.junit.runners.BlockJUnit4ClassRunner.runChild(BlockJUnit4ClassRunner.java:57)
	at org.junit.runners.ParentRunner$3.run(ParentRunner.java:290)
	at org.junit.runners.ParentRunner$1.schedule(ParentRunner.java:71)
	at org.junit.runners.ParentRunner.runChildren(ParentRunner.java:288)
	at org.junit.runners.ParentRunner.access$000(ParentRunner.java:58)
	at org.junit.runners.ParentRunner$2.evaluate(ParentRunner.java:268)
	at org.junit.runners.ParentRunner.run(ParentRunner.java:363)
	at org.junit.runners.Suite.runChild(Suite.java:128)
	at org.junit.runners.Suite.runChild(Suite.java:27)
	at org.junit.runners.ParentRunner$3.run(ParentRunner.java:290)
	at org.junit.runners.ParentRunner$1.schedule(ParentRunner.java:71)
	at org.junit.runners.ParentRunner.runChildren(ParentRunner.java:288)
	at org.junit.runners.ParentRunner.access$000(ParentRunner.java:58)
	at org.junit.runners.ParentRunner$2.evaluate(ParentRunner.java:268)
	at org.junit.runners.ParentRunner.run(ParentRunner.java:363)
	at org.apache.maven.surefire.junit4.JUnit4Provider.execute(JUnit4Provider.java:252)
	at org.apache.maven.surefire.junit4.JUnit4Provider.executeTestSet(JUnit4Provider.java:141)
	at org.apache.maven.surefire.junit4.JUnit4Provider.invoke(JUnit4Provider.java:112)
	at java.base/jdk.internal.reflect.DirectMethodHandleAccessor.invoke(DirectMethodHandleAccessor.java:103)
	at java.base/java.lang.reflect.Method.invoke(Method.java:580)
	at org.apache.maven.surefire.util.ReflectionUtils.invokeMethodWithArray(ReflectionUtils.java:189)
	at org.apache.maven.surefire.booter.ProviderFactory$ProviderProxy.invoke(ProviderFactory.java:165)
	at org.apache.maven.surefire.booter.ProviderFactory.invokeProvider(ProviderFactory.java:85)
	at org.apache.maven.surefire.booter.ForkedBooter.runSuitesInProcess(ForkedBooter.java:115)
	at org.apache.maven.surefire.booter.ForkedBooter.main(ForkedBooter.java:75)
Caused by: java.lang.ExceptionInInitializerError: Exception java.lang.ExceptionInInitializerError [in thread &quot;main&quot;]
	at org.easymock.internal.ClassProxyFactory.createEnhancer(ClassProxyFactory.java:235)
	at org.easymock.internal.ClassProxyFactory.createProxy(ClassProxyFactory.java:163)
	at org.easymock.internal.MocksControl.createMock(MocksControl.java:116)
	at org.easymock.internal.MocksControl.createMock(MocksControl.java:95)
	at org.easymock.EasyMock.mock(EasyMock.java:69)
	at org.easymock.EasyMock.createMock(EasyMock.java:311)
	at org.apache.catalina.valves.TestCrawlerSessionManagerValve.createRequestExpectations(TestCrawlerSessionManagerValve.java:185)
	at org.apache.catalina.valves.TestCrawlerSessionManagerValve.createRequestExpectations(TestCrawlerSessionManagerValve.java:180)
	at org.apache.catalina.valves.TestCrawlerSessionManagerValve.testCrawlerIpsPositive(TestCrawlerSessionManagerValve.java:62)
	at java.base/jdk.internal.reflect.DirectMethodHandleAccessor.invoke(DirectMethodHandleAccessor.java:103)
	at java.base/java.lang.reflect.Method.invoke(Method.java:580)
	at org.junit.runners.model.FrameworkMethod$1.runReflectiveCall(FrameworkMethod.java:50)
	at org.junit.internal.runners.model.ReflectiveCallable.run(ReflectiveCallable.java:12)
	at org.junit.runners.model.FrameworkMethod.invokeExplosively(FrameworkMethod.java:47)
	at org.junit.internal.runners.statements.InvokeMethod.evaluate(InvokeMethod.java:17)
	at org.junit.runners.ParentRunner.runLeaf(ParentRunner.java:325)
	at org.junit.runners.BlockJUnit4ClassRunner.runChild(BlockJUnit4ClassRunner.java:78)
	at org.junit.runners.BlockJUnit4ClassRunner.runChild(BlockJUnit4ClassRunner.java:57)
	... 16 more
</error>
  </testcase>
  <testcase classname="org.apache.catalina.valves.TestLoadBalancerDrainingValve" name="runValve[14: activation[ACT], validSessionID[true], expectInvokeNext[true], enableIgnore[false], queryString[foo=bar]]" time="0.001">
    <error message="Could not initialize class org.easymock.internal.ClassProxyFactory$2" type="java.lang.NoClassDefFoundError">java.lang.NoClassDefFoundError: Could not initialize class org.easymock.internal.ClassProxyFactory$2
	at org.easymock.internal.ClassProxyFactory.createEnhancer(ClassProxyFactory.java:235)
	at org.easymock.internal.ClassProxyFactory.createProxy(ClassProxyFactory.java:163)
	at org.easymock.internal.MocksControl.createMock(MocksControl.java:116)
	at org.easymock.internal.MocksControl.createMock(MocksControl.java:95)
	at org.apache.catalina.valves.TestLoadBalancerDrainingValve.runValve(TestLoadBalancerDrainingValve.java:103)
	at java.base/jdk.internal.reflect.DirectMethodHandleAccessor.invoke(DirectMethodHandleAccessor.java:103)
	at java.base/java.lang.reflect.Method.invoke(Method.java:580)
	at org.junit.runners.model.FrameworkMethod$1.runReflectiveCall(FrameworkMethod.java:50)
	at org.junit.internal.runners.model.ReflectiveCallable.run(ReflectiveCallable.java:12)
	at org.junit.runners.model.FrameworkMethod.invokeExplosively(FrameworkMethod.java:47)
	at org.junit.internal.runners.statements.InvokeMethod.evaluate(InvokeMethod.java:17)
	at org.junit.runners.ParentRunner.runLeaf(ParentRunner.java:325)
	at org.junit.runners.BlockJUnit4ClassRunner.runChild(BlockJUnit4ClassRunner.java:78)
	at org.junit.runners.BlockJUnit4ClassRunner.runChild(BlockJUnit4ClassRunner.java:57)
	at org.junit.runners.ParentRunner$3.run(ParentRunner.java:290)
	at org.junit.runners.ParentRunner$1.schedule(ParentRunner.java:71)
	at org.junit.runners.ParentRunner.runChildren(ParentRunner.java:288)
	at org.junit.runners.ParentRunner.access$000(ParentRunner.java:58)
	at org.junit.runners.ParentRunner$2.evaluate(ParentRunner.java:268)
	at org.junit.runners.ParentRunner.run(ParentRunner.java:363)
	at org.junit.runners.Suite.runChild(Suite.java:128)
	at org.junit.runners.Suite.runChild(Suite.java:27)
	at org.junit.runners.ParentRunner$3.run(ParentRunner.java:290)
	at org.junit.runners.ParentRunner$1.schedule(ParentRunner.java:71)
	at org.junit.runners.ParentRunner.runChildren(ParentRunner.java:288)
	at org.junit.runners.ParentRunner.access$000(ParentRunner.java:58)
	at org.junit.runners.ParentRunner$2.evaluate(ParentRunner.java:268)
	at org.junit.runners.ParentRunner.run(ParentRunner.java:363)
	at org.apache.maven.surefire.junit4.JUnit4Provider.execute(JUnit4Provider.java:252)
	at org.apache.maven.surefire.junit4.JUnit4Provider.executeTestSet(JUnit4Provider.java:141)
	at org.apache.maven.surefire.junit4.JUnit4Provider.invoke(JUnit4Provider.java:112)
	at java.base/jdk.internal.reflect.DirectMethodHandleAccessor.invoke(DirectMethodHandleAccessor.java:103)
	at java.base/java.lang.reflect.Method.invoke(Method.java:580)
	at org.apache.maven.surefire.util.ReflectionUtils.invokeMethodWithArray(ReflectionUtils.java:189)
	at org.apache.maven.surefire.booter.ProviderFactory$ProviderProxy.invoke(ProviderFactory.java:165)
	at org.apache.maven.surefire.booter.ProviderFactory.invokeProvider(ProviderFactory.java:85)
	at org.apache.maven.surefire.booter.ForkedBooter.runSuitesInProcess(ForkedBooter.java:115)
	at org.apache.maven.surefire.booter.ForkedBooter.main(ForkedBooter.java:75)
Caused by: java.lang.ExceptionInInitializerError: Exception java.lang.ExceptionInInitializerError [in thread &quot;main&quot;]
	at org.easymock.internal.ClassProxyFactory.createEnhancer(ClassProxyFactory.java:235)
	at org.easymock.internal.ClassProxyFactory.createProxy(ClassProxyFactory.java:163)
	at org.easymock.internal.MocksControl.createMock(MocksControl.java:116)
	at org.easymock.internal.MocksControl.createMock(MocksControl.java:95)
	at org.easymock.EasyMock.mock(EasyMock.java:69)
	at org.easymock.EasyMock.createMock(EasyMock.java:311)
	at org.apache.catalina.valves.TestCrawlerSessionManagerValve.createRequestExpectations(TestCrawlerSessionManagerValve.java:185)
	at org.apache.catalina.valves.TestCrawlerSessionManagerValve.createRequestExpectations(TestCrawlerSessionManagerValve.java:180)
	at org.apache.catalina.valves.TestCrawlerSessionManagerValve.testCrawlerIpsPositive(TestCrawlerSessionManagerValve.java:62)
	at java.base/jdk.internal.reflect.DirectMethodHandleAccessor.invoke(DirectMethodHandleAccessor.java:103)
	at java.base/java.lang.reflect.Method.invoke(Method.java:580)
	at org.junit.runners.model.FrameworkMethod$1.runReflectiveCall(FrameworkMethod.java:50)
	at org.junit.internal.runners.model.ReflectiveCallable.run(ReflectiveCallable.java:12)
	at org.junit.runners.model.FrameworkMethod.invokeExplosively(FrameworkMethod.java:47)
	at org.junit.internal.runners.statements.InvokeMethod.evaluate(InvokeMethod.java:17)
	at org.junit.runners.ParentRunner.runLeaf(ParentRunner.java:325)
	at org.junit.runners.BlockJUnit4ClassRunner.runChild(BlockJUnit4ClassRunner.java:78)
	at org.junit.runners.BlockJUnit4ClassRunner.runChild(BlockJUnit4ClassRunner.java:57)
	... 16 more
</error>
  </testcase>
  <testcase classname="org.apache.catalina.valves.TestLoadBalancerDrainingValve" name="runValve[15: activation[ACT], validSessionID[true], expectInvokeNext[true], enableIgnore[false], queryString[foo=bar]]" time="0">
    <error message="Could not initialize class org.easymock.internal.ClassProxyFactory$2" type="java.lang.NoClassDefFoundError">java.lang.NoClassDefFoundError: Could not initialize class org.easymock.internal.ClassProxyFactory$2
	at org.easymock.internal.ClassProxyFactory.createEnhancer(ClassProxyFactory.java:235)
	at org.easymock.internal.ClassProxyFactory.createProxy(ClassProxyFactory.java:163)
	at org.easymock.internal.MocksControl.createMock(MocksControl.java:116)
	at org.easymock.internal.MocksControl.createMock(MocksControl.java:95)
	at org.apache.catalina.valves.TestLoadBalancerDrainingValve.runValve(TestLoadBalancerDrainingValve.java:103)
	at java.base/jdk.internal.reflect.DirectMethodHandleAccessor.invoke(DirectMethodHandleAccessor.java:103)
	at java.base/java.lang.reflect.Method.invoke(Method.java:580)
	at org.junit.runners.model.FrameworkMethod$1.runReflectiveCall(FrameworkMethod.java:50)
	at org.junit.internal.runners.model.ReflectiveCallable.run(ReflectiveCallable.java:12)
	at org.junit.runners.model.FrameworkMethod.invokeExplosively(FrameworkMethod.java:47)
	at org.junit.internal.runners.statements.InvokeMethod.evaluate(InvokeMethod.java:17)
	at org.junit.runners.ParentRunner.runLeaf(ParentRunner.java:325)
	at org.junit.runners.BlockJUnit4ClassRunner.runChild(BlockJUnit4ClassRunner.java:78)
	at org.junit.runners.BlockJUnit4ClassRunner.runChild(BlockJUnit4ClassRunner.java:57)
	at org.junit.runners.ParentRunner$3.run(ParentRunner.java:290)
	at org.junit.runners.ParentRunner$1.schedule(ParentRunner.java:71)
	at org.junit.runners.ParentRunner.runChildren(ParentRunner.java:288)
	at org.junit.runners.ParentRunner.access$000(ParentRunner.java:58)
	at org.junit.runners.ParentRunner$2.evaluate(ParentRunner.java:268)
	at org.junit.runners.ParentRunner.run(ParentRunner.java:363)
	at org.junit.runners.Suite.runChild(Suite.java:128)
	at org.junit.runners.Suite.runChild(Suite.java:27)
	at org.junit.runners.ParentRunner$3.run(ParentRunner.java:290)
	at org.junit.runners.ParentRunner$1.schedule(ParentRunner.java:71)
	at org.junit.runners.ParentRunner.runChildren(ParentRunner.java:288)
	at org.junit.runners.ParentRunner.access$000(ParentRunner.java:58)
	at org.junit.runners.ParentRunner$2.evaluate(ParentRunner.java:268)
	at org.junit.runners.ParentRunner.run(ParentRunner.java:363)
[...]
	at org.easymock.internal.MocksControl.createMock(MocksControl.java:95)
	at org.apache.catalina.valves.TestLoadBalancerDrainingValve.runValve(TestLoadBalancerDrainingValve.java:103)
	at java.base/jdk.internal.reflect.DirectMethodHandleAccessor.invoke(DirectMethodHandleAccessor.java:103)
	at java.base/java.lang.reflect.Method.invoke(Method.java:580)
	at org.junit.runners.model.FrameworkMethod$1.runReflectiveCall(FrameworkMethod.java:50)
	at org.junit.internal.runners.model.ReflectiveCallable.run(ReflectiveCallable.java:12)
	at org.junit.runners.model.FrameworkMethod.invokeExplosively(FrameworkMethod.java:47)
	at org.junit.internal.runners.statements.InvokeMethod.evaluate(InvokeMethod.java:17)
	at org.junit.runners.ParentRunner.runLeaf(ParentRunner.java:325)
	at org.junit.runners.BlockJUnit4ClassRunner.runChild(BlockJUnit4ClassRunner.java:78)
	at org.junit.runners.BlockJUnit4ClassRunner.runChild(BlockJUnit4ClassRunner.java:57)
	at org.junit.runners.ParentRunner$3.run(ParentRunner.java:290)
	at org.junit.runners.ParentRunner$1.schedule(ParentRunner.java:71)
	at org.junit.runners.ParentRunner.runChildren(ParentRunner.java:288)
	at org.junit.runners.ParentRunner.access$000(ParentRunner.java:58)
	at org.junit.runners.ParentRunner$2.evaluate(ParentRunner.java:268)
	at org.junit.runners.ParentRunner.run(ParentRunner.java:363)
	at org.junit.runners.Suite.runChild(Suite.java:128)
	at org.junit.runners.Suite.runChild(Suite.java:27)
	at org.junit.runners.ParentRunner$3.run(ParentRunner.java:290)
	at org.junit.runners.ParentRunner$1.schedule(ParentRunner.java:71)
	at org.junit.runners.ParentRunner.runChildren(ParentRunner.java:288)
	at org.junit.runners.ParentRunner.access$000(ParentRunner.java:58)
	at org.junit.runners.ParentRunner$2.evaluate(ParentRunner.java:268)
	at org.junit.runners.ParentRunner.run(ParentRunner.java:363)
	at org.apache.maven.surefire.junit4.JUnit4Provider.execute(JUnit4Provider.java:252)
	at org.apache.maven.surefire.junit4.JUnit4Provider.executeTestSet(JUnit4Provider.java:141)
	at org.apache.maven.surefire.junit4.JUnit4Provider.invoke(JUnit4Provider.java:112)
	at java.base/jdk.internal.reflect.DirectMethodHandleAccessor.invoke(DirectMethodHandleAccessor.java:103)
	at java.base/java.lang.reflect.Method.invoke(Method.java:580)
	at org.apache.maven.surefire.util.ReflectionUtils.invokeMethodWithArray(ReflectionUtils.java:189)
	at org.apache.maven.surefire.booter.ProviderFactory$ProviderProxy.invoke(ProviderFactory.java:165)
	at org.apache.maven.surefire.booter.ProviderFactory.invokeProvider(ProviderFactory.java:85)
	at org.apache.maven.surefire.booter.ForkedBooter.runSuitesInProcess(ForkedBooter.java:115)
	at org.apache.maven.surefire.booter.ForkedBooter.main(ForkedBooter.java:75)
Caused by: java.lang.ExceptionInInitializerError: Exception java.lang.ExceptionInInitializerError [in thread &quot;main&quot;]
	at org.easymock.internal.ClassProxyFactory.createEnhancer(ClassProxyFactory.java:235)
	at org.easymock.internal.ClassProxyFactory.createProxy(ClassProxyFactory.java:163)
	at org.easymock.internal.MocksControl.createMock(MocksControl.java:116)
	at org.easymock.internal.MocksControl.createMock(MocksControl.java:95)
	at org.easymock.EasyMock.mock(EasyMock.java:69)
	at org.easymock.EasyMock.createMock(EasyMock.java:311)
	at org.apache.catalina.valves.TestCrawlerSessionManagerValve.createRequestExpectations(TestCrawlerSessionManagerValve.java:185)
	at org.apache.catalina.valves.TestCrawlerSessionManagerValve.createRequestExpectations(TestCrawlerSessionManagerValve.java:180)
	at org.apache.catalina.valves.TestCrawlerSessionManagerValve.testCrawlerIpsPositive(TestCrawlerSessionManagerValve.java:62)
	at java.base/jdk.internal.reflect.DirectMethodHandleAccessor.invoke(DirectMethodHandleAccessor.java:103)
	at java.base/java.lang.reflect.Method.invoke(Method.java:580)
	at org.junit.runners.model.FrameworkMethod$1.runReflectiveCall(FrameworkMethod.java:50)
	at org.junit.internal.runners.model.ReflectiveCallable.run(ReflectiveCallable.java:12)
	at org.junit.runners.model.FrameworkMethod.invokeExplosively(FrameworkMethod.java:47)
	at org.junit.internal.runners.statements.InvokeMethod.evaluate(InvokeMethod.java:17)
	at org.junit.runners.ParentRunner.runLeaf(ParentRunner.java:325)
	at org.junit.runners.BlockJUnit4ClassRunner.runChild(BlockJUnit4ClassRunner.java:78)
	at org.junit.runners.BlockJUnit4ClassRunner.runChild(BlockJUnit4ClassRunner.java:57)
	... 16 more
</error>
  </testcase>
  <testcase classname="org.apache.catalina.valves.TestLoadBalancerDrainingValve" name="runValve[61: activation[DIS], validSessionID[false], expectInvokeNext[false], enableIgnore[false], queryString[foo=bar]]" time="0.001">
    <error message="Could not initialize class org.easymock.internal.ClassProxyFactory$2" type="java.lang.NoClassDefFoundError">java.lang.NoClassDefFoundError: Could not initialize class org.easymock.internal.ClassProxyFactory$2
	at org.easymock.internal.ClassProxyFactory.createEnhancer(ClassProxyFactory.java:235)
	at org.easymock.internal.ClassProxyFactory.createProxy(ClassProxyFactory.java:163)
	at org.easymock.internal.MocksControl.createMock(MocksControl.java:116)
	at org.easymock.internal.MocksControl.createMock(MocksControl.java:95)
	at org.apache.catalina.valves.TestLoadBalancerDrainingValve.runValve(TestLoadBalancerDrainingValve.java:103)
	at java.base/jdk.internal.reflect.DirectMethodHandleAccessor.invoke(DirectMethodHandleAccessor.java:103)
	at java.base/java.lang.reflect.Method.invoke(Method.java:580)
	at org.junit.runners.model.FrameworkMethod$1.runReflectiveCall(FrameworkMethod.java:50)
	at org.junit.internal.runners.model.ReflectiveCallable.run(ReflectiveCallable.java:12)
	at org.junit.runners.model.FrameworkMethod.invokeExplosively(FrameworkMethod.java:47)
	at org.junit.internal.runners.statements.InvokeMethod.evaluate(InvokeMethod.java:17)
	at org.junit.runners.ParentRunner.runLeaf(ParentRunner.java:325)
	at org.junit.runners.BlockJUnit4ClassRunner.runChild(BlockJUnit4ClassRunner.java:78)
	at org.junit.runners.BlockJUnit4ClassRunner.runChild(BlockJUnit4ClassRunner.java:57)
	at org.junit.runners.ParentRunner$3.run(ParentRunner.java:290)
	at org.junit.runners.ParentRunner$1.schedule(ParentRunner.java:71)
	at org.junit.runners.ParentRunner.runChildren(ParentRunner.java:288)
	at org.junit.runners.ParentRunner.access$000(ParentRunner.java:58)
	at org.junit.runners.ParentRunner$2.evaluate(ParentRunner.java:268)
	at org.junit.runners.ParentRunner.run(ParentRunner.java:363)
	at org.junit.runners.Suite.runChild(Suite.java:128)
	at org.junit.runners.Suite.runChild(Suite.java:27)
	at org.junit.runners.ParentRunner$3.run(ParentRunner.java:290)
	at org.junit.runners.ParentRunner$1.schedule(ParentRunner.java:71)
	at org.junit.runners.ParentRunner.runChildren(ParentRunner.java:288)
	at org.junit.runners.ParentRunner.access$000(ParentRunner.java:58)
	at org.junit.runners.ParentRunner$2.evaluate(ParentRunner.java:268)
	at org.junit.runners.ParentRunner.run(ParentRunner.java:363)
	at org.apache.maven.surefire.junit4.JUnit4Provider.execute(JUnit4Provider.java:252)
	at org.apache.maven.surefire.junit4.JUnit4Provider.executeTestSet(JUnit4Provider.java:141)
	at org.apache.maven.surefire.junit4.JUnit4Provider.invoke(JUnit4Provider.java:112)
	at java.base/jdk.internal.reflect.DirectMethodHandleAccessor.invoke(DirectMethodHandleAccessor.java:103)
	at java.base/java.lang.reflect.Method.invoke(Method.java:580)
	at org.apache.maven.surefire.util.ReflectionUtils.invokeMethodWithArray(ReflectionUtils.java:189)
	at org.apache.maven.surefire.booter.ProviderFactory$ProviderProxy.invoke(ProviderFactory.java:165)
	at org.apache.maven.surefire.booter.ProviderFactory.invokeProvider(ProviderFactory.java:85)
	at org.apache.maven.surefire.booter.ForkedBooter.runSuitesInProcess(ForkedBooter.java:115)
	at org.apache.maven.surefire.booter.ForkedBooter.main(ForkedBooter.java:75)
Caused by: java.lang.ExceptionInInitializerError: Exception java.lang.ExceptionInInitializerError [in thread &quot;main&quot;]
	at org.easymock.internal.ClassProxyFactory.createEnhancer(ClassProxyFactory.java:235)
	at org.easymock.internal.ClassProxyFactory.createProxy(ClassProxyFactory.java:163)
	at org.easymock.internal.MocksControl.createMock(MocksControl.java:116)
	at org.easymock.internal.MocksControl.createMock(MocksControl.java:95)
	at org.easymock.EasyMock.mock(EasyMock.java:69)
	at org.easymock.EasyMock.createMock(EasyMock.java:311)
	at org.apache.catalina.valves.TestCrawlerSessionManagerValve.createRequestExpectations(TestCrawlerSessionManagerValve.java:185)
	at org.apache.catalina.valves.TestCrawlerSessionManagerValve.createRequestExpectations(TestCrawlerSessionManagerValve.java:180)
	at org.apache.catalina.valves.TestCrawlerSessionManagerValve.testCrawlerIpsPositive(TestCrawlerSessionManagerValve.java:62)
	at java.base/jdk.internal.reflect.DirectMethodHandleAccessor.invoke(DirectMethodHandleAccessor.java:103)
	at java.base/java.lang.reflect.Method.invoke(Method.java:580)
	at org.junit.runners.model.FrameworkMethod$1.runReflectiveCall(FrameworkMethod.java:50)
	at org.junit.internal.runners.model.ReflectiveCallable.run(ReflectiveCallable.java:12)
	at org.junit.runners.model.FrameworkMethod.invokeExplosively(FrameworkMethod.java:47)
	at org.junit.internal.runners.statements.InvokeMethod.evaluate(InvokeMethod.java:17)
	at org.junit.runners.ParentRunner.runLeaf(ParentRunner.java:325)
	at org.junit.runners.BlockJUnit4ClassRunner.runChild(BlockJUnit4ClassRunner.java:78)
	at org.junit.runners.BlockJUnit4ClassRunner.runChild(BlockJUnit4ClassRunner.java:57)
	... 16 more
</error>
  </testcase>
  <testcase classname="org.apache.catalina.valves.TestLoadBalancerDrainingValve" name="runValve[62: activation[DIS], validSessionID[false], expectInvokeNext[false], enableIgnore[false], queryString[foo=bar]]" time="0">
    <error message="Could not initialize class org.easymock.internal.ClassProxyFactory$2" type="java.lang.NoClassDefFoundError">java.lang.NoClassDefFoundError: Could not initialize class org.easymock.internal.ClassProxyFactory$2
	at org.easymock.internal.ClassProxyFactory.createEnhancer(ClassProxyFactory.java:235)
	at org.easymock.internal.ClassProxyFactory.createProxy(ClassProxyFactory.java:163)
	at org.easymock.internal.MocksControl.createMock(MocksControl.java:116)
	at org.easymock.internal.MocksControl.createMock(MocksControl.java:95)
	at org.apache.catalina.valves.TestLoadBalancerDrainingValve.runValve(TestLoadBalancerDrainingValve.java:103)
	at java.base/jdk.internal.reflect.DirectMethodHandleAccessor.invoke(DirectMethodHandleAccessor.java:103)
	at java.base/java.lang.reflect.Method.invoke(Method.java:580)
	at org.junit.runners.model.FrameworkMethod$1.runReflectiveCall(FrameworkMethod.java:50)
	at org.junit.internal.runners.model.ReflectiveCallable.run(ReflectiveCallable.java:12)
	at org.junit.runners.model.FrameworkMethod.invokeExplosively(FrameworkMethod.java:47)
	at org.junit.internal.runners.statements.InvokeMethod.evaluate(InvokeMethod.java:17)
	at org.junit.runners.ParentRunner.runLeaf(ParentRunner.java:325)
	at org.junit.runners.BlockJUnit4ClassRunner.runChild(BlockJUnit4ClassRunner.java:78)
	at org.junit.runners.BlockJUnit4ClassRunner.runChild(BlockJUnit4ClassRunner.java:57)
	at org.junit.runners.ParentRunner$3.run(ParentRunner.java:290)
	at org.junit.runners.ParentRunner$1.schedule(ParentRunner.java:71)
	at org.junit.runners.ParentRunner.runChildren(ParentRunner.java:288)
	at org.junit.runners.ParentRunner.access$000(ParentRunner.java:58)
	at org.junit.runners.ParentRunner$2.evaluate(ParentRunner.java:268)
	at org.junit.runners.ParentRunner.run(ParentRunner.java:363)
	at org.junit.runners.Suite.runChild(Suite.java:128)
	at org.junit.runners.Suite.runChild(Suite.java:27)
	at org.junit.runners.ParentRunner$3.run(ParentRunner.java:290)
	at org.junit.runners.ParentRunner$1.schedule(ParentRunner.java:71)
	at org.junit.runners.ParentRunner.runChildren(ParentRunner.java:288)
	at org.junit.runners.ParentRunner.access$000(ParentRunner.java:58)
	at org.junit.runners.ParentRunner$2.evaluate(ParentRunner.java:268)
	at org.junit.runners.ParentRunner.run(ParentRunner.java:363)
	at org.apache.maven.surefire.junit4.JUnit4Provider.execute(JUnit4Provider.java:252)
	at org.apache.maven.surefire.junit4.JUnit4Provider.executeTestSet(JUnit4Provider.java:141)
	at org.apache.maven.surefire.junit4.JUnit4Provider.invoke(JUnit4Provider.java:112)
	at java.base/jdk.internal.reflect.DirectMethodHandleAccessor.invoke(DirectMethodHandleAccessor.java:103)
	at java.base/java.lang.reflect.Method.invoke(Method.java:580)
	at org.apache.maven.surefire.util.ReflectionUtils.invokeMethodWithArray(ReflectionUtils.java:189)
	at org.apache.maven.surefire.booter.ProviderFactory$ProviderProxy.invoke(ProviderFactory.java:165)
	at org.apache.maven.surefire.booter.ProviderFactory.invokeProvider(ProviderFactory.java:85)
	at org.apache.maven.surefire.booter.ForkedBooter.runSuitesInProcess(ForkedBooter.java:115)
	at org.apache.maven.surefire.booter.ForkedBooter.main(ForkedBooter.java:75)
Caused by: java.lang.ExceptionInInitializerError: Exception java.lang.ExceptionInInitializerError [in thread &quot;main&quot;]
	at org.easymock.internal.ClassProxyFactory.createEnhancer(ClassProxyFactory.java:235)
	at org.easymock.internal.ClassProxyFactory.createProxy(ClassProxyFactory.java:163)
	at org.easymock.internal.MocksControl.createMock(MocksControl.java:116)
	at org.easymock.internal.MocksControl.createMock(MocksControl.java:95)
	at org.easymock.EasyMock.mock(EasyMock.java:69)
	at org.easymock.EasyMock.createMock(EasyMock.java:311)
	at org.apache.catalina.valves.TestCrawlerSessionManagerValve.createRequestExpectations(TestCrawlerSessionManagerValve.java:185)
	at org.apache.catalina.valves.TestCrawlerSessionManagerValve.createRequestExpectations(TestCrawlerSessionManagerValve.java:180)
	at org.apache.catalina.valves.TestCrawlerSessionManagerValve.testCrawlerIpsPositive(TestCrawlerSessionManagerValve.java:62)
	at java.base/jdk.internal.reflect.DirectMethodHandleAccessor.invoke(DirectMethodHandleAccessor.java:103)
	at java.base/java.lang.reflect.Method.invoke(Method.java:580)
	at org.junit.runners.model.FrameworkMethod$1.runReflectiveCall(FrameworkMethod.java:50)
	at org.junit.internal.runners.model.ReflectiveCallable.run(ReflectiveCallable.java:12)
	at org.junit.runners.model.FrameworkMethod.invokeExplosively(FrameworkMethod.java:47)
	at org.junit.internal.runners.statements.InvokeMethod.evaluate(InvokeMethod.java:17)
	at org.junit.runners.ParentRunner.runLeaf(ParentRunner.java:325)
	at org.junit.runners.BlockJUnit4ClassRunner.runChild(BlockJUnit4ClassRunner.java:78)
	at org.junit.runners.BlockJUnit4ClassRunner.runChild(BlockJUnit4ClassRunner.java:57)
	... 16 more
</error>
  </testcase>
  <testcase classname="org.apache.catalina.valves.TestLoadBalancerDrainingValve" name="runValve[63: activation[DIS], validSessionID[false], expectInvokeNext[false], enableIgnore[false], queryString[foo=bar]]" time="0">
    <error message="Could not initialize class org.easymock.internal.ClassProxyFactory$2" type="java.lang.NoClassDefFoundError">java.lang.NoClassDefFoundError: Could not initialize class org.easymock.internal.ClassProxyFactory$2
	at org.easymock.internal.ClassProxyFactory.createEnhancer(ClassProxyFactory.java:235)
	at org.easymock.internal.ClassProxyFactory.createProxy(ClassProxyFactory.java:163)
	at org.easymock.internal.MocksControl.createMock(MocksControl.java:116)
	at org.easymock.internal.MocksControl.createMock(MocksControl.java:95)
	at org.apache.catalina.valves.TestLoadBalancerDrainingValve.runValve(TestLoadBalancerDrainingValve.java:103)
	at java.base/jdk.internal.reflect.DirectMethodHandleAccessor.invoke(DirectMethodHandleAccessor.java:103)
	at java.base/java.lang.reflect.Method.invoke(Method.java:580)
	at org.junit.runners.model.FrameworkMethod$1.runReflectiveCall(FrameworkMethod.java:50)
	at org.junit.internal.runners.model.ReflectiveCallable.run(ReflectiveCallable.java:12)
	at org.junit.runners.model.FrameworkMethod.invokeExplosively(FrameworkMethod.java:47)
	at org.junit.internal.runners.statements.InvokeMethod.evaluate(InvokeMethod.java:17)
	at org.junit.runners.ParentRunner.runLeaf(ParentRunner.java:325)
	at org.junit.runners.BlockJUnit4ClassRunner.runChild(BlockJUnit4ClassRunner.java:78)
	at org.junit.runners.BlockJUnit4ClassRunner.runChild(BlockJUnit4ClassRunner.java:57)
	at org.junit.runners.ParentRunner$3.run(ParentRunner.java:290)
	at org.junit.runners.ParentRunner$1.schedule(ParentRunner.java:71)
	at org.junit.runners.ParentRunner.runChildren(ParentRunner.java:288)
	at org.junit.runners.ParentRunner.access$000(ParentRunner.java:58)
	at org.junit.runners.ParentRunner$2.evaluate(ParentRunner.java:268)
	at org.junit.runners.ParentRunner.run(ParentRunner.java:363)
	at org.junit.runners.Suite.runChild(Suite.java:128)
	at org.junit.runners.Suite.runChild(Suite.java:27)
	at org.junit.runners.ParentRunner$3.run(ParentRunner.java:290)
	at org.junit.runners.ParentRunner$1.schedule(ParentRunner.java:71)
	at org.junit.runners.ParentRunner.runChildren(ParentRunner.java:288)
	at org.junit.runners.ParentRunner.access$000(ParentRunner.java:58)
	at org.junit.runners.ParentRunner$2.evaluate(ParentRunner.java:268)
	at org.junit.runners.ParentRunner.run(ParentRunner.java:363)
	at org.apache.maven.surefire.junit4.JUnit4Provider.execute(JUnit4Provider.java:252)
	at org.apache.maven.surefire.junit4.JUnit4Provider.executeTestSet(JUnit4Provider.java:141)
	at org.apache.maven.surefire.junit4.JUnit4Provider.invoke(JUnit4Provider.java:112)
	at java.base/jdk.internal.reflect.DirectMethodHandleAccessor.invoke(DirectMethodHandleAccessor.java:103)
	at java.base/java.lang.reflect.Method.invoke(Method.java:580)
	at org.apache.maven.surefire.util.ReflectionUtils.invokeMethodWithArray(ReflectionUtils.java:189)
	at org.apache.maven.surefire.booter.ProviderFactory$ProviderProxy.invoke(ProviderFactory.java:165)
	at org.apache.maven.surefire.booter.ProviderFactory.invokeProvider(ProviderFactory.java:85)
	at org.apache.maven.surefire.booter.ForkedBooter.runSuitesInProcess(ForkedBooter.java:115)
	at org.apache.maven.surefire.booter.ForkedBooter.main(ForkedBooter.java:75)
Caused by: java.lang.ExceptionInInitializerError: Exception java.lang.ExceptionInInitializerError [in thread &quot;main&quot;]
	at org.easymock.internal.ClassProxyFactory.createEnhancer(ClassProxyFactory.java:235)
	at org.easymock.internal.ClassProxyFactory.createProxy(ClassProxyFactory.java:163)
	at org.easymock.internal.MocksControl.createMock(MocksControl.java:116)
	at org.easymock.internal.MocksControl.createMock(MocksControl.java:95)
	at org.easymock.EasyMock.mock(EasyMock.java:69)
	at org.easymock.EasyMock.createMock(EasyMock.java:311)
	at org.apache.catalina.valves.TestCrawlerSessionManagerValve.createRequestExpectations(TestCrawlerSessionManagerValve.java:185)
	at org.apache.catalina.valves.TestCrawlerSessionManagerValve.createRequestExpectations(TestCrawlerSessionManagerValve.java:180)
	at org.apache.catalina.valves.TestCrawlerSessionManagerValve.testCrawlerIpsPositive(TestCrawlerSessionManagerValve.java:62)
	at java.base/jdk.internal.reflect.DirectMethodHandleAccessor.invoke(DirectMethodHandleAccessor.java:103)
	at java.base/java.lang.reflect.Method.invoke(Method.java:580)
	at org.junit.runners.model.FrameworkMethod$1.runReflectiveCall(FrameworkMethod.java:50)
	at org.junit.internal.runners.model.ReflectiveCallable.run(ReflectiveCallable.java:12)
	at org.junit.runners.model.FrameworkMethod.invokeExplosively(FrameworkMethod.java:47)
	at org.junit.internal.runners.statements.InvokeMethod.evaluate(InvokeMethod.java:17)
	at org.junit.runners.ParentRunner.runLeaf(ParentRunner.java:325)
	at org.junit.runners.BlockJUnit4ClassRunner.runChild(BlockJUnit4ClassRunner.java:78)
	at org.junit.runners.BlockJUnit4ClassRunner.runChild(BlockJUnit4ClassRunner.java:57)
	... 16 more
</error>
  </testcase>
</testsuite>