<?xml version="1.0" encoding="UTF-8" ?>
<testsuite tests="82" failures="0" name="org.apache.catalina.valves.TestAccessLogValve" time="0.375" errors="0" skipped="0">
  <properties>
[...]
</properties>
  <testcase classname="org.apache.catalina.valves.TestAccessLogValve" name="test[0: Name[pct-a], Type[text]]" time="0.008"/>
  <testcase classname="org.apache.catalina.valves.TestAccessLogValve" name="test[1: Name[pct-a], Type[json]]" time="0.008"/>
  <testcase classname="org.apache.catalina.valves.TestAccessLogValve" name="test[2: Name[pct-A], Type[text]]" time="0.031"/>
  <testcase classname="org.apache.catalina.valves.TestAccessLogValve" name="test[3: Name[pct-A], Type[json]]" time="0.004"/>
  <testcase classname="org.apache.catalina.valves.TestAccessLogValve" name="test[4: Name[pct-b], Type[text]]" time="0.004"/>
  <testcase classname="org.apache.catalina.valves.TestAccessLogValve" name="test[5: Name[pct-b], Type[json]]" time="0.003"/>
  <testcase classname="org.apache.catalina.valves.TestAccessLogValve" name="test[6: Name[pct-B], Type[text]]" time="0.005"/>
  <testcase classname="org.apache.catalina.valves.TestAccessLogValve" name="test[7: Name[pct-B], Type[json]]" time="0.004"/>
  <testcase classname="org.apache.catalina.valves.TestAccessLogValve" name="test[8: Name[pct-D], Type[text]]" time="0.003"/>
  <testcase classname="org.apache.catalina.valves.TestAccessLogValve" name="test[9: Name[pct-D], Type[json]]" time="0.003"/>
  <testcase classname="org.apache.catalina.valves.TestAccessLogValve" name="test[10: Name[pct-F], Type[text]]" time="0.004"/>
  <testcase classname="org.apache.catalina.valves.TestAccessLogValve" name="test[11: Name[pct-F], Type[json]]" time="0.003"/>
  <testcase classname="org.apache.catalina.valves.TestAccessLogValve" name="test[12: Name[pct-h], Type[text]]" time="0.004"/>
  <testcase classname="org.apache.catalina.valves.TestAccessLogValve" name="test[13: Name[pct-h], Type[json]]" time="0.004"/>
  <testcase classname="org.apache.catalina.valves.TestAccessLogValve" name="test[14: Name[pct-H], Type[text]]" time="0.003"/>
  <testcase classname="org.apache.catalina.valves.TestAccessLogValve" name="test[15: Name[pct-H], Type[json]]" time="0.003"/>
  <testcase classname="org.apache.catalina.valves.TestAccessLogValve" name="test[16: Name[pct-I], Type[text]]" time="0.004"/>
  <testcase classname="org.apache.catalina.valves.TestAccessLogValve" name="test[17: Name[pct-I], Type[json]]" time="0.004"/>
  <testcase classname="org.apache.catalina.valves.TestAccessLogValve" name="test[18: Name[pct-l], Type[text]]" time="0.003"/>
  <testcase classname="org.apache.catalina.valves.TestAccessLogValve" name="test[19: Name[pct-l], Type[json]]" time="0.003"/>
  <testcase classname="org.apache.catalina.valves.TestAccessLogValve" name="test[20: Name[pct-m], Type[text]]" time="0.003"/>
  <testcase classname="org.apache.catalina.valves.TestAccessLogValve" name="test[21: Name[pct-m], Type[json]]" time="0.003"/>
  <testcase classname="org.apache.catalina.valves.TestAccessLogValve" name="test[22: Name[pct-p], Type[text]]" time="0.004"/>
  <testcase classname="org.apache.catalina.valves.TestAccessLogValve" name="test[23: Name[pct-p], Type[json]]" time="0.004"/>
  <testcase classname="org.apache.catalina.valves.TestAccessLogValve" name="test[24: Name[pct-q], Type[text]]" time="0.003"/>
  <testcase classname="org.apache.catalina.valves.TestAccessLogValve" name="test[25: Name[pct-q], Type[json]]" time="0.003"/>
  <testcase classname="org.apache.catalina.valves.TestAccessLogValve" name="test[26: Name[pct-r], Type[text]]" time="0.004"/>
  <testcase classname="org.apache.catalina.valves.TestAccessLogValve" name="test[27: Name[pct-r], Type[json]]" time="0.004"/>
  <testcase classname="org.apache.catalina.valves.TestAccessLogValve" name="test[28: Name[pct-s], Type[text]]" time="0.003"/>
  <testcase classname="org.apache.catalina.valves.TestAccessLogValve" name="test[29: Name[pct-s], Type[json]]" time="0.003"/>
  <testcase classname="org.apache.catalina.valves.TestAccessLogValve" name="test[30: Name[pct-S], Type[text]]" time="0.004"/>
  <testcase classname="org.apache.catalina.valves.TestAccessLogValve" name="test[31: Name[pct-S], Type[json]]" time="0.006"/>
  <testcase classname="org.apache.catalina.valves.TestAccessLogValve" name="test[32: Name[pct-t], Type[text]]" time="0.008"/>
  <testcase classname="org.apache.catalina.valves.TestAccessLogValve" name="test[33: Name[pct-t], Type[json]]" time="0.004"/>
  <testcase classname="org.apache.catalina.valves.TestAccessLogValve" name="test[34: Name[pct-T], Type[text]]" time="0.004"/>
  <testcase classname="org.apache.catalina.valves.TestAccessLogValve" name="test[35: Name[pct-T], Type[json]]" time="0.004"/>
  <testcase classname="org.apache.catalina.valves.TestAccessLogValve" name="test[36: Name[pct-u], Type[text]]" time="0.004"/>
  <testcase classname="org.apache.catalina.valves.TestAccessLogValve" name="test[37: Name[pct-u], Type[json]]" time="0.004"/>
  <testcase classname="org.apache.catalina.valves.TestAccessLogValve" name="test[38: Name[pct-U], Type[text]]" time="0.006"/>
  <testcase classname="org.apache.catalina.valves.TestAccessLogValve" name="test[39: Name[pct-U], Type[json]]" time="0.004"/>
  <testcase classname="org.apache.catalina.valves.TestAccessLogValve" name="test[40: Name[pct-v], Type[text]]" time="0.004"/>
  <testcase classname="org.apache.catalina.valves.TestAccessLogValve" name="test[41: Name[pct-v], Type[json]]" time="0.004"/>
  <testcase classname="org.apache.catalina.valves.TestAccessLogValve" name="test[42: Name[pct-X], Type[text]]" time="0.006"/>
  <testcase classname="org.apache.catalina.valves.TestAccessLogValve" name="test[43: Name[pct-X], Type[json]]" time="0.004"/>
  <testcase classname="org.apache.catalina.valves.TestAccessLogValve" name="test[44: Name[pct-a-remote], Type[text]]" time="0.004"/>
  <testcase classname="org.apache.catalina.valves.TestAccessLogValve" name="test[45: Name[pct-a-remote], Type[json]]" time="0.004"/>
  <testcase classname="org.apache.catalina.valves.TestAccessLogValve" name="test[46: Name[pct-a-peer], Type[text]]" time="0.004"/>
  <testcase classname="org.apache.catalina.valves.TestAccessLogValve" name="test[47: Name[pct-a-peer], Type[json]]" time="0.004"/>
  <testcase classname="org.apache.catalina.valves.TestAccessLogValve" name="test[48: Name[pct-p-local], Type[text]]" time="0.003"/>
  <testcase classname="org.apache.catalina.valves.TestAccessLogValve" name="test[49: Name[pct-p-local], Type[json]]" time="0.005"/>
  <testcase classname="org.apache.catalina.valves.TestAccessLogValve" name="test[50: Name[pct-p-remote], Type[text]]" time="0.004"/>
  <testcase classname="org.apache.catalina.valves.TestAccessLogValve" name="test[51: Name[pct-p-remote], Type[json]]" time="0.004"/>
  <testcase classname="org.apache.catalina.valves.TestAccessLogValve" name="test[52: Name[pct-t-sec], Type[text]]" time="0.003"/>
  <testcase classname="org.apache.catalina.valves.TestAccessLogValve" name="test[53: Name[pct-t-sec], Type[json]]" time="0.005"/>
  <testcase classname="org.apache.catalina.valves.TestAccessLogValve" name="test[54: Name[pct-t-msec], Type[text]]" time="0.003"/>
  <testcase classname="org.apache.catalina.valves.TestAccessLogValve" name="test[55: Name[pct-t-msec], Type[json]]" time="0.004"/>
  <testcase classname="org.apache.catalina.valves.TestAccessLogValve" name="test[56: Name[pct-t-msec_frac], Type[text]]" time="0.004"/>
  <testcase classname="org.apache.catalina.valves.TestAccessLogValve" name="test[57: Name[pct-t-msec_frac], Type[json]]" time="0.004"/>
  <testcase classname="org.apache.catalina.valves.TestAccessLogValve" name="test[58: Name[pct-t-begin:sec], Type[text]]" time="0.004"/>
  <testcase classname="org.apache.catalina.valves.TestAccessLogValve" name="test[59: Name[pct-t-begin:sec], Type[json]]" time="0.004"/>
  <testcase classname="org.apache.catalina.valves.TestAccessLogValve" name="test[60: Name[pct-t-end:sec], Type[text]]" time="0.003"/>
  <testcase classname="org.apache.catalina.valves.TestAccessLogValve" name="test[61: Name[pct-t-end:sec], Type[json]]" time="0.004"/>
  <testcase classname="org.apache.catalina.valves.TestAccessLogValve" name="test[62: Name[pct-t-begin:umlaut_time_S], Type[text]]" time="0.007"/>
  <testcase classname="org.apache.catalina.valves.TestAccessLogValve" name="test[63: Name[pct-t-begin:umlaut_time_S], Type[json]]" time="0.004"/>
  <testcase classname="org.apache.catalina.valves.TestAccessLogValve" name="test[64: Name[common], Type[text]]" time="0.003"/>
  <testcase classname="org.apache.catalina.valves.TestAccessLogValve" name="test[65: Name[common], Type[json]]" time="0.004"/>
  <testcase classname="org.apache.catalina.valves.TestAccessLogValve" name="test[66: Name[combined], Type[text]]" time="0.004"/>
  <testcase classname="org.apache.catalina.valves.TestAccessLogValve" name="test[67: Name[combined], Type[json]]" time="0.005"/>
  <testcase classname="org.apache.catalina.valves.TestAccessLogValve" name="test[68: Name[verbatim-text], Type[text]]" time="0.003"/>
  <testcase classname="org.apache.catalina.valves.TestAccessLogValve" name="test[69: Name[verbatim-text], Type[json]]" time="0.004"/>
  <testcase classname="org.apache.catalina.valves.TestAccessLogValve" name="test[70: Name[merged-cookies], Type[text]]" time="0.004"/>
  <testcase classname="org.apache.catalina.valves.TestAccessLogValve" name="test[71: Name[merged-cookies], Type[json]]" time="0.007"/>
  <testcase classname="org.apache.catalina.valves.TestAccessLogValve" name="test[72: Name[cookie], Type[text]]" time="0.007"/>
  <testcase classname="org.apache.catalina.valves.TestAccessLogValve" name="test[73: Name[cookie], Type[json]]" time="0.004"/>
  <testcase classname="org.apache.catalina.valves.TestAccessLogValve" name="test[74: Name[request-header], Type[text]]" time="0.004"/>
  <testcase classname="org.apache.catalina.valves.TestAccessLogValve" name="test[75: Name[request-header], Type[json]]" time="0.004"/>
  <testcase classname="org.apache.catalina.valves.TestAccessLogValve" name="test[76: Name[response-header], Type[text]]" time="0.004"/>
  <testcase classname="org.apache.catalina.valves.TestAccessLogValve" name="test[77: Name[response-header], Type[json]]" time="0.004"/>
  <testcase classname="org.apache.catalina.valves.TestAccessLogValve" name="test[78: Name[request-attribute], Type[text]]" time="0.004"/>
  <testcase classname="org.apache.catalina.valves.TestAccessLogValve" name="test[79: Name[request-attribute], Type[json]]" time="0.003"/>
  <testcase classname="org.apache.catalina.valves.TestAccessLogValve" name="test[80: Name[session-attribute], Type[text]]" time="0.004"/>
  <testcase classname="org.apache.catalina.valves.TestAccessLogValve" name="test[81: Name[session-attribute], Type[json]]" time="0.014"/>
</testsuite>